2024-12-27 15:47:40,523 - INFO - Iniciando rastreador combinado GPS + BLE
2024-12-27 15:47:40,533 - INFO - GPS conectado en COM29
2024-12-27 15:47:40,534 - INFO - Iniciando captura por 10 segundos
2024-12-27 15:47:40,534 - INFO - === Iniciando recepción de buffers combinados ===
2024-12-27 15:47:45,929 - INFO - 
├─ Secuencia: #116
├─ Dispositivos: 14 (AB:DE:D3:79:BD:54(RSSI:-87dB), 9E:71:8C:FC:E6:CC(RSSI:-64dB), 9C:BB:E4:B6:6F:4D(RSSI:-76dB), ... +11 más)
├─ Anuncios raw: 138
└─ GPS: ✓
   └─ Pos: 37.686856, -0.957381 (18.34 knots)
2024-12-27 15:47:52,936 - INFO - 
├─ Secuencia: #117
├─ Dispositivos: 16 (D6:BB:9F:1E:60:F7(RSSI:-90dB), AB:DE:D3:79:BD:54(RSSI:-91dB), 9E:71:8C:FC:E6:CC(RSSI:-73dB), ... +13 más)
├─ Anuncios raw: 169
└─ GPS: ✓
   └─ Pos: 37.686856, -0.957381 (18.34 knots)
2024-12-27 15:47:52,969 - INFO - Tiempo de ejecución (10s) completado
2024-12-27 15:47:52,969 - INFO - Total de buffers procesados: 2
2024-12-27 15:47:52,975 - INFO - Conexión GPS cerrada
2024-12-27 15:47:52,976 - INFO - Conexión MongoDB cerrada
