2024-12-27 15:00:02,981 - INFO - Iniciando rastreador combinado GPS + BLE
2024-12-27 15:00:02,992 - INFO - GPS conectado en COM27
2024-12-27 15:00:02,993 - INFO - Iniciando captura indefinida
2024-12-27 15:00:02,993 - INFO - === Iniciando recepción de buffers combinados ===
2024-12-27 15:00:07,814 - INFO - 
├─ Secuencia: #237
├─ Dispositivos: 24 (09:80:01:DD:72:AC(RSSI:-87dB), C8:A6:B6:9E:E8:1C(RSSI:-92dB), C9:75:D6:BC:BD:78(RSSI:-89dB), ... +21 más)
├─ Anuncios raw: 207
└─ GPS: ✓
   └─ Pos: 37.605632, -0.977989 (0.10 knots)
2024-12-27 15:00:14,788 - INFO - 
├─ Secuencia: #238
├─ Dispositivos: 17 (09:80:01:DD:72:AC(RSSI:-88dB), C8:A6:B6:9E:E8:1C(RSSI:-92dB), C9:75:D6:BC:BD:78(RSSI:-87dB), ... +14 más)
├─ Anuncios raw: 133
└─ GPS: ✓
   └─ Pos: 37.605632, -0.977989 (0.10 knots)
2024-12-27 15:00:21,792 - INFO - 
├─ Secuencia: #239
├─ Dispositivos: 18 (09:80:01:DD:72:AC(RSSI:-90dB), C9:75:D6:BC:BD:78(RSSI:-86dB), C8:A6:B6:9E:E8:1C(RSSI:-91dB), ... +15 más)
├─ Anuncios raw: 139
└─ GPS: ✓
   └─ Pos: 37.605632, -0.977989 (0.10 knots)
2024-12-27 15:00:28,820 - INFO - 
├─ Secuencia: #240
├─ Dispositivos: 26 (0B:B9:17:17:50:7F(RSSI:-88dB), 09:80:01:DD:72:AC(RSSI:-86dB), C8:A6:B6:9E:E8:1C(RSSI:-91dB), ... +23 más)
├─ Anuncios raw: 311
└─ GPS: ✓
   └─ Pos: 37.605632, -0.977989 (0.10 knots)
2024-12-27 15:00:35,795 - INFO - 
├─ Secuencia: #241
├─ Dispositivos: 19 (0B:B9:17:17:50:7F(RSSI:-89dB), 09:80:01:DD:72:AC(RSSI:-84dB), C8:A6:B6:9E:E8:1C(RSSI:-89dB), ... +16 más)
├─ Anuncios raw: 304
└─ GPS: ✓
   └─ Pos: 37.605632, -0.977989 (0.10 knots)
2024-12-27 15:00:42,812 - INFO - 
├─ Secuencia: #242
├─ Dispositivos: 24 (0B:B9:17:17:50:7F(RSSI:-91dB), C9:75:D6:BC:BD:78(RSSI:-84dB), C8:A6:B6:9E:E8:1C(RSSI:-89dB), ... +21 más)
├─ Anuncios raw: 316
└─ GPS: ✓
   └─ Pos: 37.605632, -0.977989 (0.10 knots)
2024-12-27 15:00:49,806 - INFO - 
├─ Secuencia: #243
├─ Dispositivos: 22 (0B:B9:17:17:50:7F(RSSI:-88dB), C9:75:D6:BC:BD:78(RSSI:-87dB), C8:A6:B6:9E:E8:1C(RSSI:-88dB), ... +19 más)
├─ Anuncios raw: 296
└─ GPS: ✓
   └─ Pos: 37.605632, -0.977989 (0.10 knots)
2024-12-27 15:00:56,806 - INFO - 
├─ Secuencia: #244
├─ Dispositivos: 22 (09:80:01:DD:72:AC(RSSI:-88dB), C8:A6:B6:9E:E8:1C(RSSI:-88dB), C9:75:D6:BC:BD:78(RSSI:-82dB), ... +19 más)
├─ Anuncios raw: 285
└─ GPS: ✓
   └─ Pos: 37.605634, -0.977988 (0.07 knots)
2024-12-27 15:01:03,807 - INFO - 
├─ Secuencia: #245
├─ Dispositivos: 22 (0B:B9:17:17:50:7F(RSSI:-90dB), C9:75:D6:BC:BD:78(RSSI:-85dB), C8:A6:B6:9E:E8:1C(RSSI:-88dB), ... +19 más)
├─ Anuncios raw: 279
└─ GPS: ✓
   └─ Pos: 37.605634, -0.977988 (0.07 knots)
2024-12-27 15:01:10,815 - INFO - 
├─ Secuencia: #246
├─ Dispositivos: 24 (0B:B9:17:17:50:7F(RSSI:-89dB), C9:75:D6:BC:BD:78(RSSI:-82dB), C8:A6:B6:9E:E8:1C(RSSI:-89dB), ... +21 más)
├─ Anuncios raw: 287
└─ GPS: ✓
   └─ Pos: 37.605634, -0.977988 (0.07 knots)
2024-12-27 15:01:17,810 - INFO - 
├─ Secuencia: #247
├─ Dispositivos: 23 (09:80:01:DD:72:AC(RSSI:-90dB), C8:A6:B6:9E:E8:1C(RSSI:-90dB), C9:75:D6:BC:BD:78(RSSI:-87dB), ... +20 más)
├─ Anuncios raw: 261
└─ GPS: ✓
   └─ Pos: 37.605634, -0.977988 (0.07 knots)
2024-12-27 15:01:24,823 - INFO - 
├─ Secuencia: #248
├─ Dispositivos: 27 (0B:B9:17:17:50:7F(RSSI:-88dB), C9:75:D6:BC:BD:78(RSSI:-81dB), C8:A6:B6:9E:E8:1C(RSSI:-86dB), ... +24 más)
├─ Anuncios raw: 221
└─ GPS: ✓
   └─ Pos: 37.605635, -0.977988 (0.09 knots)
2024-12-27 15:01:31,796 - INFO - 
├─ Secuencia: #249
├─ Dispositivos: 19 (09:80:01:DD:72:AC(RSSI:-89dB), C8:A6:B6:9E:E8:1C(RSSI:-89dB), 67:EE:6C:D6:3A:54(RSSI:-90dB), ... +16 más)
├─ Anuncios raw: 162
└─ GPS: ✓
   └─ Pos: 37.605635, -0.977988 (0.09 knots)
2024-12-27 15:01:38,855 - INFO - 
├─ Secuencia: #250
├─ Dispositivos: 35 (0B:B9:17:17:50:7F(RSSI:-88dB), 09:80:01:DD:72:AC(RSSI:-90dB), C8:A6:B6:9E:E8:1C(RSSI:-89dB), ... +32 más)
├─ Anuncios raw: 250
└─ GPS: ✓
   └─ Pos: 37.605635, -0.977988 (0.09 knots)
2024-12-27 15:01:45,870 - INFO - 
├─ Secuencia: #251
├─ Dispositivos: 39 (0B:B9:17:17:50:7F(RSSI:-89dB), 11:23:1F:5D:6E:64(RSSI:-87dB), C9:75:D6:BC:BD:78(RSSI:-87dB), ... +36 más)
├─ Anuncios raw: 305
└─ GPS: ✓
   └─ Pos: 37.605637, -0.977988 (0.07 knots)
2024-12-27 15:01:52,841 - INFO - 
├─ Secuencia: #252
├─ Dispositivos: 31 (0B:B9:17:17:50:7F(RSSI:-86dB), C9:75:D6:BC:BD:78(RSSI:-84dB), C8:A6:B6:9E:E8:1C(RSSI:-92dB), ... +28 más)
├─ Anuncios raw: 283
└─ GPS: ✓
   └─ Pos: 37.605637, -0.977988 (0.07 knots)
2024-12-27 15:01:59,877 - INFO - 
├─ Secuencia: #253
├─ Dispositivos: 41 (19:D2:F0:38:D1:DB(RSSI:-85dB), 0B:B9:17:17:50:7F(RSSI:-87dB), 67:EE:6C:D6:3A:54(RSSI:-91dB), ... +38 más)
├─ Anuncios raw: 393
└─ GPS: ✓
   └─ Pos: 37.605637, -0.977988 (0.07 knots)
2024-12-27 15:02:06,825 - INFO - 
├─ Secuencia: #254
├─ Dispositivos: 27 (09:80:01:DD:72:AC(RSSI:-87dB), 67:EE:6C:D6:3A:54(RSSI:-87dB), C9:75:D6:BC:BD:78(RSSI:-85dB), ... +24 más)
├─ Anuncios raw: 247
└─ GPS: ✓
   └─ Pos: 37.605637, -0.977988 (0.07 knots)
2024-12-27 15:02:13,824 - INFO - 
├─ Secuencia: #255
├─ Dispositivos: 27 (0B:B9:17:17:50:7F(RSSI:-85dB), 1C:5D:18:B0:1C:64(RSSI:-89dB), 5D:83:E6:A4:6E:CC(RSSI:-90dB), ... +24 más)
├─ Anuncios raw: 234
└─ GPS: ✓
   └─ Pos: 37.605638, -0.977988 (0.08 knots)
2024-12-27 15:02:20,836 - INFO - 
├─ Secuencia: #0
├─ Dispositivos: 30 (FF:00:F8:AE:52:2B(RSSI:-87dB), B7:84:EC:E1:F3:47(RSSI:-80dB), 09:80:01:DD:72:AC(RSSI:-90dB), ... +27 más)
├─ Anuncios raw: 239
└─ GPS: ✓
   └─ Pos: 37.605638, -0.977988 (0.08 knots)
2024-12-27 15:02:27,846 - INFO - 
├─ Secuencia: #1
├─ Dispositivos: 33 (45:4C:5A:F8:1C:61(RSSI:-83dB), 3E:5D:D4:26:C8:E3(RSSI:-86dB), B7:84:EC:E1:F3:47(RSSI:-84dB), ... +30 más)
├─ Anuncios raw: 218
└─ GPS: ✓
   └─ Pos: 37.605638, -0.977988 (0.08 knots)
2024-12-27 15:02:34,845 - INFO - 
├─ Secuencia: #2
├─ Dispositivos: 32 (1C:5D:18:B0:1C:64(RSSI:-91dB), 0B:B9:17:17:50:7F(RSSI:-91dB), 5D:83:E6:A4:6E:CC(RSSI:-89dB), ... +29 más)
├─ Anuncios raw: 206
└─ GPS: ✓
   └─ Pos: 37.605640, -0.977989 (0.04 knots)
2024-12-27 15:02:41,829 - INFO - 
├─ Secuencia: #3
├─ Dispositivos: 28 (1C:5D:18:B0:1C:64(RSSI:-90dB), 5C:A7:5E:0E:1D:16(RSSI:-88dB), B4:9B:C0:AF:36:CD(RSSI:-79dB), ... +25 más)
├─ Anuncios raw: 174
└─ GPS: ✓
   └─ Pos: 37.605640, -0.977989 (0.04 knots)
2024-12-27 15:02:48,845 - INFO - 
├─ Secuencia: #4
├─ Dispositivos: 32 (1C:5D:18:B0:1C:64(RSSI:-83dB), 5D:83:E6:A4:6E:CC(RSSI:-91dB), C9:75:D6:BC:BD:78(RSSI:-83dB), ... +29 más)
├─ Anuncios raw: 130
└─ GPS: ✓
   └─ Pos: 37.605640, -0.977989 (0.04 knots)
2024-12-27 15:02:55,848 - INFO - 
├─ Secuencia: #5
├─ Dispositivos: 33 (1C:5D:18:B0:1C:64(RSSI:-81dB), 5C:A7:5E:0E:1D:16(RSSI:-89dB), FF:00:F8:AE:52:2B(RSSI:-94dB), ... +30 más)
├─ Anuncios raw: 137
└─ GPS: ✓
   └─ Pos: 37.605640, -0.977989 (0.04 knots)
2024-12-27 15:03:02,839 - INFO - 
├─ Secuencia: #6
├─ Dispositivos: 31 (B9:1D:28:F4:36:F8(RSSI:-86dB), 1C:5D:18:B0:1C:64(RSSI:-88dB), 5D:83:E6:A4:6E:CC(RSSI:-92dB), ... +28 más)
├─ Anuncios raw: 156
└─ GPS: ✓
   └─ Pos: 37.605641, -0.977990 (0.06 knots)
2024-12-27 15:03:09,852 - INFO - 
├─ Secuencia: #7
├─ Dispositivos: 34 (B9:1D:28:F4:36:F8(RSSI:-87dB), 1C:5D:18:B0:1C:64(RSSI:-90dB), B4:9B:C0:AF:36:CD(RSSI:-74dB), ... +31 más)
├─ Anuncios raw: 182
└─ GPS: ✓
   └─ Pos: 37.605641, -0.977990 (0.06 knots)
2024-12-27 15:03:16,863 - INFO - 
├─ Secuencia: #8
├─ Dispositivos: 37 (B9:1D:28:F4:36:F8(RSSI:-89dB), B4:9B:C0:AF:36:CD(RSSI:-85dB), 1C:5D:18:B0:1C:64(RSSI:-92dB), ... +34 más)
├─ Anuncios raw: 183
└─ GPS: ✓
   └─ Pos: 37.605641, -0.977990 (0.06 knots)
2024-12-27 15:03:23,912 - INFO - 
├─ Secuencia: #9
├─ Dispositivos: 50 (DF:06:73:2D:36:40(RSSI:-92dB), 1C:5D:18:B0:1C:64(RSSI:-91dB), 09:F8:EB:D7:C1:5C(RSSI:-87dB), ... +47 más)
├─ Anuncios raw: 296
└─ GPS: ✓
   └─ Pos: 37.605642, -0.977991 (0.04 knots)
2024-12-27 15:03:30,898 - INFO - 
├─ Secuencia: #10
├─ Dispositivos: 46 (09:F8:EB:D7:C1:5C(RSSI:-87dB), 04:C4:1C:AA:CD:7F(RSSI:-88dB), B3:23:7D:D5:2A:70(RSSI:-91dB), ... +43 más)
├─ Anuncios raw: 284
└─ GPS: ✓
   └─ Pos: 37.605642, -0.977991 (0.04 knots)
2024-12-27 15:03:37,846 - INFO - 
├─ Secuencia: #11
├─ Dispositivos: 33 (09:F8:EB:D7:C1:5C(RSSI:-89dB), EF:E9:75:3B:0B:4F(RSSI:-88dB), B0:C9:C2:95:3F:54(RSSI:-85dB), ... +30 más)
├─ Anuncios raw: 179
└─ GPS: ✓
   └─ Pos: 37.605642, -0.977991 (0.04 knots)
2024-12-27 15:03:44,823 - INFO - 
├─ Secuencia: #12
├─ Dispositivos: 26 (09:F8:EB:D7:C1:5C(RSSI:-88dB), EF:E9:75:3B:0B:4F(RSSI:-90dB), B0:C9:C2:95:3F:54(RSSI:-90dB), ... +23 más)
├─ Anuncios raw: 130
└─ GPS: ✓
   └─ Pos: 37.605642, -0.977991 (0.04 knots)
2024-12-27 15:03:51,796 - INFO - 
├─ Secuencia: #13
├─ Dispositivos: 19 (EF:E9:75:3B:0B:4F(RSSI:-92dB), B3:EF:28:6A:12:63(RSSI:-89dB), 4C:B1:A0:A1:B0:1F(RSSI:-88dB), ... +16 más)
├─ Anuncios raw: 93
└─ GPS: ✓
   └─ Pos: 37.605643, -0.977991 (0.04 knots)
2024-12-27 15:03:58,793 - INFO - 
├─ Secuencia: #14
├─ Dispositivos: 18 (B3:EF:28:6A:12:63(RSSI:-89dB), 4C:B1:A0:A1:B0:1F(RSSI:-89dB), C8:DD:8C:EC:03:4E(RSSI:-91dB), ... +15 más)
├─ Anuncios raw: 75
└─ GPS: ✓
   └─ Pos: 37.605643, -0.977991 (0.04 knots)
2024-12-27 15:04:05,813 - INFO - 
├─ Secuencia: #15
├─ Dispositivos: 24 (23:16:75:F1:F7:CA(RSSI:-87dB), EF:E9:75:3B:0B:4F(RSSI:-90dB), 81:61:52:22:61:CB(RSSI:-81dB), ... +21 más)
├─ Anuncios raw: 128
└─ GPS: ✓
   └─ Pos: 37.605643, -0.977991 (0.04 knots)
2024-12-27 15:04:12,818 - INFO - 
├─ Secuencia: #16
├─ Dispositivos: 25 (EF:E9:75:3B:0B:4F(RSSI:-89dB), 81:61:52:22:61:CB(RSSI:-80dB), C6:C8:58:B8:84:E5(RSSI:-91dB), ... +22 más)
├─ Anuncios raw: 184
└─ GPS: ✓
   └─ Pos: 37.605644, -0.977992 (0.07 knots)
2024-12-27 15:04:19,813 - INFO - 
├─ Secuencia: #17
├─ Dispositivos: 23 (81:61:52:22:61:CB(RSSI:-64dB), 07:12:0C:1C:97:EB(RSSI:-92dB), 43:E6:53:77:FB:79(RSSI:-90dB), ... +20 más)
├─ Anuncios raw: 136
└─ GPS: ✓
   └─ Pos: 37.605644, -0.977992 (0.07 knots)
2024-12-27 15:04:26,810 - INFO - 
├─ Secuencia: #18
├─ Dispositivos: 22 (81:61:52:22:61:CB(RSSI:-68dB), B3:EF:28:6A:12:63(RSSI:-77dB), 4C:B1:A0:A1:B0:1F(RSSI:-90dB), ... +19 más)
├─ Anuncios raw: 112
└─ GPS: ✓
   └─ Pos: 37.605644, -0.977992 (0.07 knots)
2024-12-27 15:04:33,812 - INFO - 
├─ Secuencia: #19
├─ Dispositivos: 23 (9F:C6:D1:AC:89:76(RSSI:-89dB), 81:61:52:22:61:CB(RSSI:-73dB), 42:FF:F6:DB:AB:66(RSSI:-86dB), ... +20 más)
├─ Anuncios raw: 212
└─ GPS: ✓
   └─ Pos: 37.605644, -0.977992 (0.07 knots)
2024-12-27 15:04:40,828 - INFO - 
├─ Secuencia: #20
├─ Dispositivos: 28 (A2:18:2A:74:D7:31(RSSI:-91dB), 81:61:52:22:61:CB(RSSI:-80dB), 42:FF:F6:DB:AB:66(RSSI:-87dB), ... +25 más)
├─ Anuncios raw: 182
└─ GPS: ✓
   └─ Pos: 37.605646, -0.977992 (0.05 knots)
2024-12-27 15:04:47,726 - INFO - 
=== Captura interrumpida por el usuario ===
2024-12-27 15:04:47,727 - INFO - Total de buffers procesados: 40
2024-12-27 15:04:47,731 - INFO - Conexión GPS cerrada
2024-12-27 15:04:47,734 - INFO - Conexión MongoDB cerrada
