2024-12-27 15:39:47,216 - INFO - Iniciando rastreador combinado GPS + BLE
2024-12-27 15:39:47,227 - INFO - GPS conectado en COM29
2024-12-27 15:39:47,227 - INFO - Iniciando captura por 10 segundos
2024-12-27 15:39:47,228 - INFO - === Iniciando recepción de buffers combinados ===
2024-12-27 15:39:49,908 - INFO - 
├─ Secuencia: #48
├─ Dispositivos: 10 (33:4A:AD:EC:5C:52(RSSI:-65dB), DB:87:C0:9F:B8:EE(RSSI:-65dB), C5:BB:10:3B:FA:E3(RSSI:-48dB), ... +7 más)
├─ Anuncios raw: 111
└─ GPS: ✓
   └─ Pos: 37.633441, -0.962069 (35.12 knots)
2024-12-27 15:39:56,908 - INFO - 
├─ Secuencia: #49
├─ Dispositivos: 10 (33:4A:AD:EC:5C:52(RSSI:-62dB), DB:87:C0:9F:B8:EE(RSSI:-62dB), C5:BB:10:3B:FA:E3(RSSI:-52dB), ... +7 más)
├─ Anuncios raw: 136
└─ GPS: ✓
   └─ Pos: 37.633441, -0.962069 (35.12 knots)
2024-12-27 15:40:03,907 - INFO - 
├─ Secuencia: #50
├─ Dispositivos: 10 (33:4A:AD:EC:5C:52(RSSI:-70dB), DB:87:C0:9F:B8:EE(RSSI:-60dB), C5:BB:10:3B:FA:E3(RSSI:-53dB), ... +7 más)
├─ Anuncios raw: 130
└─ GPS: ✓
   └─ Pos: 37.633441, -0.962069 (35.12 knots)
2024-12-27 15:40:03,916 - INFO - Tiempo de ejecución (10s) completado
2024-12-27 15:40:03,917 - INFO - Total de buffers procesados: 3
2024-12-27 15:40:03,924 - INFO - Conexión GPS cerrada
2024-12-27 15:40:03,926 - INFO - Conexión MongoDB cerrada
