2024-12-27 15:41:25,496 - INFO - Iniciando rastreador combinado GPS + BLE
2024-12-27 15:41:25,506 - INFO - GPS conectado en COM29
2024-12-27 15:41:25,507 - INFO - Iniciando captura por 10 segundos
2024-12-27 15:41:25,507 - INFO - === Iniciando recepción de buffers combinados ===
2024-12-27 15:41:27,910 - INFO - 
├─ Secuencia: #62
├─ Dispositivos: 10 (33:4A:AD:EC:5C:52(RSSI:-64dB), DB:87:C0:9F:B8:EE(RSSI:-64dB), C5:BB:10:3B:FA:E3(RSSI:-54dB), ... +7 más)
├─ Anuncios raw: 120
└─ GPS: ✓
   └─ Pos: 37.653126, -0.957639 (46.34 knots)
2024-12-27 15:41:34,910 - INFO - 
├─ Secuencia: #63
├─ Dispositivos: 11 (33:4A:AD:EC:5C:52(RSSI:-64dB), DB:87:C0:9F:B8:EE(RSSI:-60dB), C5:BB:10:3B:FA:E3(RSSI:-47dB), ... +8 más)
├─ Anuncios raw: 131
└─ GPS: ✓
   └─ Pos: 37.653126, -0.957639 (46.34 knots)
2024-12-27 15:41:41,913 - INFO - 
├─ Secuencia: #64
├─ Dispositivos: 11 (33:4A:AD:EC:5C:52(RSSI:-67dB), DB:87:C0:9F:B8:EE(RSSI:-69dB), C5:BB:10:3B:FA:E3(RSSI:-53dB), ... +8 más)
├─ Anuncios raw: 140
└─ GPS: ✓
   └─ Pos: 37.653126, -0.957639 (46.34 knots)
2024-12-27 15:41:41,919 - INFO - Tiempo de ejecución (10s) completado
2024-12-27 15:41:41,920 - INFO - Total de buffers procesados: 3
2024-12-27 15:41:41,927 - INFO - Conexión GPS cerrada
2024-12-27 15:41:41,930 - INFO - Conexión MongoDB cerrada
