2024-12-27 14:34:47,472 - INFO - Iniciando rastreador combinado GPS + BLE
2024-12-27 14:34:47,484 - INFO - GPS conectado en COM27
2024-12-27 14:34:47,485 - INFO - Iniciando captura indefinida
2024-12-27 14:34:47,486 - INFO - === Iniciando recepción de buffers combinados ===
2024-12-27 14:34:48,714 - INFO - 
├─ Secuencia: #20
├─ Dispositivos: 2 (7A:38:13:6E:2C:DC(RSSI:-60dB), 38:68:43:65:DE:28(RSSI:-72dB))
├─ Anuncios raw: 2
└─ GPS: ✗
2024-12-27 14:34:55,713 - INFO - 
├─ Secuencia: #21
├─ Dispositivos: 2 (F3:68:13:6E:2C:DC(RSSI:-65dB), 38:68:43:65:DE:28(RSSI:-81dB))
├─ Anuncios raw: 2
└─ GPS: ✗
2024-12-27 14:35:02,711 - INFO - 
├─ Secuencia: #22
├─ Dispositivos: 2 (F3:68:13:6E:2C:DC(RSSI:-66dB), 38:68:43:65:DE:28(RSSI:-77dB))
├─ Anuncios raw: 3
└─ GPS: ✗
2024-12-27 14:35:09,714 - INFO - 
├─ Secuencia: #23
├─ Dispositivos: 2 (7A:38:13:6E:2C:DC(RSSI:-60dB), 38:68:43:65:DE:28(RSSI:-77dB))
├─ Anuncios raw: 2
└─ GPS: ✗
2024-12-27 14:35:16,717 - INFO - 
├─ Secuencia: #24
├─ Dispositivos: 3 (7A:38:13:6E:2C:DC(RSSI:-51dB), F3:68:13:6E:2C:DC(RSSI:-60dB), 38:68:43:65:DE:28(RSSI:-71dB))
├─ Anuncios raw: 4
└─ GPS: ✗
2024-12-27 14:35:23,714 - INFO - 
├─ Secuencia: #25
├─ Dispositivos: 2 (F3:68:13:6E:2C:DC(RSSI:-54dB), 38:68:43:65:DE:28(RSSI:-83dB))
├─ Anuncios raw: 2
└─ GPS: ✗
2024-12-27 14:35:30,715 - INFO - 
├─ Secuencia: #26
├─ Dispositivos: 3 (7A:38:13:6E:2C:DC(RSSI:-50dB), F3:68:13:6E:2C:DC(RSSI:-71dB), 38:68:43:65:DE:28(RSSI:-75dB))
├─ Anuncios raw: 3
└─ GPS: ✗
2024-12-27 14:35:37,712 - INFO - 
├─ Secuencia: #27
├─ Dispositivos: 2 (7A:38:13:6E:2C:DC(RSSI:-61dB), 38:68:43:65:DE:28(RSSI:-82dB))
├─ Anuncios raw: 2
└─ GPS: ✗
2024-12-27 14:35:44,714 - INFO - 
├─ Secuencia: #28
├─ Dispositivos: 2 (F3:68:13:6E:2C:DC(RSSI:-68dB), 38:68:43:65:DE:28(RSSI:-84dB))
├─ Anuncios raw: 2
└─ GPS: ✗
2024-12-27 14:35:51,717 - INFO - 
├─ Secuencia: #29
├─ Dispositivos: 3 (7A:38:13:6E:2C:DC(RSSI:-69dB), F3:68:13:6E:2C:DC(RSSI:-63dB), 38:68:43:65:DE:28(RSSI:-77dB))
├─ Anuncios raw: 3
└─ GPS: ✗
2024-12-27 14:35:58,710 - INFO - 
├─ Secuencia: #30
├─ Dispositivos: 1 (7A:38:13:6E:2C:DC(RSSI:-59dB))
├─ Anuncios raw: 1
└─ GPS: ✗
2024-12-27 14:36:05,714 - INFO - 
├─ Secuencia: #31
├─ Dispositivos: 2 (F3:68:13:6E:2C:DC(RSSI:-54dB), 38:68:43:65:DE:28(RSSI:-77dB))
├─ Anuncios raw: 2
└─ GPS: ✗
2024-12-27 14:36:12,714 - INFO - 
├─ Secuencia: #32
├─ Dispositivos: 2 (7A:38:13:6E:2C:DC(RSSI:-60dB), 38:68:43:65:DE:28(RSSI:-88dB))
├─ Anuncios raw: 3
└─ GPS: ✗
2024-12-27 14:36:19,713 - INFO - 
├─ Secuencia: #33
├─ Dispositivos: 2 (7A:38:13:6E:2C:DC(RSSI:-44dB), 38:68:43:65:DE:28(RSSI:-65dB))
├─ Anuncios raw: 2
└─ GPS: ✗
2024-12-27 14:36:26,716 - INFO - 
├─ Secuencia: #34
├─ Dispositivos: 3 (7A:38:13:6E:2C:DC(RSSI:-59dB), F3:68:13:6E:2C:DC(RSSI:-55dB), 38:68:43:65:DE:28(RSSI:-81dB))
├─ Anuncios raw: 4
└─ GPS: ✗
2024-12-27 14:36:33,714 - INFO - 
├─ Secuencia: #35
├─ Dispositivos: 2 (F3:68:13:6E:2C:DC(RSSI:-74dB), 38:68:43:65:DE:28(RSSI:-75dB))
├─ Anuncios raw: 2
└─ GPS: ✗
2024-12-27 14:36:40,718 - INFO - 
├─ Secuencia: #36
├─ Dispositivos: 3 (7A:38:13:6E:2C:DC(RSSI:-73dB), F3:68:13:6E:2C:DC(RSSI:-63dB), 38:68:43:65:DE:28(RSSI:-88dB))
├─ Anuncios raw: 3
└─ GPS: ✗
2024-12-27 14:36:47,715 - INFO - 
├─ Secuencia: #37
├─ Dispositivos: 2 (7A:38:13:6E:2C:DC(RSSI:-60dB), 38:68:43:65:DE:28(RSSI:-75dB))
├─ Anuncios raw: 3
└─ GPS: ✗
2024-12-27 14:36:54,714 - INFO - 
├─ Secuencia: #38
├─ Dispositivos: 2 (F3:68:13:6E:2C:DC(RSSI:-67dB), 38:68:43:65:DE:28(RSSI:-89dB))
├─ Anuncios raw: 2
└─ GPS: ✗
2024-12-27 14:37:01,716 - INFO - 
├─ Secuencia: #39
├─ Dispositivos: 3 (7A:38:13:6E:2C:DC(RSSI:-67dB), F3:68:13:6E:2C:DC(RSSI:-66dB), 38:68:43:65:DE:28(RSSI:-74dB))
├─ Anuncios raw: 4
└─ GPS: ✗
2024-12-27 14:37:08,715 - INFO - 
├─ Secuencia: #40
├─ Dispositivos: 2 (7A:38:13:6E:2C:DC(RSSI:-53dB), 38:68:43:65:DE:28(RSSI:-69dB))
├─ Anuncios raw: 2
└─ GPS: ✗
2024-12-27 14:37:15,715 - INFO - 
├─ Secuencia: #41
├─ Dispositivos: 2 (F3:68:13:6E:2C:DC(RSSI:-58dB), 38:68:43:65:DE:28(RSSI:-84dB))
├─ Anuncios raw: 2
└─ GPS: ✗
2024-12-27 14:37:22,718 - INFO - 
├─ Secuencia: #42
├─ Dispositivos: 3 (7A:38:13:6E:2C:DC(RSSI:-36dB), F3:68:13:6E:2C:DC(RSSI:-62dB), 38:68:43:65:DE:28(RSSI:-78dB))
├─ Anuncios raw: 3
└─ GPS: ✗
2024-12-27 14:37:29,715 - INFO - 
├─ Secuencia: #43
├─ Dispositivos: 2 (7A:38:13:6E:2C:DC(RSSI:-72dB), 38:68:43:65:DE:28(RSSI:-83dB))
├─ Anuncios raw: 2
└─ GPS: ✗
2024-12-27 14:37:36,718 - INFO - 
├─ Secuencia: #44
├─ Dispositivos: 3 (7A:38:13:6E:2C:DC(RSSI:-58dB), F3:68:13:6E:2C:DC(RSSI:-64dB), 38:68:43:65:DE:28(RSSI:-75dB))
├─ Anuncios raw: 4
└─ GPS: ✗
2024-12-27 14:37:43,716 - INFO - 
├─ Secuencia: #45
├─ Dispositivos: 2 (F3:68:13:6E:2C:DC(RSSI:-64dB), 38:68:43:65:DE:28(RSSI:-81dB))
├─ Anuncios raw: 2
└─ GPS: ✗
2024-12-27 14:37:50,719 - INFO - 
├─ Secuencia: #46
├─ Dispositivos: 3 (7A:38:13:6E:2C:DC(RSSI:-69dB), F3:68:13:6E:2C:DC(RSSI:-70dB), 38:68:43:65:DE:28(RSSI:-84dB))
├─ Anuncios raw: 3
└─ GPS: ✗
2024-12-27 14:37:57,715 - INFO - 
├─ Secuencia: #47
├─ Dispositivos: 2 (7A:38:13:6E:2C:DC(RSSI:-51dB), 38:68:43:65:DE:28(RSSI:-75dB))
├─ Anuncios raw: 2
└─ GPS: ✗
2024-12-27 14:38:04,715 - INFO - 
├─ Secuencia: #48
├─ Dispositivos: 2 (F3:68:13:6E:2C:DC(RSSI:-62dB), 38:68:43:65:DE:28(RSSI:-76dB))
├─ Anuncios raw: 2
└─ GPS: ✗
2024-12-27 14:38:11,718 - INFO - 
├─ Secuencia: #49
├─ Dispositivos: 3 (7A:38:13:6E:2C:DC(RSSI:-59dB), F3:68:13:6E:2C:DC(RSSI:-55dB), 38:68:43:65:DE:28(RSSI:-76dB))
├─ Anuncios raw: 4
└─ GPS: ✗
2024-12-27 14:38:18,713 - INFO - 
├─ Secuencia: #50
├─ Dispositivos: 1 (7A:38:13:6E:2C:DC(RSSI:-62dB))
├─ Anuncios raw: 1
└─ GPS: ✗
2024-12-27 14:38:25,721 - INFO - 
├─ Secuencia: #51
├─ Dispositivos: 4 (C6:E6:17:65:DE:28(RSSI:-88dB), F3:68:13:6E:2C:DC(RSSI:-66dB), 32:68:43:65:DE:28(RSSI:-88dB), ... +1 más)
├─ Anuncios raw: 4
└─ GPS: ✗
2024-12-27 14:38:32,716 - INFO - 
├─ Secuencia: #52
├─ Dispositivos: 2 (F3:68:13:6E:2C:DC(RSSI:-69dB), 38:68:43:65:DE:28(RSSI:-60dB))
├─ Anuncios raw: 3
└─ GPS: ✗
2024-12-27 14:38:39,723 - INFO - 
├─ Secuencia: #53
├─ Dispositivos: 4 (C6:E6:17:65:DE:28(RSSI:-90dB), 7A:38:13:6E:2C:DC(RSSI:-74dB), 32:68:43:65:DE:28(RSSI:-90dB), ... +1 más)
├─ Anuncios raw: 4
└─ GPS: ✗
2024-12-27 14:38:46,723 - INFO - 
├─ Secuencia: #54
├─ Dispositivos: 4 (C6:E6:17:65:DE:28(RSSI:-85dB), 7A:38:13:6E:2C:DC(RSSI:-76dB), F3:68:13:6E:2C:DC(RSSI:-85dB), ... +1 más)
├─ Anuncios raw: 5
└─ GPS: ✗
2024-12-27 14:38:53,724 - INFO - 
├─ Secuencia: #55
├─ Dispositivos: 4 (6D:E6:17:65:DE:28(RSSI:-92dB), F3:68:13:6E:2C:DC(RSSI:-82dB), 32:68:43:65:DE:28(RSSI:-86dB), ... +1 más)
├─ Anuncios raw: 4
└─ GPS: ✗
2024-12-27 14:39:00,731 - INFO - 
├─ Secuencia: #56
├─ Dispositivos: 6 (5A:67:43:65:DE:28(RSSI:-90dB), 4B:68:43:65:DE:28(RSSI:-83dB), F3:68:13:6E:2C:DC(RSSI:-72dB), ... +3 más)
├─ Anuncios raw: 22
└─ GPS: ✗
2024-12-27 14:39:07,729 - INFO - 
├─ Secuencia: #57
├─ Dispositivos: 6 (95:0B:A5:AC:32:64(RSSI:-88dB), 5A:67:43:65:DE:28(RSSI:-82dB), 4B:68:43:65:DE:28(RSSI:-89dB), ... +3 más)
├─ Anuncios raw: 64
└─ GPS: ✗
2024-12-27 14:39:14,738 - INFO - 
├─ Secuencia: #58
├─ Dispositivos: 8 (95:0B:A5:AC:32:64(RSSI:-83dB), BB:58:C1:B3:CA:F8(RSSI:-86dB), 5A:67:43:65:DE:28(RSSI:-73dB), ... +5 más)
├─ Anuncios raw: 81
└─ GPS: ✗
2024-12-27 14:39:21,781 - INFO - 
├─ Secuencia: #59
├─ Dispositivos: 20 (17:7E:F2:92:45:63(RSSI:-90dB), 2A:1A:03:6B:BC:73(RSSI:-89dB), 71:D5:1A:D0:14:5F(RSSI:-86dB), ... +17 más)
├─ Anuncios raw: 86
└─ GPS: ✗
2024-12-27 14:39:28,772 - INFO - 
├─ Secuencia: #60
├─ Dispositivos: 17 (2A:1A:03:6B:BC:73(RSSI:-90dB), 17:7E:F2:92:45:63(RSSI:-87dB), 71:D5:1A:D0:14:5F(RSSI:-90dB), ... +14 más)
├─ Anuncios raw: 90
└─ GPS: ✗
2024-12-27 14:39:35,770 - INFO - 
├─ Secuencia: #61
├─ Dispositivos: 17 (17:7E:F2:92:45:63(RSSI:-89dB), 71:D5:1A:D0:14:5F(RSSI:-85dB), 95:0B:A5:AC:32:64(RSSI:-84dB), ... +14 más)
├─ Anuncios raw: 82
└─ GPS: ✗
2024-12-27 14:39:42,747 - INFO - 
├─ Secuencia: #62
├─ Dispositivos: 10 (95:0B:A5:AC:32:64(RSSI:-83dB), BB:58:C1:B3:CA:F8(RSSI:-89dB), 5A:67:43:65:DE:28(RSSI:-81dB), ... +7 más)
├─ Anuncios raw: 80
└─ GPS: ✗
2024-12-27 14:39:49,750 - INFO - 
├─ Secuencia: #63
├─ Dispositivos: 11 (2A:1A:03:6B:BC:73(RSSI:-90dB), 95:0B:A5:AC:32:64(RSSI:-81dB), 5A:67:43:65:DE:28(RSSI:-60dB), ... +8 más)
├─ Anuncios raw: 80
└─ GPS: ✗
2024-12-27 14:39:56,785 - INFO - 
├─ Secuencia: #64
├─ Dispositivos: 21 (2A:1A:03:6B:BC:73(RSSI:-87dB), 95:0B:A5:AC:32:64(RSSI:-84dB), C6:E6:17:65:DE:28(RSSI:-87dB), ... +18 más)
├─ Anuncios raw: 122
└─ GPS: ✗
2024-12-27 14:40:03,773 - INFO - 
├─ Secuencia: #65
├─ Dispositivos: 17 (2A:1A:03:6B:BC:73(RSSI:-90dB), 95:0B:A5:AC:32:64(RSSI:-80dB), C6:E6:17:65:DE:28(RSSI:-82dB), ... +14 más)
├─ Anuncios raw: 172
└─ GPS: ✗
2024-12-27 14:40:10,816 - INFO - 
├─ Secuencia: #66
├─ Dispositivos: 29 (2A:1A:03:6B:BC:73(RSSI:-86dB), 95:0B:A5:AC:32:64(RSSI:-86dB), BB:58:C1:B3:CA:F8(RSSI:-85dB), ... +26 más)
├─ Anuncios raw: 223
└─ GPS: ✗
2024-12-27 14:40:17,801 - INFO - 
├─ Secuencia: #67
├─ Dispositivos: 25 (2A:1A:03:6B:BC:73(RSSI:-79dB), 95:0B:A5:AC:32:64(RSSI:-89dB), BB:58:C1:B3:CA:F8(RSSI:-69dB), ... +22 más)
├─ Anuncios raw: 254
└─ GPS: ✗
2024-12-27 14:40:24,798 - INFO - 
├─ Secuencia: #68
├─ Dispositivos: 24 (2A:1A:03:6B:BC:73(RSSI:-69dB), 95:0B:A5:AC:32:64(RSSI:-91dB), BB:58:C1:B3:CA:F8(RSSI:-77dB), ... +21 más)
├─ Anuncios raw: 252
└─ GPS: ✗
2024-12-27 14:40:31,797 - INFO - 
├─ Secuencia: #69
├─ Dispositivos: 24 (2A:1A:03:6B:BC:73(RSSI:-71dB), 17:7E:F2:92:45:63(RSSI:-86dB), BB:58:C1:B3:CA:F8(RSSI:-82dB), ... +21 más)
├─ Anuncios raw: 197
└─ GPS: ✗
2024-12-27 14:40:38,791 - INFO - 
├─ Secuencia: #70
├─ Dispositivos: 22 (2A:1A:03:6B:BC:73(RSSI:-73dB), 17:7E:F2:92:45:63(RSSI:-85dB), BB:58:C1:B3:CA:F8(RSSI:-75dB), ... +19 más)
├─ Anuncios raw: 193
└─ GPS: ✗
2024-12-27 14:40:45,783 - INFO - 
├─ Secuencia: #71
├─ Dispositivos: 20 (2A:1A:03:6B:BC:73(RSSI:-70dB), 17:7E:F2:92:45:63(RSSI:-83dB), BB:58:C1:B3:CA:F8(RSSI:-74dB), ... +17 más)
├─ Anuncios raw: 177
└─ GPS: ✗
2024-12-27 14:40:52,794 - INFO - 
├─ Secuencia: #72
├─ Dispositivos: 23 (2A:1A:03:6B:BC:73(RSSI:-75dB), 17:7E:F2:92:45:63(RSSI:-82dB), BB:58:C1:B3:CA:F8(RSSI:-83dB), ... +20 más)
├─ Anuncios raw: 208
└─ GPS: ✗
2024-12-27 14:40:59,779 - INFO - 
├─ Secuencia: #73
├─ Dispositivos: 19 (2A:1A:03:6B:BC:73(RSSI:-78dB), 17:7E:F2:92:45:63(RSSI:-84dB), BB:58:C1:B3:CA:F8(RSSI:-83dB), ... +16 más)
├─ Anuncios raw: 159
└─ GPS: ✗
2024-12-27 14:41:06,779 - INFO - 
├─ Secuencia: #74
├─ Dispositivos: 19 (2A:1A:03:6B:BC:73(RSSI:-86dB), 17:7E:F2:92:45:63(RSSI:-62dB), 2E:BE:18:41:CF:54(RSSI:-77dB), ... +16 más)
├─ Anuncios raw: 141
└─ GPS: ✗
2024-12-27 14:41:13,780 - INFO - 
├─ Secuencia: #75
├─ Dispositivos: 19 (2A:1A:03:6B:BC:73(RSSI:-73dB), 17:7E:F2:92:45:63(RSSI:-72dB), E7:65:90:E5:FC:24(RSSI:-91dB), ... +16 más)
├─ Anuncios raw: 181
└─ GPS: ✗
2024-12-27 14:41:20,773 - INFO - 
├─ Secuencia: #76
├─ Dispositivos: 17 (2A:1A:03:6B:BC:73(RSSI:-76dB), 17:7E:F2:92:45:63(RSSI:-80dB), 8B:8B:D0:22:1B:65(RSSI:-78dB), ... +14 más)
├─ Anuncios raw: 133
└─ GPS: ✗
2024-12-27 14:41:27,780 - INFO - 
├─ Secuencia: #77
├─ Dispositivos: 19 (2A:1A:03:6B:BC:73(RSSI:-89dB), 17:7E:F2:92:45:63(RSSI:-80dB), 2E:BE:18:41:CF:54(RSSI:-83dB), ... +16 más)
├─ Anuncios raw: 150
└─ GPS: ✗
2024-12-27 14:41:34,769 - INFO - 
├─ Secuencia: #78
├─ Dispositivos: 16 (2A:1A:03:6B:BC:73(RSSI:-92dB), 17:7E:F2:92:45:63(RSSI:-85dB), 2E:BE:18:41:CF:54(RSSI:-86dB), ... +13 más)
├─ Anuncios raw: 89
└─ GPS: ✗
2024-12-27 14:41:41,783 - INFO - 
├─ Secuencia: #79
├─ Dispositivos: 20 (9B:86:62:24:7B:5F(RSSI:-88dB), 2A:1A:03:6B:BC:73(RSSI:-91dB), DA:DF:F7:21:3B:77(RSSI:-90dB), ... +17 más)
├─ Anuncios raw: 111
└─ GPS: ✗
2024-12-27 14:41:48,791 - INFO - 
├─ Secuencia: #80
├─ Dispositivos: 22 (9B:86:62:24:7B:5F(RSSI:-92dB), 2A:1A:03:6B:BC:73(RSSI:-89dB), DA:DF:F7:21:3B:77(RSSI:-89dB), ... +19 más)
├─ Anuncios raw: 113
└─ GPS: ✗
2024-12-27 14:41:55,773 - INFO - 
├─ Secuencia: #81
├─ Dispositivos: 17 (2A:1A:03:6B:BC:73(RSSI:-86dB), 17:7E:F2:92:45:63(RSSI:-88dB), 9B:86:62:24:7B:5F(RSSI:-89dB), ... +14 más)
├─ Anuncios raw: 77
└─ GPS: ✗
2024-12-27 14:42:02,722 - INFO - 
├─ Secuencia: #82
├─ Dispositivos: 3 (17:7E:F2:92:45:63(RSSI:-85dB), 2F:C8:96:C3:72:68(RSSI:-92dB), 51:E2:A3:91:14:5E(RSSI:-88dB))
├─ Anuncios raw: 5
└─ GPS: ✗
2024-12-27 14:42:09,715 - INFO - 
├─ Secuencia: #83
├─ Dispositivos: 1 (17:7E:F2:92:45:63(RSSI:-84dB))
├─ Anuncios raw: 2
└─ GPS: ✗
2024-12-27 14:42:16,714 - INFO - 
├─ Secuencia: #84
├─ Dispositivos: 1 (17:7E:F2:92:45:63(RSSI:-83dB))
├─ Anuncios raw: 1
└─ GPS: ✗
2024-12-27 14:42:23,715 - INFO - 
├─ Secuencia: #85
├─ Dispositivos: 1 (2E:BE:18:41:CF:54(RSSI:-90dB))
├─ Anuncios raw: 4
└─ GPS: ✗
2024-12-27 14:42:30,744 - INFO - 
├─ Secuencia: #86
├─ Dispositivos: 9 (17:7E:F2:92:45:63(RSSI:-87dB), 2A:1A:03:6B:BC:73(RSSI:-92dB), 2E:BE:18:41:CF:54(RSSI:-90dB), ... +6 más)
├─ Anuncios raw: 19
└─ GPS: ✗
2024-12-27 14:42:37,722 - INFO - 
├─ Secuencia: #87
├─ Dispositivos: 3 (17:7E:F2:92:45:63(RSSI:-89dB), 2E:BE:18:41:CF:54(RSSI:-91dB), 31:94:6D:80:A3:FD(RSSI:-91dB))
├─ Anuncios raw: 14
└─ GPS: ✗
2024-12-27 14:42:44,718 - INFO - 
├─ Secuencia: #88
├─ Dispositivos: 2 (2E:BE:18:41:CF:54(RSSI:-91dB), 31:94:6D:80:A3:FD(RSSI:-92dB))
├─ Anuncios raw: 4
└─ GPS: ✗
2024-12-27 14:42:51,725 - INFO - 
├─ Secuencia: #89
├─ Dispositivos: 4 (17:7E:F2:92:45:63(RSSI:-91dB), 2E:BE:18:41:CF:54(RSSI:-92dB), DC:66:43:65:DE:28(RSSI:-86dB), ... +1 más)
├─ Anuncios raw: 8
└─ GPS: ✗
2024-12-27 14:42:58,748 - INFO - 
├─ Secuencia: #90
├─ Dispositivos: 10 (2A:1A:03:6B:BC:73(RSSI:-90dB), 2E:BE:18:41:CF:54(RSSI:-89dB), 2F:C8:96:C3:72:68(RSSI:-94dB), ... +7 más)
├─ Anuncios raw: 21
└─ GPS: ✗
2024-12-27 14:43:05,751 - INFO - 
├─ Secuencia: #91
├─ Dispositivos: 11 (2A:1A:03:6B:BC:73(RSSI:-87dB), 17:7E:F2:92:45:63(RSSI:-84dB), 2E:BE:18:41:CF:54(RSSI:-88dB), ... +8 más)
├─ Anuncios raw: 43
└─ GPS: ✗
2024-12-27 14:43:12,741 - INFO - 
├─ Secuencia: #92
├─ Dispositivos: 8 (2A:1A:03:6B:BC:73(RSSI:-90dB), 17:7E:F2:92:45:63(RSSI:-84dB), 2E:BE:18:41:CF:54(RSSI:-88dB), ... +5 más)
├─ Anuncios raw: 39
└─ GPS: ✗
2024-12-27 14:43:19,710 - INFO - 
=== Captura interrumpida por el usuario ===
2024-12-27 14:43:19,712 - INFO - Total de buffers procesados: 73
2024-12-27 14:43:19,717 - INFO - Conexión GPS cerrada
2024-12-27 14:43:19,720 - INFO - Conexión MongoDB cerrada
