2024-12-27 02:33:23,164 - INFO - Iniciando rastreador combinado GPS + BLE
2024-12-27 02:33:23,175 - INFO - GPS conectado en COM27
2024-12-27 02:33:23,176 - INFO - Iniciando captura indefinida
2024-12-27 02:33:23,176 - INFO - Iniciando recepción de buffers combinados...
2024-12-27 02:33:27,562 - DEBUG - Cabecera UART encontrada
2024-12-27 02:33:27,566 - DEBUG - Dispositivo 1 parseado - MAC: 02:9B:87:E5:E6:60
2024-12-27 02:33:27,594 - INFO - Buffer #1 procesado - Secuencia: 117, Dispositivos: 1, GPS: No disponible
2024-12-27 02:33:34,564 - DEBUG - Cabecera UART encontrada
2024-12-27 02:33:34,568 - DEBUG - Dispositivo 1 parseado - MAC: AF:40:F5:92:EA:70
2024-12-27 02:33:34,569 - DEBUG - Dispositivo 2 parseado - MAC: 02:9B:87:E5:E6:60
2024-12-27 02:33:34,574 - INFO - Buffer #2 procesado - Secuencia: 118, Dispositivos: 2, GPS: No disponible
2024-12-27 02:33:41,564 - DEBUG - Cabecera UART encontrada
2024-12-27 02:33:41,566 - DEBUG - Dispositivo 1 parseado - MAC: 02:9B:87:E5:E6:60
2024-12-27 02:33:41,573 - INFO - Buffer #3 procesado - Secuencia: 119, Dispositivos: 1, GPS: No disponible
2024-12-27 02:33:48,564 - DEBUG - Cabecera UART encontrada
2024-12-27 02:33:48,566 - DEBUG - Dispositivo 1 parseado - MAC: 02:9B:87:E5:E6:60
2024-12-27 02:33:48,571 - INFO - Buffer #4 procesado - Secuencia: 120, Dispositivos: 1, GPS: No disponible
2024-12-27 02:33:55,563 - DEBUG - Cabecera UART encontrada
2024-12-27 02:33:55,566 - DEBUG - Dispositivo 1 parseado - MAC: 02:9B:87:E5:E6:60
2024-12-27 02:33:55,569 - INFO - Buffer #5 procesado - Secuencia: 121, Dispositivos: 1, GPS: No disponible
2024-12-27 02:34:02,564 - DEBUG - Cabecera UART encontrada
2024-12-27 02:34:02,566 - DEBUG - Dispositivo 1 parseado - MAC: 02:9B:87:E5:E6:60
2024-12-27 02:34:02,571 - INFO - Buffer #6 procesado - Secuencia: 122, Dispositivos: 1, GPS: No disponible
2024-12-27 02:34:09,564 - DEBUG - Cabecera UART encontrada
2024-12-27 02:34:09,566 - DEBUG - Dispositivo 1 parseado - MAC: 02:9B:87:E5:E6:60
2024-12-27 02:34:09,572 - INFO - Buffer #7 procesado - Secuencia: 123, Dispositivos: 1, GPS: No disponible
2024-12-27 02:34:16,564 - DEBUG - Cabecera UART encontrada
2024-12-27 02:34:16,566 - DEBUG - Dispositivo 1 parseado - MAC: AF:40:F5:92:EA:70
2024-12-27 02:34:16,570 - DEBUG - Dispositivo 2 parseado - MAC: 02:9B:87:E5:E6:60
2024-12-27 02:34:16,572 - INFO - Buffer #8 procesado - Secuencia: 124, Dispositivos: 2, GPS: Válido
2024-12-27 02:34:23,564 - INFO - Recepción interrumpida por el usuario
2024-12-27 02:34:23,564 - INFO - Total de buffers procesados: 8
2024-12-27 02:34:23,569 - INFO - Conexión GPS cerrada
2024-12-27 02:34:23,571 - INFO - Conexión MongoDB cerrada
