2024-12-27 15:50:18,279 - INFO - Iniciando rastreador combinado GPS + BLE
2024-12-27 15:50:18,289 - INFO - GPS conectado en COM29
2024-12-27 15:50:18,290 - INFO - Iniciando captura por 10 segundos
2024-12-27 15:50:18,290 - INFO - === Iniciando recepción de buffers combinados ===
2024-12-27 15:50:19,887 - INFO - 
├─ Secuencia: #138
├─ Dispositivos: 2 (B4:5F:BB:1C:87:64(RSSI:-88dB), 24:97:22:4C:B9:7C(RSSI:-89dB))
├─ Anuncios raw: 5
└─ GPS: ✓
   └─ Pos: 37.690630, -0.964514 (21.20 knots)
2024-12-27 15:50:26,900 - INFO - 
├─ Secuencia: #139
├─ Dispositivos: 6 (AE:2D:44:31:B4:42(RSSI:-90dB), E5:2F:A8:ED:FF:6B(RSSI:-86dB), 30:B4:37:1F:EA:DA(RSSI:-87dB), ... +3 más)
├─ Anuncios raw: 43
└─ GPS: ✓
   └─ Pos: 37.690630, -0.964514 (21.20 knots)
2024-12-27 15:50:33,889 - INFO - 
├─ Secuencia: #140
├─ Dispositivos: 3 (0E:98:94:F7:D9:6A(RSSI:-90dB), 72:26:7F:59:85:F3(RSSI:-85dB), F5:4C:65:45:76:CF(RSSI:-92dB))
├─ Anuncios raw: 13
└─ GPS: ✓
   └─ Pos: 37.690630, -0.964514 (21.20 knots)
2024-12-27 15:50:33,896 - INFO - Tiempo de ejecución (10s) completado
2024-12-27 15:50:33,896 - INFO - Total de buffers procesados: 3
2024-12-27 15:50:33,904 - INFO - Conexión GPS cerrada
2024-12-27 15:50:33,906 - INFO - Conexión MongoDB cerrada
