2024-12-27 02:50:52,804 - INFO - Iniciando rastreador combinado GPS + BLE
2024-12-27 02:50:52,814 - INFO - GPS conectado en COM27
2024-12-27 02:50:52,815 - INFO - Iniciando captura indefinida
2024-12-27 02:50:52,816 - INFO - Iniciando recepción de buffers combinados...
2024-12-27 02:50:57,573 - DEBUG - Cabecera UART encontrada
2024-12-27 02:51:04,573 - DEBUG - Cabecera UART encontrada
2024-12-27 02:51:11,573 - DEBUG - Cabecera UART encontrada
2024-12-27 02:51:18,573 - DEBUG - Cabecera UART encontrada
2024-12-27 02:51:18,576 - DEBUG - Dispositivo 1 parseado - MAC: E9:98:67:E2:C1:77
2024-12-27 02:51:18,596 - INFO - Buffer #1 procesado - Secuencia: 14, Dispositivos: 1, GPS: Válido
2024-12-27 02:51:25,574 - DEBUG - Cabecera UART encontrada
2024-12-27 02:51:25,576 - DEBUG - Dispositivo 1 parseado - MAC: E9:98:67:E2:C1:77
2024-12-27 02:51:25,579 - INFO - Buffer #2 procesado - Secuencia: 15, Dispositivos: 1, GPS: Válido
2024-12-27 02:51:32,573 - DEBUG - Cabecera UART encontrada
2024-12-27 02:51:39,574 - DEBUG - Cabecera UART encontrada
2024-12-27 02:51:46,574 - DEBUG - Cabecera UART encontrada
2024-12-27 02:51:46,577 - DEBUG - Dispositivo 1 parseado - MAC: E9:98:67:E2:C1:77
2024-12-27 02:51:46,580 - INFO - Buffer #3 procesado - Secuencia: 18, Dispositivos: 1, GPS: Válido
2024-12-27 02:51:53,574 - DEBUG - Cabecera UART encontrada
2024-12-27 02:51:53,577 - DEBUG - Dispositivo 1 parseado - MAC: E9:98:67:E2:C1:77
2024-12-27 02:51:53,579 - INFO - Buffer #4 procesado - Secuencia: 19, Dispositivos: 1, GPS: Válido
2024-12-27 02:52:00,573 - DEBUG - Cabecera UART encontrada
2024-12-27 02:52:07,574 - DEBUG - Cabecera UART encontrada
2024-12-27 02:52:14,575 - DEBUG - Cabecera UART encontrada
2024-12-27 02:52:14,577 - DEBUG - Dispositivo 1 parseado - MAC: E9:98:67:E2:C1:77
2024-12-27 02:52:14,579 - INFO - Buffer #5 procesado - Secuencia: 22, Dispositivos: 1, GPS: Válido
2024-12-27 02:52:21,574 - DEBUG - Cabecera UART encontrada
2024-12-27 02:52:28,574 - DEBUG - Cabecera UART encontrada
2024-12-27 02:52:35,573 - DEBUG - Cabecera UART encontrada
2024-12-27 02:52:42,574 - DEBUG - Cabecera UART encontrada
2024-12-27 02:52:42,578 - DEBUG - Dispositivo 1 parseado - MAC: E9:98:67:E2:C1:77
2024-12-27 02:52:42,580 - INFO - Buffer #6 procesado - Secuencia: 26, Dispositivos: 1, GPS: Válido
2024-12-27 02:52:49,575 - DEBUG - Cabecera UART encontrada
2024-12-27 02:52:56,573 - DEBUG - Cabecera UART encontrada
2024-12-27 02:53:03,574 - DEBUG - Cabecera UART encontrada
2024-12-27 02:53:10,575 - DEBUG - Cabecera UART encontrada
2024-12-27 02:53:10,578 - DEBUG - Dispositivo 1 parseado - MAC: E9:98:67:E2:C1:77
2024-12-27 02:53:10,584 - INFO - Buffer #7 procesado - Secuencia: 30, Dispositivos: 1, GPS: Válido
2024-12-27 02:53:17,574 - DEBUG - Cabecera UART encontrada
2024-12-27 02:53:24,575 - DEBUG - Cabecera UART encontrada
2024-12-27 02:53:31,575 - DEBUG - Cabecera UART encontrada
2024-12-27 02:53:31,578 - DEBUG - Dispositivo 1 parseado - MAC: E9:98:67:E2:C1:77
2024-12-27 02:53:31,580 - INFO - Buffer #8 procesado - Secuencia: 33, Dispositivos: 1, GPS: Válido
2024-12-27 02:53:38,575 - DEBUG - Cabecera UART encontrada
2024-12-27 02:53:45,574 - DEBUG - Cabecera UART encontrada
2024-12-27 02:53:52,575 - DEBUG - Cabecera UART encontrada
2024-12-27 02:53:52,579 - DEBUG - Dispositivo 1 parseado - MAC: E9:98:67:E2:C1:77
2024-12-27 02:53:52,581 - INFO - Buffer #9 procesado - Secuencia: 36, Dispositivos: 1, GPS: Válido
2024-12-27 02:53:59,575 - DEBUG - Cabecera UART encontrada
2024-12-27 02:53:59,578 - DEBUG - Dispositivo 1 parseado - MAC: E9:98:67:E2:C1:77
2024-12-27 02:53:59,581 - INFO - Buffer #10 procesado - Secuencia: 37, Dispositivos: 1, GPS: Válido
2024-12-27 02:54:06,575 - DEBUG - Cabecera UART encontrada
2024-12-27 02:54:13,575 - DEBUG - Cabecera UART encontrada
2024-12-27 02:54:20,574 - DEBUG - Cabecera UART encontrada
2024-12-27 02:54:27,575 - DEBUG - Cabecera UART encontrada
2024-12-27 02:54:34,575 - DEBUG - Cabecera UART encontrada
2024-12-27 02:54:41,575 - DEBUG - Cabecera UART encontrada
2024-12-27 02:54:48,575 - DEBUG - Cabecera UART encontrada
2024-12-27 02:54:55,576 - DEBUG - Cabecera UART encontrada
2024-12-27 02:54:55,579 - DEBUG - Dispositivo 1 parseado - MAC: 57:2F:13:AF:10:5B
2024-12-27 02:54:55,581 - INFO - Buffer #11 procesado - Secuencia: 45, Dispositivos: 1, GPS: Válido
2024-12-27 02:55:02,576 - DEBUG - Cabecera UART encontrada
2024-12-27 02:55:02,579 - DEBUG - Dispositivo 1 parseado - MAC: 57:2F:13:AF:10:5B
2024-12-27 02:55:02,581 - INFO - Buffer #12 procesado - Secuencia: 46, Dispositivos: 1, GPS: Válido
2024-12-27 02:55:09,576 - DEBUG - Cabecera UART encontrada
2024-12-27 02:55:09,580 - DEBUG - Dispositivo 1 parseado - MAC: 57:2F:13:AF:10:5B
2024-12-27 02:55:09,584 - INFO - Buffer #13 procesado - Secuencia: 47, Dispositivos: 1, GPS: Válido
2024-12-27 02:55:16,575 - DEBUG - Cabecera UART encontrada
2024-12-27 02:55:23,576 - DEBUG - Cabecera UART encontrada
2024-12-27 02:55:30,576 - DEBUG - Cabecera UART encontrada
2024-12-27 02:55:30,579 - DEBUG - Dispositivo 1 parseado - MAC: 57:2F:13:AF:10:5B
2024-12-27 02:55:30,581 - INFO - Buffer #14 procesado - Secuencia: 50, Dispositivos: 1, GPS: Válido
2024-12-27 02:55:37,576 - DEBUG - Cabecera UART encontrada
2024-12-27 02:55:44,576 - DEBUG - Cabecera UART encontrada
2024-12-27 02:55:51,576 - DEBUG - Cabecera UART encontrada
2024-12-27 02:55:51,580 - DEBUG - Dispositivo 1 parseado - MAC: 57:2F:13:AF:10:5B
2024-12-27 02:55:51,582 - INFO - Buffer #15 procesado - Secuencia: 53, Dispositivos: 1, GPS: Válido
2024-12-27 02:55:58,577 - DEBUG - Cabecera UART encontrada
2024-12-27 02:55:58,579 - DEBUG - Dispositivo 1 parseado - MAC: 57:2F:13:AF:10:5B
2024-12-27 02:55:58,583 - INFO - Buffer #16 procesado - Secuencia: 54, Dispositivos: 1, GPS: Válido
2024-12-27 02:56:05,577 - DEBUG - Cabecera UART encontrada
2024-12-27 02:56:05,579 - DEBUG - Dispositivo 1 parseado - MAC: 57:2F:13:AF:10:5B
2024-12-27 02:56:05,581 - INFO - Buffer #17 procesado - Secuencia: 55, Dispositivos: 1, GPS: Válido
2024-12-27 02:56:12,576 - DEBUG - Cabecera UART encontrada
2024-12-27 02:56:12,579 - DEBUG - Dispositivo 1 parseado - MAC: 57:2F:13:AF:10:5B
2024-12-27 02:56:12,585 - INFO - Buffer #18 procesado - Secuencia: 56, Dispositivos: 1, GPS: Válido
2024-12-27 02:56:19,576 - DEBUG - Cabecera UART encontrada
2024-12-27 02:56:26,576 - DEBUG - Cabecera UART encontrada
2024-12-27 02:56:33,577 - DEBUG - Cabecera UART encontrada
2024-12-27 02:56:40,576 - DEBUG - Cabecera UART encontrada
2024-12-27 02:56:47,578 - DEBUG - Cabecera UART encontrada
2024-12-27 02:56:47,580 - DEBUG - Dispositivo 1 parseado - MAC: 57:2F:13:AF:10:5B
2024-12-27 02:56:47,583 - INFO - Buffer #19 procesado - Secuencia: 61, Dispositivos: 1, GPS: Válido
2024-12-27 02:56:54,576 - DEBUG - Cabecera UART encontrada
2024-12-27 02:57:01,578 - INFO - Recepción interrumpida por el usuario
2024-12-27 02:57:01,578 - INFO - Total de buffers procesados: 19
2024-12-27 02:57:01,581 - INFO - Conexión GPS cerrada
2024-12-27 02:57:01,582 - INFO - Conexión MongoDB cerrada
