2024-12-27 15:42:27,003 - INFO - Iniciando rastreador combinado GPS + BLE
2024-12-27 15:42:27,014 - INFO - GPS conectado en COM29
2024-12-27 15:42:27,014 - INFO - Iniciando captura por 10 segundos
2024-12-27 15:42:27,015 - INFO - === Iniciando recepción de buffers combinados ===
2024-12-27 15:42:30,903 - INFO - 
├─ Secuencia: #71
├─ Dispositivos: 8 (33:4A:AD:EC:5C:52(RSSI:-74dB), DB:87:C0:9F:B8:EE(RSSI:-70dB), C5:BB:10:3B:FA:E3(RSSI:-57dB), ... +5 más)
├─ Anuncios raw: 94
└─ GPS: ✓
   └─ Pos: 37.661653, -0.955873 (27.40 knots)
2024-12-27 15:42:37,903 - INFO - 
├─ Secuencia: #72
├─ Dispositivos: 9 (33:4A:AD:EC:5C:52(RSSI:-69dB), DB:87:C0:9F:B8:EE(RSSI:-76dB), C5:BB:10:3B:FA:E3(RSSI:-60dB), ... +6 más)
├─ Anuncios raw: 90
└─ GPS: ✓
   └─ Pos: 37.661653, -0.955873 (27.40 knots)
2024-12-27 15:42:37,933 - INFO - Tiempo de ejecución (10s) completado
2024-12-27 15:42:37,934 - INFO - Total de buffers procesados: 2
2024-12-27 15:42:37,939 - INFO - Conexión GPS cerrada
2024-12-27 15:42:37,940 - INFO - Conexión MongoDB cerrada
