2024-12-27 15:04:50,056 - INFO - Iniciando rastreador combinado GPS + BLE
2024-12-27 15:04:50,066 - INFO - GPS conectado en COM27
2024-12-27 15:04:50,067 - INFO - Iniciando captura indefinida
2024-12-27 15:04:50,067 - INFO - === Iniciando recepción de buffers combinados ===
2024-12-27 15:04:54,842 - INFO - 
├─ Secuencia: #22
├─ Dispositivos: 31 (9F:C6:D1:AC:89:76(RSSI:-72dB), 81:61:52:22:61:CB(RSSI:-86dB), B3:EF:28:6A:12:63(RSSI:-80dB), ... +28 más)
├─ Anuncios raw: 253
└─ GPS: ✓
   └─ Pos: 37.606882, -0.978748 (0.41 knots)
2024-12-27 15:05:01,909 - INFO - 
├─ Secuencia: #23
├─ Dispositivos: 50 (18:4B:06:79:E4:7A(RSSI:-87dB), 9F:C6:D1:AC:89:76(RSSI:-77dB), 81:61:52:22:61:CB(RSSI:-81dB), ... +47 más)
├─ Anuncios raw: 412
└─ GPS: ✓
   └─ Pos: 37.606882, -0.978748 (0.41 knots)
2024-12-27 15:05:08,865 - INFO - 
├─ Secuencia: #24
├─ Dispositivos: 37 (9F:C6:D1:AC:89:76(RSSI:-88dB), 81:61:52:22:61:CB(RSSI:-77dB), B3:EF:28:6A:12:63(RSSI:-75dB), ... +34 más)
├─ Anuncios raw: 317
└─ GPS: ✓
   └─ Pos: 37.606882, -0.978748 (0.41 knots)
2024-12-27 15:05:15,830 - INFO - 
├─ Secuencia: #25
├─ Dispositivos: 28 (9F:C6:D1:AC:89:76(RSSI:-87dB), 81:61:52:22:61:CB(RSSI:-79dB), B3:EF:28:6A:12:63(RSSI:-77dB), ... +25 más)
├─ Anuncios raw: 254
└─ GPS: ✓
   └─ Pos: 37.606882, -0.978748 (0.41 knots)
2024-12-27 15:05:22,726 - INFO - 
=== Captura interrumpida por el usuario ===
2024-12-27 15:05:22,727 - INFO - Total de buffers procesados: 4
2024-12-27 15:05:22,735 - INFO - Conexión GPS cerrada
2024-12-27 15:05:22,738 - INFO - Conexión MongoDB cerrada
