2024-12-27 15:42:42,308 - INFO - Iniciando rastreador combinado GPS + BLE
2024-12-27 15:42:42,319 - INFO - GPS conectado en COM29
2024-12-27 15:42:42,319 - INFO - Iniciando captura por 10 segundos
2024-12-27 15:42:42,320 - INFO - === Iniciando recepción de buffers combinados ===
2024-12-27 15:42:44,903 - INFO - 
├─ Secuencia: #73
├─ Dispositivos: 8 (33:4A:AD:EC:5C:52(RSSI:-79dB), DB:87:C0:9F:B8:EE(RSSI:-71dB), C5:BB:10:3B:FA:E3(RSSI:-56dB), ... +5 más)
├─ Anuncios raw: 81
└─ GPS: ✓
   └─ Pos: 37.663730, -0.955637 (29.29 knots)
2024-12-27 15:42:51,906 - INFO - 
├─ Secuencia: #74
├─ Dispositivos: 9 (33:4A:AD:EC:5C:52(RSSI:-73dB), 45:0D:01:F6:49:D3(RSSI:-90dB), DB:87:C0:9F:B8:EE(RSSI:-72dB), ... +6 más)
├─ Anuncios raw: 105
└─ GPS: ✓
   └─ Pos: 37.663730, -0.955637 (29.29 knots)
2024-12-27 15:42:58,907 - INFO - 
├─ Secuencia: #75
├─ Dispositivos: 9 (33:4A:AD:EC:5C:52(RSSI:-73dB), 3A:84:7D:19:21:51(RSSI:-88dB), DB:87:C0:9F:B8:EE(RSSI:-66dB), ... +6 más)
├─ Anuncios raw: 87
└─ GPS: ✓
   └─ Pos: 37.663730, -0.955637 (29.29 knots)
2024-12-27 15:42:58,913 - INFO - Tiempo de ejecución (10s) completado
2024-12-27 15:42:58,913 - INFO - Total de buffers procesados: 3
2024-12-27 15:42:58,918 - INFO - Conexión GPS cerrada
2024-12-27 15:42:58,920 - INFO - Conexión MongoDB cerrada
