2024-12-27 02:11:45,451 - INFO - Iniciando rastreador combinado GPS + BLE
2024-12-27 02:11:45,462 - INFO - GPS conectado en COM27
2024-12-27 02:11:45,462 - INFO - Iniciando captura indefinida
2024-12-27 02:11:45,463 - INFO - Iniciando recepci贸n de buffers combinados...
2024-12-27 02:11:51,643 - DEBUG - Cabecera UART encontrada
2024-12-27 02:11:51,645 - DEBUG - Dispositivo 1 parseado - MAC: 02:9B:87:E5:E6:60
2024-12-27 02:11:51,668 - INFO - Buffer #1 procesado - Secuencia: 9, Dispositivos: 1, GPS: No disponible
2024-12-27 02:11:58,642 - DEBUG - Cabecera UART encontrada
2024-12-27 02:11:58,646 - DEBUG - Dispositivo 1 parseado - MAC: 02:9B:87:E5:E6:60
2024-12-27 02:11:58,652 - INFO - Buffer #2 procesado - Secuencia: 10, Dispositivos: 1, GPS: No disponible
2024-12-27 02:12:05,643 - DEBUG - Cabecera UART encontrada
2024-12-27 02:12:05,646 - DEBUG - Dispositivo 1 parseado - MAC: 02:9B:87:E5:E6:60
2024-12-27 02:12:05,651 - INFO - Buffer #3 procesado - Secuencia: 11, Dispositivos: 1, GPS: No disponible
2024-12-27 02:12:12,643 - DEBUG - Cabecera UART encontrada
2024-12-27 02:12:12,645 - DEBUG - Dispositivo 1 parseado - MAC: 02:9B:87:E5:E6:60
2024-12-27 02:12:12,646 - INFO - Buffer #4 procesado - Secuencia: 12, Dispositivos: 1, GPS: No disponible
2024-12-27 02:12:19,642 - DEBUG - Cabecera UART encontrada
2024-12-27 02:12:19,645 - DEBUG - Dispositivo 1 parseado - MAC: 02:9B:87:E5:E6:60
2024-12-27 02:12:19,647 - INFO - Buffer #5 procesado - Secuencia: 13, Dispositivos: 1, GPS: No disponible
2024-12-27 02:12:26,642 - DEBUG - Cabecera UART encontrada
2024-12-27 02:12:26,645 - DEBUG - Dispositivo 1 parseado - MAC: 02:9B:87:E5:E6:60
2024-12-27 02:12:26,646 - INFO - Buffer #6 procesado - Secuencia: 14, Dispositivos: 1, GPS: No disponible
2024-12-27 02:12:33,643 - DEBUG - Cabecera UART encontrada
2024-12-27 02:12:33,645 - DEBUG - Dispositivo 1 parseado - MAC: 02:9B:87:E5:E6:60
2024-12-27 02:12:33,648 - INFO - Buffer #7 procesado - Secuencia: 15, Dispositivos: 1, GPS: No disponible
2024-12-27 02:12:40,643 - DEBUG - Cabecera UART encontrada
2024-12-27 02:12:40,645 - DEBUG - Dispositivo 1 parseado - MAC: 02:9B:87:E5:E6:60
2024-12-27 02:12:40,647 - INFO - Buffer #8 procesado - Secuencia: 16, Dispositivos: 1, GPS: No disponible
2024-12-27 02:12:47,643 - DEBUG - Cabecera UART encontrada
2024-12-27 02:12:47,646 - DEBUG - Dispositivo 1 parseado - MAC: 02:9B:87:E5:E6:60
2024-12-27 02:12:47,647 - INFO - Buffer #9 procesado - Secuencia: 17, Dispositivos: 1, GPS: No disponible
2024-12-27 02:12:54,642 - DEBUG - Cabecera UART encontrada
2024-12-27 02:12:54,645 - DEBUG - Dispositivo 1 parseado - MAC: 02:9B:87:E5:E6:60
2024-12-27 02:12:54,646 - INFO - Buffer #10 procesado - Secuencia: 18, Dispositivos: 1, GPS: No disponible
2024-12-27 02:13:01,643 - DEBUG - Cabecera UART encontrada
2024-12-27 02:13:01,646 - DEBUG - Dispositivo 1 parseado - MAC: 02:9B:87:E5:E6:60
2024-12-27 02:13:01,648 - INFO - Buffer #11 procesado - Secuencia: 19, Dispositivos: 1, GPS: No disponible
2024-12-27 02:13:08,643 - DEBUG - Cabecera UART encontrada
2024-12-27 02:13:08,646 - DEBUG - Dispositivo 1 parseado - MAC: 02:9B:87:E5:E6:60
2024-12-27 02:13:08,648 - INFO - Buffer #12 procesado - Secuencia: 20, Dispositivos: 1, GPS: No disponible
2024-12-27 02:13:15,643 - DEBUG - Cabecera UART encontrada
2024-12-27 02:13:15,646 - DEBUG - Dispositivo 1 parseado - MAC: 02:9B:87:E5:E6:60
2024-12-27 02:13:15,648 - INFO - Buffer #13 procesado - Secuencia: 21, Dispositivos: 1, GPS: No disponible
2024-12-27 02:13:22,643 - DEBUG - Cabecera UART encontrada
2024-12-27 02:13:22,646 - DEBUG - Dispositivo 1 parseado - MAC: 02:9B:87:E5:E6:60
2024-12-27 02:13:22,648 - INFO - Buffer #14 procesado - Secuencia: 22, Dispositivos: 1, GPS: No disponible
2024-12-27 02:13:29,643 - DEBUG - Cabecera UART encontrada
2024-12-27 02:13:29,646 - DEBUG - Dispositivo 1 parseado - MAC: 02:9B:87:E5:E6:60
2024-12-27 02:13:29,648 - INFO - Buffer #15 procesado - Secuencia: 23, Dispositivos: 1, GPS: No disponible
2024-12-27 02:13:36,643 - DEBUG - Cabecera UART encontrada
2024-12-27 02:13:36,646 - DEBUG - Dispositivo 1 parseado - MAC: 02:9B:87:E5:E6:60
2024-12-27 02:13:36,648 - INFO - Buffer #16 procesado - Secuencia: 24, Dispositivos: 1, GPS: No disponible
2024-12-27 02:13:43,643 - DEBUG - Cabecera UART encontrada
2024-12-27 02:13:43,646 - DEBUG - Dispositivo 1 parseado - MAC: 02:9B:87:E5:E6:60
2024-12-27 02:13:43,650 - DEBUG - Dispositivo 2 parseado - MAC: CB:EB:B8:DD:D2:7C
2024-12-27 02:13:43,652 - INFO - Buffer #17 procesado - Secuencia: 25, Dispositivos: 2, GPS: No disponible
2024-12-27 02:13:50,643 - DEBUG - Cabecera UART encontrada
2024-12-27 02:13:50,646 - DEBUG - Dispositivo 1 parseado - MAC: 02:9B:87:E5:E6:60
2024-12-27 02:13:50,648 - INFO - Buffer #18 procesado - Secuencia: 26, Dispositivos: 1, GPS: No disponible
2024-12-27 02:13:57,643 - DEBUG - Cabecera UART encontrada
2024-12-27 02:13:57,646 - DEBUG - Dispositivo 1 parseado - MAC: 02:9B:87:E5:E6:60
2024-12-27 02:13:57,648 - INFO - Buffer #19 procesado - Secuencia: 27, Dispositivos: 1, GPS: No disponible
2024-12-27 02:14:04,643 - DEBUG - Cabecera UART encontrada
2024-12-27 02:14:04,646 - DEBUG - Dispositivo 1 parseado - MAC: 02:9B:87:E5:E6:60
2024-12-27 02:14:04,648 - INFO - Buffer #20 procesado - Secuencia: 28, Dispositivos: 1, GPS: No disponible
2024-12-27 02:14:11,644 - DEBUG - Cabecera UART encontrada
2024-12-27 02:14:11,646 - DEBUG - Dispositivo 1 parseado - MAC: 02:9B:87:E5:E6:60
2024-12-27 02:14:11,649 - INFO - Buffer #21 procesado - Secuencia: 29, Dispositivos: 1, GPS: No disponible
2024-12-27 02:14:18,644 - DEBUG - Cabecera UART encontrada
2024-12-27 02:14:18,646 - DEBUG - Dispositivo 1 parseado - MAC: 02:9B:87:E5:E6:60
2024-12-27 02:14:18,652 - INFO - Buffer #22 procesado - Secuencia: 30, Dispositivos: 1, GPS: No disponible
2024-12-27 02:14:25,644 - DEBUG - Cabecera UART encontrada
2024-12-27 02:14:25,646 - DEBUG - Dispositivo 1 parseado - MAC: 02:9B:87:E5:E6:60
2024-12-27 02:14:25,649 - INFO - Buffer #23 procesado - Secuencia: 31, Dispositivos: 1, GPS: No disponible
2024-12-27 02:14:32,644 - DEBUG - Cabecera UART encontrada
2024-12-27 02:14:32,646 - DEBUG - Dispositivo 1 parseado - MAC: 02:9B:87:E5:E6:60
2024-12-27 02:14:32,649 - INFO - Buffer #24 procesado - Secuencia: 32, Dispositivos: 1, GPS: No disponible
2024-12-27 02:14:39,644 - DEBUG - Cabecera UART encontrada
2024-12-27 02:14:39,646 - DEBUG - Dispositivo 1 parseado - MAC: 02:9B:87:E5:E6:60
2024-12-27 02:14:39,649 - INFO - Buffer #25 procesado - Secuencia: 33, Dispositivos: 1, GPS: No disponible
2024-12-27 02:14:46,644 - DEBUG - Cabecera UART encontrada
2024-12-27 02:14:46,646 - DEBUG - Dispositivo 1 parseado - MAC: 02:9B:87:E5:E6:60
2024-12-27 02:14:46,649 - INFO - Buffer #26 procesado - Secuencia: 34, Dispositivos: 1, GPS: No disponible
2024-12-27 02:14:53,644 - DEBUG - Cabecera UART encontrada
2024-12-27 02:14:53,647 - DEBUG - Dispositivo 1 parseado - MAC: 02:9B:87:E5:E6:60
2024-12-27 02:14:53,648 - INFO - Buffer #27 procesado - Secuencia: 35, Dispositivos: 1, GPS: No disponible
2024-12-27 02:15:00,644 - DEBUG - Cabecera UART encontrada
2024-12-27 02:15:00,646 - DEBUG - Dispositivo 1 parseado - MAC: 02:9B:87:E5:E6:60
2024-12-27 02:15:00,649 - INFO - Buffer #28 procesado - Secuencia: 36, Dispositivos: 1, GPS: No disponible
2024-12-27 02:15:07,644 - DEBUG - Cabecera UART encontrada
2024-12-27 02:15:07,646 - DEBUG - Dispositivo 1 parseado - MAC: 02:9B:87:E5:E6:60
2024-12-27 02:15:07,649 - INFO - Buffer #29 procesado - Secuencia: 37, Dispositivos: 1, GPS: No disponible
2024-12-27 02:15:14,644 - DEBUG - Cabecera UART encontrada
2024-12-27 02:15:14,647 - DEBUG - Dispositivo 1 parseado - MAC: 02:9B:87:E5:E6:60
2024-12-27 02:15:14,650 - INFO - Buffer #30 procesado - Secuencia: 38, Dispositivos: 1, GPS: No disponible
2024-12-27 02:15:21,644 - DEBUG - Cabecera UART encontrada
2024-12-27 02:15:21,647 - DEBUG - Dispositivo 1 parseado - MAC: 02:9B:87:E5:E6:60
2024-12-27 02:15:21,649 - INFO - Buffer #31 procesado - Secuencia: 39, Dispositivos: 1, GPS: No disponible
2024-12-27 02:15:28,645 - DEBUG - Cabecera UART encontrada
2024-12-27 02:15:28,647 - DEBUG - Dispositivo 1 parseado - MAC: 02:9B:87:E5:E6:60
2024-12-27 02:15:28,649 - INFO - Buffer #32 procesado - Secuencia: 40, Dispositivos: 1, GPS: No disponible
2024-12-27 02:15:35,645 - DEBUG - Cabecera UART encontrada
2024-12-27 02:15:35,647 - DEBUG - Dispositivo 1 parseado - MAC: 02:9B:87:E5:E6:60
2024-12-27 02:15:35,649 - INFO - Buffer #33 procesado - Secuencia: 41, Dispositivos: 1, GPS: No disponible
2024-12-27 02:15:42,644 - DEBUG - Cabecera UART encontrada
2024-12-27 02:15:42,647 - DEBUG - Dispositivo 1 parseado - MAC: 02:9B:87:E5:E6:60
2024-12-27 02:15:42,649 - INFO - Buffer #34 procesado - Secuencia: 42, Dispositivos: 1, GPS: No disponible
2024-12-27 02:15:49,644 - DEBUG - Cabecera UART encontrada
2024-12-27 02:15:49,647 - DEBUG - Dispositivo 1 parseado - MAC: 02:9B:87:E5:E6:60
2024-12-27 02:15:49,650 - INFO - Buffer #35 procesado - Secuencia: 43, Dispositivos: 1, GPS: No disponible
2024-12-27 02:15:56,645 - DEBUG - Cabecera UART encontrada
2024-12-27 02:15:56,647 - DEBUG - Dispositivo 1 parseado - MAC: 02:9B:87:E5:E6:60
2024-12-27 02:15:56,648 - INFO - Buffer #36 procesado - Secuencia: 44, Dispositivos: 1, GPS: No disponible
2024-12-27 02:16:03,645 - DEBUG - Cabecera UART encontrada
2024-12-27 02:16:03,647 - DEBUG - Dispositivo 1 parseado - MAC: 02:9B:87:E5:E6:60
2024-12-27 02:16:03,649 - INFO - Buffer #37 procesado - Secuencia: 45, Dispositivos: 1, GPS: No disponible
2024-12-27 02:16:10,645 - DEBUG - Cabecera UART encontrada
2024-12-27 02:16:10,647 - DEBUG - Dispositivo 1 parseado - MAC: 02:9B:87:E5:E6:60
2024-12-27 02:16:10,649 - INFO - Buffer #38 procesado - Secuencia: 46, Dispositivos: 1, GPS: No disponible
2024-12-27 02:16:17,645 - DEBUG - Cabecera UART encontrada
2024-12-27 02:16:17,648 - DEBUG - Dispositivo 1 parseado - MAC: 02:9B:87:E5:E6:60
2024-12-27 02:16:17,650 - INFO - Buffer #39 procesado - Secuencia: 47, Dispositivos: 1, GPS: No disponible
2024-12-27 02:16:24,645 - DEBUG - Cabecera UART encontrada
2024-12-27 02:16:24,647 - DEBUG - Dispositivo 1 parseado - MAC: 02:9B:87:E5:E6:60
2024-12-27 02:16:24,650 - INFO - Buffer #40 procesado - Secuencia: 48, Dispositivos: 1, GPS: No disponible
2024-12-27 02:16:31,645 - DEBUG - Cabecera UART encontrada
2024-12-27 02:16:31,648 - DEBUG - Dispositivo 1 parseado - MAC: 02:9B:87:E5:E6:60
2024-12-27 02:16:31,651 - DEBUG - Dispositivo 2 parseado - MAC: CB:EB:B8:DD:D2:7C
2024-12-27 02:16:31,657 - INFO - Buffer #41 procesado - Secuencia: 49, Dispositivos: 2, GPS: No disponible
2024-12-27 02:16:38,646 - DEBUG - Cabecera UART encontrada
2024-12-27 02:16:38,649 - DEBUG - Dispositivo 1 parseado - MAC: 02:9B:87:E5:E6:60
2024-12-27 02:16:38,652 - DEBUG - Dispositivo 2 parseado - MAC: CB:EB:B8:DD:D2:7C
2024-12-27 02:16:38,655 - INFO - Buffer #42 procesado - Secuencia: 50, Dispositivos: 2, GPS: No disponible
2024-12-27 02:16:45,645 - DEBUG - Cabecera UART encontrada
2024-12-27 02:16:45,648 - DEBUG - Dispositivo 1 parseado - MAC: 02:9B:87:E5:E6:60
2024-12-27 02:16:45,652 - DEBUG - Dispositivo 2 parseado - MAC: CB:EB:B8:DD:D2:7C
2024-12-27 02:16:45,656 - INFO - Buffer #43 procesado - Secuencia: 51, Dispositivos: 2, GPS: No disponible
2024-12-27 02:16:52,646 - DEBUG - Cabecera UART encontrada
2024-12-27 02:16:52,648 - DEBUG - Dispositivo 1 parseado - MAC: 02:9B:87:E5:E6:60
2024-12-27 02:16:52,652 - DEBUG - Dispositivo 2 parseado - MAC: CB:EB:B8:DD:D2:7C
2024-12-27 02:16:52,657 - INFO - Buffer #44 procesado - Secuencia: 52, Dispositivos: 2, GPS: No disponible
2024-12-27 02:16:59,646 - INFO - Recepci贸n interrumpida por el usuario
2024-12-27 02:16:59,646 - INFO - Total de buffers procesados: 44
2024-12-27 02:16:59,651 - INFO - Conexi贸n GPS cerrada
2024-12-27 02:16:59,655 - INFO - Conexi贸n MongoDB cerrada
