2024-12-27 15:43:02,104 - INFO - Iniciando rastreador combinado GPS + BLE
2024-12-27 15:43:02,114 - INFO - GPS conectado en COM29
2024-12-27 15:43:02,114 - INFO - Iniciando captura por 10 segundos
2024-12-27 15:43:02,115 - INFO - === Iniciando recepción de buffers combinados ===
2024-12-27 15:43:05,930 - INFO - 
├─ Secuencia: #76
├─ Dispositivos: 15 (33:4A:AD:EC:5C:52(RSSI:-91dB), DB:87:C0:9F:B8:EE(RSSI:-72dB), C5:BB:10:3B:FA:E3(RSSI:-62dB), ... +12 más)
├─ Anuncios raw: 137
└─ GPS: ✓
   └─ Pos: 37.665526, -0.955007 (18.42 knots)
2024-12-27 15:43:12,924 - INFO - 
├─ Secuencia: #77
├─ Dispositivos: 14 (33:4A:AD:EC:5C:52(RSSI:-70dB), DB:87:C0:9F:B8:EE(RSSI:-69dB), C5:BB:10:3B:FA:E3(RSSI:-59dB), ... +11 más)
├─ Anuncios raw: 176
└─ GPS: ✓
   └─ Pos: 37.665526, -0.955007 (18.42 knots)
2024-12-27 15:43:12,960 - INFO - Tiempo de ejecución (10s) completado
2024-12-27 15:43:12,960 - INFO - Total de buffers procesados: 2
2024-12-27 15:43:12,967 - INFO - Conexión GPS cerrada
2024-12-27 15:43:12,969 - INFO - Conexión MongoDB cerrada
