2024-12-27 15:41:58,708 - INFO - Iniciando rastreador combinado GPS + BLE
2024-12-27 15:41:58,718 - INFO - GPS conectado en COM29
2024-12-27 15:41:58,719 - INFO - Iniciando captura por 10 segundos
2024-12-27 15:41:58,719 - INFO - === Iniciando recepción de buffers combinados ===
2024-12-27 15:42:02,909 - INFO - 
├─ Secuencia: #67
├─ Dispositivos: 10 (33:4A:AD:EC:5C:52(RSSI:-71dB), DB:87:C0:9F:B8:EE(RSSI:-69dB), C5:BB:10:3B:FA:E3(RSSI:-54dB), ... +7 más)
├─ Anuncios raw: 133
└─ GPS: ✓
   └─ Pos: 37.658932, -0.956355 (27.57 knots)
2024-12-27 15:42:09,913 - INFO - 
├─ Secuencia: #68
├─ Dispositivos: 11 (33:4A:AD:EC:5C:52(RSSI:-69dB), DB:87:C0:9F:B8:EE(RSSI:-70dB), C5:BB:10:3B:FA:E3(RSSI:-57dB), ... +8 más)
├─ Anuncios raw: 122
└─ GPS: ✓
   └─ Pos: 37.658932, -0.956355 (27.57 knots)
2024-12-27 15:42:09,948 - INFO - Tiempo de ejecución (10s) completado
2024-12-27 15:42:09,949 - INFO - Total de buffers procesados: 2
2024-12-27 15:42:09,956 - INFO - Conexión GPS cerrada
2024-12-27 15:42:09,959 - INFO - Conexión MongoDB cerrada
