2024-12-27 12:09:45,105 - INFO - Iniciando rastreador combinado GPS + BLE
2024-12-27 12:09:45,115 - INFO - GPS conectado en COM27
2024-12-27 12:09:45,115 - INFO - Iniciando captura indefinida
2024-12-27 12:09:45,117 - INFO - === Iniciando recepción de buffers combinados ===
2024-12-27 12:09:45,846 - INFO - 
├─ Secuencia: #10
├─ Dispositivos: 3 (7A:38:13:6E:2C:DC(RSSI:-47dB), F3:68:13:6E:2C:DC(RSSI:-56dB), 38:68:43:65:DE:28(RSSI:-76dB))
├─ Anuncios raw: 4
└─ GPS: ✗
2024-12-27 12:09:52,845 - INFO - 
├─ Secuencia: #11
├─ Dispositivos: 2 (F3:68:13:6E:2C:DC(RSSI:-52dB), 38:68:43:65:DE:28(RSSI:-73dB))
├─ Anuncios raw: 2
└─ GPS: ✗
2024-12-27 12:09:59,847 - INFO - 
├─ Secuencia: #12
├─ Dispositivos: 3 (7A:38:13:6E:2C:DC(RSSI:-46dB), F3:68:13:6E:2C:DC(RSSI:-52dB), 38:68:43:65:DE:28(RSSI:-72dB))
├─ Anuncios raw: 3
└─ GPS: ✗
2024-12-27 12:10:06,845 - INFO - 
├─ Secuencia: #13
├─ Dispositivos: 2 (7A:38:13:6E:2C:DC(RSSI:-48dB), 38:68:43:65:DE:28(RSSI:-73dB))
├─ Anuncios raw: 3
└─ GPS: ✗
2024-12-27 12:10:13,835 - INFO - 
=== Captura interrumpida por el usuario ===
2024-12-27 12:10:13,836 - INFO - Total de buffers procesados: 4
2024-12-27 12:10:13,843 - INFO - Conexión GPS cerrada
2024-12-27 12:10:13,846 - INFO - Conexión MongoDB cerrada
