2024-12-27 15:42:13,131 - INFO - Iniciando rastreador combinado GPS + BLE
2024-12-27 15:42:13,142 - INFO - GPS conectado en COM29
2024-12-27 15:42:13,142 - INFO - Iniciando captura por 10 segundos
2024-12-27 15:42:13,142 - INFO - === Iniciando recepción de buffers combinados ===
2024-12-27 15:42:16,906 - INFO - 
├─ Secuencia: #69
├─ Dispositivos: 9 (33:4A:AD:EC:5C:52(RSSI:-65dB), DB:87:C0:9F:B8:EE(RSSI:-64dB), C5:BB:10:3B:FA:E3(RSSI:-61dB), ... +6 más)
├─ Anuncios raw: 100
└─ GPS: ✓
   └─ Pos: 37.660138, -0.955938 (15.30 knots)
2024-12-27 15:42:23,902 - INFO - 
├─ Secuencia: #70
├─ Dispositivos: 8 (33:4A:AD:EC:5C:52(RSSI:-65dB), DB:87:C0:9F:B8:EE(RSSI:-61dB), C5:BB:10:3B:FA:E3(RSSI:-69dB), ... +5 más)
├─ Anuncios raw: 87
└─ GPS: ✓
   └─ Pos: 37.660138, -0.955938 (15.30 knots)
2024-12-27 15:42:23,912 - INFO - Tiempo de ejecución (10s) completado
2024-12-27 15:42:23,913 - INFO - Total de buffers procesados: 2
2024-12-27 15:42:23,920 - INFO - Conexión GPS cerrada
2024-12-27 15:42:23,923 - INFO - Conexión MongoDB cerrada
