2024-12-27 15:40:06,516 - INFO - Iniciando rastreador combinado GPS + BLE
2024-12-27 15:40:06,526 - INFO - GPS conectado en COM29
2024-12-27 15:40:06,527 - INFO - Iniciando captura por 10 segundos
2024-12-27 15:40:06,527 - INFO - === Iniciando recepción de buffers combinados ===
2024-12-27 15:40:10,913 - INFO - 
├─ Secuencia: #51
├─ Dispositivos: 11 (33:4A:AD:EC:5C:52(RSSI:-70dB), DB:87:C0:9F:B8:EE(RSSI:-68dB), C5:BB:10:3B:FA:E3(RSSI:-53dB), ... +8 más)
├─ Anuncios raw: 155
└─ GPS: ✓
   └─ Pos: 37.636732, -0.961316 (42.60 knots)
2024-12-27 15:40:17,912 - INFO - 
├─ Secuencia: #52
├─ Dispositivos: 11 (33:4A:AD:EC:5C:52(RSSI:-73dB), DB:87:C0:9F:B8:EE(RSSI:-68dB), C5:BB:10:3B:FA:E3(RSSI:-50dB), ... +8 más)
├─ Anuncios raw: 138
└─ GPS: ✓
   └─ Pos: 37.636732, -0.961316 (42.60 knots)
2024-12-27 15:40:17,946 - INFO - Tiempo de ejecución (10s) completado
2024-12-27 15:40:17,947 - INFO - Total de buffers procesados: 2
2024-12-27 15:40:17,955 - INFO - Conexión GPS cerrada
2024-12-27 15:40:17,957 - INFO - Conexión MongoDB cerrada
