2024-12-27 15:37:10,546 - INFO - Iniciando rastreador combinado GPS + BLE
2024-12-27 15:37:10,557 - INFO - GPS conectado en COM29
2024-12-27 15:37:10,557 - INFO - Iniciando captura por 10 segundos
2024-12-27 15:37:10,558 - INFO - === Iniciando recepción de buffers combinados ===
2024-12-27 15:37:15,932 - INFO - 
├─ Secuencia: #26
├─ Dispositivos: 17 (33:4A:AD:EC:5C:52(RSSI:-67dB), DB:87:C0:9F:B8:EE(RSSI:-66dB), C5:BB:10:3B:FA:E3(RSSI:-50dB), ... +14 más)
├─ Anuncios raw: 123
└─ GPS: ✓
   └─ Pos: 37.617020, -0.968861 (3.68 knots)
2024-12-27 15:37:22,946 - INFO - 
├─ Secuencia: #27
├─ Dispositivos: 21 (D0:A1:B9:4D:E4:C5(RSSI:-87dB), 33:4A:AD:EC:5C:52(RSSI:-64dB), B3:56:B1:D8:EB:E9(RSSI:-86dB), ... +18 más)
├─ Anuncios raw: 151
└─ GPS: ✓
   └─ Pos: 37.617020, -0.968861 (3.68 knots)
2024-12-27 15:37:22,982 - INFO - Tiempo de ejecución (10s) completado
2024-12-27 15:37:22,982 - INFO - Total de buffers procesados: 2
2024-12-27 15:37:22,989 - INFO - Conexión GPS cerrada
2024-12-27 15:37:22,991 - INFO - Conexión MongoDB cerrada
