2024-12-27 15:51:27,456 - INFO - Iniciando rastreador combinado GPS + BLE
2024-12-27 15:51:27,467 - INFO - GPS conectado en COM29
2024-12-27 15:51:27,467 - INFO - Iniciando captura por 10 segundos
2024-12-27 15:51:27,468 - INFO - === Iniciando recepción de buffers combinados ===
2024-12-27 15:51:30,991 - INFO - 
├─ Secuencia: #0
├─ Dispositivos: 8 (61:C3:A3:71:F8:17(RSSI:-86dB), A5:63:B4:8F:26:05(RSSI:-85dB), 20:78:2A:53:92:75(RSSI:-90dB), ... +5 más)
├─ Anuncios raw: 17
└─ GPS: ✓
   └─ Pos: 37.696526, -0.971476 (36.75 knots)
2024-12-27 15:51:37,961 - INFO - 
├─ Secuencia: #1
├─ Dispositivos: 1 (37:97:2A:06:5B:63(RSSI:-70dB))
├─ Anuncios raw: 2
└─ GPS: ✓
   └─ Pos: 37.696526, -0.971476 (36.75 knots)
2024-12-27 15:51:37,965 - INFO - Tiempo de ejecución (10s) completado
2024-12-27 15:51:37,965 - INFO - Total de buffers procesados: 2
2024-12-27 15:51:37,971 - INFO - Conexión GPS cerrada
2024-12-27 15:51:37,972 - INFO - Conexión MongoDB cerrada
