2024-12-27 15:52:24,486 - INFO - Iniciando rastreador combinado GPS + BLE
2024-12-27 15:52:24,497 - INFO - GPS conectado en COM29
2024-12-27 15:52:24,497 - INFO - Iniciando captura por 10 segundos
2024-12-27 15:52:24,497 - INFO - === Iniciando recepción de buffers combinados ===
2024-12-27 15:52:26,976 - INFO - 
├─ Secuencia: #8
├─ Dispositivos: 4 (5F:91:17:14:14:53(RSSI:-89dB), D0:81:E5:97:4A:D0(RSSI:-81dB), DD:99:F0:4C:5A:24(RSSI:-86dB), ... +1 más)
├─ Anuncios raw: 25
└─ GPS: ✓
   └─ Pos: 37.702439, -0.978416 (23.87 knots)
2024-12-27 15:52:33,969 - INFO - 
├─ Secuencia: #9
├─ Dispositivos: 2 (99:60:5E:54:E4:51(RSSI:-85dB), DD:99:F0:4C:5A:24(RSSI:-86dB))
├─ Anuncios raw: 15
└─ GPS: ✓
   └─ Pos: 37.702439, -0.978416 (23.87 knots)
2024-12-27 15:52:40,966 - INFO - 
├─ Secuencia: #10
├─ Dispositivos: 2 (99:83:4C:41:2B:10(RSSI:-90dB), A2:A7:D1:4C:A0:4E(RSSI:-86dB))
├─ Anuncios raw: 2
└─ GPS: ✓
   └─ Pos: 37.702439, -0.978416 (23.87 knots)
2024-12-27 15:52:40,969 - INFO - Tiempo de ejecución (10s) completado
2024-12-27 15:52:40,969 - INFO - Total de buffers procesados: 3
2024-12-27 15:52:40,975 - INFO - Conexión GPS cerrada
2024-12-27 15:52:40,976 - INFO - Conexión MongoDB cerrada
