2024-12-27 14:46:17,205 - INFO - Iniciando rastreador combinado GPS + BLE
2024-12-27 14:46:17,220 - INFO - GPS conectado en COM27
2024-12-27 14:46:17,221 - INFO - Iniciando captura indefinida
2024-12-27 14:46:17,222 - INFO - === Iniciando recepción de buffers combinados ===
2024-12-27 14:46:21,716 - INFO - 
├─ Secuencia: #119
├─ Dispositivos: 1 (70:47:8A:CE:69:D6(RSSI:-91dB))
├─ Anuncios raw: 1
└─ GPS: ✓
   └─ Pos: 37.601568, -0.979342 (0.04 knots)
2024-12-27 14:46:28,720 - INFO - 
├─ Secuencia: #120
├─ Dispositivos: 1 (F5:C0:76:6B:11:7B(RSSI:-86dB))
├─ Anuncios raw: 3
└─ GPS: ✓
   └─ Pos: 37.601568, -0.979342 (0.04 knots)
2024-12-27 14:46:35,735 - INFO - 
├─ Secuencia: #121
├─ Dispositivos: 5 (2E:BE:18:41:CF:54(RSSI:-90dB), BE:11:45:3D:31:4F(RSSI:-87dB), F5:C0:76:6B:11:7B(RSSI:-91dB), ... +2 más)
├─ Anuncios raw: 13
└─ GPS: ✓
   └─ Pos: 37.601568, -0.979342 (0.04 knots)
2024-12-27 14:46:42,734 - INFO - 
├─ Secuencia: #122
├─ Dispositivos: 5 (BE:11:45:3D:31:4F(RSSI:-87dB), C5:1C:44:29:24:43(RSSI:-86dB), F5:C0:76:6B:11:7B(RSSI:-84dB), ... +2 más)
├─ Anuncios raw: 14
└─ GPS: ✓
   └─ Pos: 37.601568, -0.979342 (0.04 knots)
2024-12-27 14:46:49,726 - INFO - 
├─ Secuencia: #123
├─ Dispositivos: 3 (BE:11:45:3D:31:4F(RSSI:-89dB), C5:1C:44:29:24:43(RSSI:-95dB), F5:C0:76:6B:11:7B(RSSI:-80dB))
├─ Anuncios raw: 21
└─ GPS: ✓
   └─ Pos: 37.601568, -0.979342 (0.04 knots)
2024-12-27 14:46:56,727 - INFO - 
├─ Secuencia: #124
├─ Dispositivos: 3 (AF:68:43:65:DE:28(RSSI:-91dB), BE:11:45:3D:31:4F(RSSI:-87dB), F5:C0:76:6B:11:7B(RSSI:-83dB))
├─ Anuncios raw: 13
└─ GPS: ✓
   └─ Pos: 37.601568, -0.979342 (0.04 knots)
2024-12-27 14:47:03,719 - INFO - 
├─ Secuencia: #125
├─ Dispositivos: 1 (F5:C0:76:6B:11:7B(RSSI:-85dB))
├─ Anuncios raw: 2
└─ GPS: ✓
   └─ Pos: 37.601568, -0.979342 (0.04 knots)
2024-12-27 14:47:45,731 - INFO - 
├─ Secuencia: #131
├─ Dispositivos: 4 (A2:0E:33:B6:67:49(RSSI:-89dB), D6:6E:2C:F2:7B:53(RSSI:-91dB), 5B:45:2D:DD:88:EA(RSSI:-89dB), ... +1 más)
├─ Anuncios raw: 9
└─ GPS: ✓
   └─ Pos: 37.601568, -0.979342 (0.04 knots)
2024-12-27 14:47:52,737 - INFO - 
├─ Secuencia: #132
├─ Dispositivos: 6 (A2:0E:33:B6:67:49(RSSI:-91dB), D6:6E:2C:F2:7B:53(RSSI:-92dB), 6C:25:B1:4B:CB:C2(RSSI:-90dB), ... +3 más)
├─ Anuncios raw: 13
└─ GPS: ✓
   └─ Pos: 37.601567, -0.979341 (0.03 knots)
2024-12-27 14:47:59,735 - INFO - 
├─ Secuencia: #133
├─ Dispositivos: 5 (A2:0E:33:B6:67:49(RSSI:-91dB), 58:68:43:65:DE:28(RSSI:-87dB), D6:6E:2C:F2:7B:53(RSSI:-85dB), ... +2 más)
├─ Anuncios raw: 9
└─ GPS: ✓
   └─ Pos: 37.601567, -0.979341 (0.03 knots)
2024-12-27 14:48:06,728 - INFO - 
├─ Secuencia: #134
├─ Dispositivos: 3 (58:68:43:65:DE:28(RSSI:-88dB), D6:6E:2C:F2:7B:53(RSSI:-95dB), 86:DC:A0:0E:AC:ED(RSSI:-89dB))
├─ Anuncios raw: 4
└─ GPS: ✓
   └─ Pos: 37.601567, -0.979341 (0.03 knots)
2024-12-27 14:48:13,753 - INFO - 
├─ Secuencia: #135
├─ Dispositivos: 10 (85:52:99:4F:F0:57(RSSI:-80dB), A2:0E:33:B6:67:49(RSSI:-93dB), D6:6E:2C:F2:7B:53(RSSI:-84dB), ... +7 más)
├─ Anuncios raw: 33
└─ GPS: ✓
   └─ Pos: 37.601567, -0.979341 (0.03 knots)
2024-12-27 14:48:20,796 - INFO - 
├─ Secuencia: #136
├─ Dispositivos: 22 (5E:7D:39:DB:D2:DF(RSSI:-91dB), 85:52:99:4F:F0:57(RSSI:-84dB), A2:0E:33:B6:67:49(RSSI:-90dB), ... +19 más)
├─ Anuncios raw: 134
└─ GPS: ✓
   └─ Pos: 37.601567, -0.979341 (0.03 knots)
2024-12-27 14:48:27,797 - INFO - 
├─ Secuencia: #137
├─ Dispositivos: 22 (85:52:99:4F:F0:57(RSSI:-88dB), A2:0E:33:B6:67:49(RSSI:-88dB), D6:6E:2C:F2:7B:53(RSSI:-90dB), ... +19 más)
├─ Anuncios raw: 102
└─ GPS: ✓
   └─ Pos: 37.601567, -0.979341 (0.03 knots)
2024-12-27 14:48:34,773 - INFO - 
├─ Secuencia: #138
├─ Dispositivos: 16 (A2:0E:33:B6:67:49(RSSI:-87dB), D6:6E:2C:F2:7B:53(RSSI:-91dB), 31:0D:EF:2A:5D:3C(RSSI:-90dB), ... +13 más)
├─ Anuncios raw: 65
└─ GPS: ✓
   └─ Pos: 37.601567, -0.979341 (0.03 knots)
2024-12-27 14:48:41,775 - INFO - 
├─ Secuencia: #139
├─ Dispositivos: 16 (1E:1B:89:8D:4F:62(RSSI:-90dB), CA:88:AE:DE:ED:59(RSSI:-91dB), A2:0E:33:B6:67:49(RSSI:-92dB), ... +13 más)
├─ Anuncios raw: 88
└─ GPS: ✓
   └─ Pos: 37.601567, -0.979341 (0.03 knots)
2024-12-27 14:48:48,755 - INFO - 
├─ Secuencia: #140
├─ Dispositivos: 11 (1E:1B:89:8D:4F:62(RSSI:-89dB), CA:88:AE:DE:ED:59(RSSI:-81dB), 59:F5:C1:8E:F9:56(RSSI:-85dB), ... +8 más)
├─ Anuncios raw: 78
└─ GPS: ✓
   └─ Pos: 37.601567, -0.979340 (0.06 knots)
2024-12-27 14:48:55,739 - INFO - 
├─ Secuencia: #141
├─ Dispositivos: 6 (19:63:0A:EF:A6:C8(RSSI:-90dB), 66:00:00:03:8D:EE(RSSI:-92dB), 59:F5:C1:8E:F9:56(RSSI:-85dB), ... +3 más)
├─ Anuncios raw: 29
└─ GPS: ✓
   └─ Pos: 37.601567, -0.979340 (0.06 knots)
2024-12-27 14:49:02,747 - INFO - 
├─ Secuencia: #142
├─ Dispositivos: 8 (19:63:0A:EF:A6:C8(RSSI:-91dB), 66:00:00:03:8D:EE(RSSI:-90dB), 59:F5:C1:8E:F9:56(RSSI:-90dB), ... +5 más)
├─ Anuncios raw: 65
└─ GPS: ✓
   └─ Pos: 37.601567, -0.979340 (0.06 knots)
2024-12-27 14:49:09,742 - INFO - 
├─ Secuencia: #143
├─ Dispositivos: 7 (19:63:0A:EF:A6:C8(RSSI:-89dB), 66:00:00:03:8D:EE(RSSI:-91dB), 76:EB:E2:C0:30:53(RSSI:-87dB), ... +4 más)
├─ Anuncios raw: 83
└─ GPS: ✓
   └─ Pos: 37.601567, -0.979340 (0.06 knots)
2024-12-27 14:49:16,750 - INFO - 
├─ Secuencia: #144
├─ Dispositivos: 9 (B1:9C:D5:41:2D:10(RSSI:-92dB), 19:63:0A:EF:A6:C8(RSSI:-83dB), 66:00:00:03:8D:EE(RSSI:-87dB), ... +6 más)
├─ Anuncios raw: 83
└─ GPS: ✓
   └─ Pos: 37.601567, -0.979339 (0.06 knots)
2024-12-27 14:49:23,746 - INFO - 
├─ Secuencia: #145
├─ Dispositivos: 8 (B1:9C:D5:41:2D:10(RSSI:-88dB), 19:63:0A:EF:A6:C8(RSSI:-79dB), 66:00:00:03:8D:EE(RSSI:-89dB), ... +5 más)
├─ Anuncios raw: 90
└─ GPS: ✓
   └─ Pos: 37.601567, -0.979339 (0.06 knots)
2024-12-27 14:49:30,751 - INFO - 
├─ Secuencia: #146
├─ Dispositivos: 9 (B1:9C:D5:41:2D:10(RSSI:-91dB), 19:63:0A:EF:A6:C8(RSSI:-90dB), 66:00:00:03:8D:EE(RSSI:-90dB), ... +6 más)
├─ Anuncios raw: 71
└─ GPS: ✓
   └─ Pos: 37.601567, -0.979339 (0.06 knots)
2024-12-27 14:49:37,747 - INFO - 
├─ Secuencia: #147
├─ Dispositivos: 9 (19:63:0A:EF:A6:C8(RSSI:-88dB), 66:00:00:03:8D:EE(RSSI:-86dB), 1E:D5:07:85:75:55(RSSI:-88dB), ... +6 más)
├─ Anuncios raw: 47
└─ GPS: ✓
   └─ Pos: 37.601567, -0.979339 (0.06 knots)
2024-12-27 14:49:44,738 - INFO - 
├─ Secuencia: #148
├─ Dispositivos: 6 (19:63:0A:EF:A6:C8(RSSI:-90dB), 66:00:00:03:8D:EE(RSSI:-90dB), A2:5F:A3:B0:A0:71(RSSI:-90dB), ... +3 más)
├─ Anuncios raw: 16
└─ GPS: ✓
   └─ Pos: 37.601566, -0.979339 (0.05 knots)
2024-12-27 14:49:51,739 - INFO - 
├─ Secuencia: #149
├─ Dispositivos: 6 (BE:04:00:EB:96:BE(RSSI:-88dB), 66:00:00:03:8D:EE(RSSI:-88dB), 4F:C4:E5:CB:AA:E8(RSSI:-91dB), ... +3 más)
├─ Anuncios raw: 28
└─ GPS: ✓
   └─ Pos: 37.601566, -0.979339 (0.05 knots)
2024-12-27 14:49:58,759 - INFO - 
├─ Secuencia: #150
├─ Dispositivos: 11 (BE:04:00:EB:96:BE(RSSI:-90dB), 66:00:00:03:8D:EE(RSSI:-90dB), 4F:C4:E5:CB:AA:E8(RSSI:-91dB), ... +8 más)
├─ Anuncios raw: 35
└─ GPS: ✓
   └─ Pos: 37.601566, -0.979339 (0.05 knots)
2024-12-27 14:50:05,784 - INFO - 
├─ Secuencia: #151
├─ Dispositivos: 18 (BE:04:00:EB:96:BE(RSSI:-90dB), DB:02:3A:2D:31:4C(RSSI:-90dB), 66:00:00:03:8D:EE(RSSI:-92dB), ... +15 más)
├─ Anuncios raw: 60
└─ GPS: ✓
   └─ Pos: 37.601566, -0.979339 (0.05 knots)
2024-12-27 14:50:12,804 - INFO - 
├─ Secuencia: #152
├─ Dispositivos: 24 (BE:04:00:EB:96:BE(RSSI:-87dB), DB:02:3A:2D:31:4C(RSSI:-91dB), FF:13:37:48:C4:2D(RSSI:-90dB), ... +21 más)
├─ Anuncios raw: 110
└─ GPS: ✓
   └─ Pos: 37.601566, -0.979338 (0.03 knots)
2024-12-27 14:50:19,827 - INFO - 
├─ Secuencia: #153
├─ Dispositivos: 30 (F2:2D:C4:4B:68:6B(RSSI:-90dB), FF:13:37:48:C4:2D(RSSI:-87dB), 3D:39:7F:7A:30:A4(RSSI:-90dB), ... +27 más)
├─ Anuncios raw: 170
└─ GPS: ✓
   └─ Pos: 37.601566, -0.979338 (0.03 knots)
2024-12-27 14:50:26,847 - INFO - 
├─ Secuencia: #154
├─ Dispositivos: 35 (BE:04:00:EB:96:BE(RSSI:-85dB), DB:02:3A:2D:31:4C(RSSI:-80dB), F2:2D:C4:4B:68:6B(RSSI:-87dB), ... +32 más)
├─ Anuncios raw: 285
└─ GPS: ✓
   └─ Pos: 37.601566, -0.979338 (0.03 knots)
2024-12-27 14:50:33,883 - INFO - 
├─ Secuencia: #155
├─ Dispositivos: 45 (AD:47:7C:88:3A:6E(RSSI:-88dB), BE:04:00:EB:96:BE(RSSI:-90dB), DB:02:3A:2D:31:4C(RSSI:-72dB), ... +42 más)
├─ Anuncios raw: 377
└─ GPS: ✓
   └─ Pos: 37.601566, -0.979338 (0.03 knots)
2024-12-27 14:50:40,881 - INFO - 
├─ Secuencia: #156
├─ Dispositivos: 45 (BE:04:00:EB:96:BE(RSSI:-85dB), DB:02:3A:2D:31:4C(RSSI:-70dB), F2:2D:C4:4B:68:6B(RSSI:-84dB), ... +42 más)
├─ Anuncios raw: 439
└─ GPS: ✓
   └─ Pos: 37.601563, -0.979337 (0.12 knots)
2024-12-27 14:50:47,894 - INFO - 
├─ Secuencia: #157
├─ Dispositivos: 48 (AD:C6:42:98:E1:D2(RSSI:-91dB), DB:02:3A:2D:31:4C(RSSI:-78dB), BE:04:00:EB:96:BE(RSSI:-84dB), ... +45 más)
├─ Anuncios raw: 488
└─ GPS: ✓
   └─ Pos: 37.601563, -0.979337 (0.12 knots)
2024-12-27 14:50:54,873 - INFO - 
├─ Secuencia: #158
├─ Dispositivos: 42 (AD:C6:42:98:E1:D2(RSSI:-87dB), BE:04:00:EB:96:BE(RSSI:-84dB), DB:02:3A:2D:31:4C(RSSI:-78dB), ... +39 más)
├─ Anuncios raw: 412
└─ GPS: ✓
   └─ Pos: 37.601563, -0.979337 (0.12 knots)
2024-12-27 14:51:01,844 - INFO - 
├─ Secuencia: #159
├─ Dispositivos: 35 (AD:C6:42:98:E1:D2(RSSI:-74dB), BE:04:00:EB:96:BE(RSSI:-82dB), DB:02:3A:2D:31:4C(RSSI:-73dB), ... +32 más)
├─ Anuncios raw: 381
└─ GPS: ✓
   └─ Pos: 37.601563, -0.979337 (0.12 knots)
2024-12-27 14:51:08,835 - INFO - 
├─ Secuencia: #160
├─ Dispositivos: 32 (AD:C6:42:98:E1:D2(RSSI:-82dB), DB:02:3A:2D:31:4C(RSSI:-85dB), BE:04:00:EB:96:BE(RSSI:-86dB), ... +29 más)
├─ Anuncios raw: 377
└─ GPS: ✓
   └─ Pos: 37.601562, -0.979336 (0.07 knots)
2024-12-27 14:51:15,820 - INFO - 
├─ Secuencia: #161
├─ Dispositivos: 28 (AD:C6:42:98:E1:D2(RSSI:-69dB), 56:3F:44:58:B8:58(RSSI:-76dB), DB:02:3A:2D:31:4C(RSSI:-74dB), ... +25 más)
├─ Anuncios raw: 380
└─ GPS: ✓
   └─ Pos: 37.601562, -0.979336 (0.07 knots)
2024-12-27 14:51:22,814 - INFO - 
├─ Secuencia: #162
├─ Dispositivos: 26 (AD:C6:42:98:E1:D2(RSSI:-79dB), DB:02:3A:2D:31:4C(RSSI:-84dB), 56:3F:44:58:B8:58(RSSI:-79dB), ... +23 más)
├─ Anuncios raw: 338
└─ GPS: ✓
   └─ Pos: 37.601562, -0.979336 (0.07 knots)
2024-12-27 14:51:29,829 - INFO - 
├─ Secuencia: #163
├─ Dispositivos: 30 (AD:C6:42:98:E1:D2(RSSI:-84dB), 56:3F:44:58:B8:58(RSSI:-83dB), DB:02:3A:2D:31:4C(RSSI:-80dB), ... +27 más)
├─ Anuncios raw: 340
└─ GPS: ✓
   └─ Pos: 37.601562, -0.979336 (0.07 knots)
2024-12-27 14:51:36,835 - INFO - 
├─ Secuencia: #164
├─ Dispositivos: 32 (AD:C6:42:98:E1:D2(RSSI:-85dB), 56:3F:44:58:B8:58(RSSI:-89dB), BE:04:00:EB:96:BE(RSSI:-87dB), ... +29 más)
├─ Anuncios raw: 194
└─ GPS: ✓
   └─ Pos: 37.601559, -0.979334 (0.05 knots)
2024-12-27 14:51:43,820 - INFO - 
├─ Secuencia: #165
├─ Dispositivos: 28 (6F:4A:DF:0B:12:C8(RSSI:-90dB), BE:04:00:EB:96:BE(RSSI:-88dB), DB:02:3A:2D:31:4C(RSSI:-91dB), ... +25 más)
├─ Anuncios raw: 179
└─ GPS: ✓
   └─ Pos: 37.601559, -0.979334 (0.05 knots)
2024-12-27 14:51:50,820 - INFO - 
├─ Secuencia: #166
├─ Dispositivos: 28 (AD:C6:42:98:E1:D2(RSSI:-80dB), BE:04:00:EB:96:BE(RSSI:-87dB), E1:EB:56:05:6C:50(RSSI:-86dB), ... +25 más)
├─ Anuncios raw: 264
└─ GPS: ✓
   └─ Pos: 37.601559, -0.979334 (0.05 knots)
2024-12-27 14:51:57,796 - INFO - 
├─ Secuencia: #167
├─ Dispositivos: 21 (AD:C6:42:98:E1:D2(RSSI:-71dB), BE:04:00:EB:96:BE(RSSI:-89dB), E1:EB:56:05:6C:50(RSSI:-68dB), ... +18 más)
├─ Anuncios raw: 185
└─ GPS: ✓
   └─ Pos: 37.601559, -0.979334 (0.05 knots)
2024-12-27 14:52:04,810 - INFO - 
├─ Secuencia: #168
├─ Dispositivos: 25 (AD:C6:42:98:E1:D2(RSSI:-73dB), BE:04:00:EB:96:BE(RSSI:-83dB), E1:EB:56:05:6C:50(RSSI:-79dB), ... +22 más)
├─ Anuncios raw: 226
└─ GPS: ✓
   └─ Pos: 37.601558, -0.979333 (0.02 knots)
2024-12-27 14:52:11,808 - INFO - 
├─ Secuencia: #169
├─ Dispositivos: 25 (AD:C6:42:98:E1:D2(RSSI:-68dB), E1:EB:56:05:6C:50(RSSI:-77dB), A7:07:6E:A4:21:E5(RSSI:-80dB), ... +22 más)
├─ Anuncios raw: 271
└─ GPS: ✓
   └─ Pos: 37.601558, -0.979333 (0.02 knots)
2024-12-27 14:52:18,808 - INFO - 
├─ Secuencia: #170
├─ Dispositivos: 24 (AD:C6:42:98:E1:D2(RSSI:-81dB), E1:EB:56:05:6C:50(RSSI:-86dB), 69:5C:18:2D:FB:C1(RSSI:-87dB), ... +21 más)
├─ Anuncios raw: 202
└─ GPS: ✓
   └─ Pos: 37.601558, -0.979333 (0.02 knots)
2024-12-27 14:52:25,786 - INFO - 
├─ Secuencia: #171
├─ Dispositivos: 19 (AD:C6:42:98:E1:D2(RSSI:-82dB), E1:EB:56:05:6C:50(RSSI:-77dB), 6D:E5:9B:AA:99:7A(RSSI:-79dB), ... +16 más)
├─ Anuncios raw: 132
└─ GPS: ✓
   └─ Pos: 37.601558, -0.979333 (0.02 knots)
2024-12-27 14:52:32,788 - INFO - 
├─ Secuencia: #172
├─ Dispositivos: 19 (E1:EB:56:05:6C:50(RSSI:-89dB), 6D:E5:9B:AA:99:7A(RSSI:-79dB), A0:9B:4A:A9:FD:06(RSSI:-84dB), ... +16 más)
├─ Anuncios raw: 108
└─ GPS: ✓
   └─ Pos: 37.601556, -0.979333 (0.03 knots)
2024-12-27 14:52:39,796 - INFO - 
├─ Secuencia: #173
├─ Dispositivos: 21 (AD:C6:42:98:E1:D2(RSSI:-84dB), E1:EB:56:05:6C:50(RSSI:-89dB), 6D:E5:9B:AA:99:7A(RSSI:-83dB), ... +18 más)
├─ Anuncios raw: 116
└─ GPS: ✓
   └─ Pos: 37.601556, -0.979333 (0.03 knots)
2024-12-27 14:52:46,782 - INFO - 
├─ Secuencia: #174
├─ Dispositivos: 17 (AD:C6:42:98:E1:D2(RSSI:-87dB), E1:EB:56:05:6C:50(RSSI:-85dB), 71:FA:14:D2:BE:64(RSSI:-88dB), ... +14 más)
├─ Anuncios raw: 62
└─ GPS: ✓
   └─ Pos: 37.601556, -0.979333 (0.03 knots)
2024-12-27 14:52:53,775 - INFO - 
├─ Secuencia: #175
├─ Dispositivos: 15 (C3:A4:12:38:DF:F9(RSSI:-88dB), A0:9B:4A:A9:FD:06(RSSI:-89dB), 05:96:DD:DA:EF:71(RSSI:-87dB), ... +12 más)
├─ Anuncios raw: 59
└─ GPS: ✓
   └─ Pos: 37.601556, -0.979333 (0.03 knots)
2024-12-27 14:53:00,755 - INFO - 
├─ Secuencia: #176
├─ Dispositivos: 10 (C3:A4:12:38:DF:F9(RSSI:-89dB), 3D:DA:DB:7F:80:64(RSSI:-90dB), E8:E1:6F:A3:E9:52(RSSI:-88dB), ... +7 más)
├─ Anuncios raw: 22
└─ GPS: ✓
   └─ Pos: 37.601555, -0.979331 (0.15 knots)
2024-12-27 14:53:07,793 - INFO - 
├─ Secuencia: #177
├─ Dispositivos: 20 (93:BD:E8:3B:5D:75(RSSI:-86dB), 98:16:F2:60:B7:6E(RSSI:-90dB), C3:A4:12:38:DF:F9(RSSI:-89dB), ... +17 más)
├─ Anuncios raw: 55
└─ GPS: ✓
   └─ Pos: 37.601555, -0.979331 (0.15 knots)
2024-12-27 14:53:14,801 - INFO - 
├─ Secuencia: #178
├─ Dispositivos: 22 (F2:2D:C4:4B:68:6B(RSSI:-88dB), 93:BD:E8:3B:5D:75(RSSI:-88dB), C3:A4:12:38:DF:F9(RSSI:-87dB), ... +19 más)
├─ Anuncios raw: 105
└─ GPS: ✓
   └─ Pos: 37.601555, -0.979331 (0.15 knots)
2024-12-27 14:53:21,800 - INFO - 
├─ Secuencia: #179
├─ Dispositivos: 22 (D9:69:BD:CD:F7:DE(RSSI:-86dB), 93:BD:E8:3B:5D:75(RSSI:-88dB), 32:9E:C8:1D:83:70(RSSI:-90dB), ... +19 más)
├─ Anuncios raw: 162
└─ GPS: ✓
   └─ Pos: 37.601555, -0.979331 (0.15 knots)
2024-12-27 14:53:28,814 - INFO - 
├─ Secuencia: #180
├─ Dispositivos: 26 (AD:80:02:5B:5E:FB(RSSI:-89dB), 93:BD:E8:3B:5D:75(RSSI:-87dB), C3:A4:12:38:DF:F9(RSSI:-84dB), ... +23 más)
├─ Anuncios raw: 235
└─ GPS: ✓
   └─ Pos: 37.601554, -0.979330 (0.15 knots)
2024-12-27 14:53:35,793 - INFO - 
├─ Secuencia: #181
├─ Dispositivos: 20 (93:BD:E8:3B:5D:75(RSSI:-84dB), C3:A4:12:38:DF:F9(RSSI:-89dB), DB:85:5E:21:FF:F1(RSSI:-88dB), ... +17 más)
├─ Anuncios raw: 242
└─ GPS: ✓
   └─ Pos: 37.601554, -0.979330 (0.15 knots)
2024-12-27 14:53:42,798 - INFO - 
├─ Secuencia: #182
├─ Dispositivos: 21 (93:BD:E8:3B:5D:75(RSSI:-87dB), C3:A4:12:38:DF:F9(RSSI:-85dB), DB:85:5E:21:FF:F1(RSSI:-88dB), ... +18 más)
├─ Anuncios raw: 283
└─ GPS: ✓
   └─ Pos: 37.601554, -0.979330 (0.15 knots)
2024-12-27 14:53:49,821 - INFO - 
├─ Secuencia: #183
├─ Dispositivos: 28 (ED:C5:E6:25:44:E2(RSSI:-72dB), 93:BD:E8:3B:5D:75(RSSI:-90dB), 32:9E:C8:1D:83:70(RSSI:-88dB), ... +25 más)
├─ Anuncios raw: 290
└─ GPS: ✓
   └─ Pos: 37.601554, -0.979330 (0.15 knots)
2024-12-27 14:53:56,837 - INFO - 
├─ Secuencia: #184
├─ Dispositivos: 32 (19:F6:3F:D1:11:F4(RSSI:-90dB), 93:BD:E8:3B:5D:75(RSSI:-89dB), 54:AC:B6:25:59:F3(RSSI:-91dB), ... +29 más)
├─ Anuncios raw: 308
└─ GPS: ✓
   └─ Pos: 37.601552, -0.979328 (0.07 knots)
2024-12-27 14:54:03,832 - INFO - 
├─ Secuencia: #185
├─ Dispositivos: 31 (19:F6:3F:D1:11:F4(RSSI:-78dB), 93:BD:E8:3B:5D:75(RSSI:-90dB), 54:AC:B6:25:59:F3(RSSI:-90dB), ... +28 más)
├─ Anuncios raw: 296
└─ GPS: ✓
   └─ Pos: 37.601552, -0.979328 (0.07 knots)
2024-12-27 14:54:10,835 - INFO - 
├─ Secuencia: #186
├─ Dispositivos: 31 (8A:2C:2C:52:E7:43(RSSI:-90dB), D9:69:BD:CD:F7:DE(RSSI:-85dB), C8:CC:20:00:1A:76(RSSI:-86dB), ... +28 más)
├─ Anuncios raw: 294
└─ GPS: ✓
   └─ Pos: 37.601552, -0.979328 (0.07 knots)
2024-12-27 14:54:17,867 - INFO - 
├─ Secuencia: #187
├─ Dispositivos: 40 (8A:2C:2C:52:E7:43(RSSI:-90dB), D9:69:BD:CD:F7:DE(RSSI:-80dB), 93:BD:E8:3B:5D:75(RSSI:-83dB), ... +37 más)
├─ Anuncios raw: 327
└─ GPS: ✓
   └─ Pos: 37.601552, -0.979328 (0.07 knots)
2024-12-27 14:54:24,830 - INFO - 
├─ Secuencia: #188
├─ Dispositivos: 30 (D9:69:BD:CD:F7:DE(RSSI:-87dB), 93:BD:E8:3B:5D:75(RSSI:-75dB), 32:9E:C8:1D:83:70(RSSI:-90dB), ... +27 más)
├─ Anuncios raw: 257
└─ GPS: ✓
   └─ Pos: 37.601554, -0.979322 (1.10 knots)
2024-12-27 14:54:31,816 - INFO - 
├─ Secuencia: #189
├─ Dispositivos: 26 (D9:69:BD:CD:F7:DE(RSSI:-81dB), 93:BD:E8:3B:5D:75(RSSI:-76dB), B1:A7:F2:41:2D:10(RSSI:-88dB), ... +23 más)
├─ Anuncios raw: 143
└─ GPS: ✓
   └─ Pos: 37.601554, -0.979322 (1.10 knots)
2024-12-27 14:54:38,818 - INFO - 
├─ Secuencia: #190
├─ Dispositivos: 26 (D9:69:BD:CD:F7:DE(RSSI:-73dB), 93:BD:E8:3B:5D:75(RSSI:-76dB), B1:A7:F2:41:2D:10(RSSI:-91dB), ... +23 más)
├─ Anuncios raw: 232
└─ GPS: ✓
   └─ Pos: 37.601554, -0.979322 (1.10 knots)
2024-12-27 14:54:45,816 - INFO - 
├─ Secuencia: #191
├─ Dispositivos: 26 (D9:69:BD:CD:F7:DE(RSSI:-77dB), EA:D1:67:08:C9:D0(RSSI:-89dB), 93:BD:E8:3B:5D:75(RSSI:-86dB), ... +23 más)
├─ Anuncios raw: 238
└─ GPS: ✓
   └─ Pos: 37.601554, -0.979322 (1.10 knots)
2024-12-27 14:54:52,816 - INFO - 
├─ Secuencia: #192
├─ Dispositivos: 26 (D9:69:BD:CD:F7:DE(RSSI:-80dB), EA:D1:67:08:C9:D0(RSSI:-89dB), 93:BD:E8:3B:5D:75(RSSI:-87dB), ... +23 más)
├─ Anuncios raw: 249
└─ GPS: ✓
   └─ Pos: 37.601555, -0.979321 (0.17 knots)
2024-12-27 14:54:59,799 - INFO - 
├─ Secuencia: #193
├─ Dispositivos: 22 (D9:69:BD:CD:F7:DE(RSSI:-83dB), 93:BD:E8:3B:5D:75(RSSI:-69dB), C3:A4:12:38:DF:F9(RSSI:-81dB), ... +19 más)
├─ Anuncios raw: 293
└─ GPS: ✓
   └─ Pos: 37.601555, -0.979321 (0.17 knots)
2024-12-27 14:55:06,832 - INFO - 
├─ Secuencia: #194
├─ Dispositivos: 30 (D9:69:BD:CD:F7:DE(RSSI:-83dB), 53:04:D9:FE:F0:64(RSSI:-89dB), 93:BD:E8:3B:5D:75(RSSI:-82dB), ... +27 más)
├─ Anuncios raw: 380
└─ GPS: ✓
   └─ Pos: 37.601555, -0.979321 (0.17 knots)
2024-12-27 14:55:13,845 - INFO - 
├─ Secuencia: #195
├─ Dispositivos: 34 (73:F0:21:1F:3A:62(RSSI:-78dB), D9:69:BD:CD:F7:DE(RSSI:-86dB), 53:04:D9:FE:F0:64(RSSI:-90dB), ... +31 más)
├─ Anuncios raw: 401
└─ GPS: ✓
   └─ Pos: 37.601555, -0.979321 (0.17 knots)
2024-12-27 14:55:20,879 - INFO - 
├─ Secuencia: #196
├─ Dispositivos: 43 (1D:40:4F:F1:7C:E6(RSSI:-89dB), D9:69:BD:CD:F7:DE(RSSI:-84dB), 83:A9:D7:3F:A4:D8(RSSI:-84dB), ... +40 más)
├─ Anuncios raw: 410
└─ GPS: ✓
   └─ Pos: 37.601554, -0.979321 (0.14 knots)
2024-12-27 14:55:27,881 - INFO - 
├─ Secuencia: #197
├─ Dispositivos: 44 (83:A9:D7:3F:A4:D8(RSSI:-90dB), 55:D1:41:18:4C:76(RSSI:-84dB), 53:04:D9:FE:F0:64(RSSI:-92dB), ... +41 más)
├─ Anuncios raw: 395
└─ GPS: ✓
   └─ Pos: 37.601554, -0.979321 (0.14 knots)
2024-12-27 14:55:34,869 - INFO - 
├─ Secuencia: #198
├─ Dispositivos: 40 (87:D3:7B:61:CB:5C(RSSI:-92dB), D9:69:BD:CD:F7:DE(RSSI:-87dB), 53:04:D9:FE:F0:64(RSSI:-88dB), ... +37 más)
├─ Anuncios raw: 360
└─ GPS: ✓
   └─ Pos: 37.601554, -0.979321 (0.14 knots)
2024-12-27 14:55:41,905 - INFO - 
├─ Secuencia: #199
├─ Dispositivos: 50 (5A:B7:CC:34:8A:25(RSSI:-89dB), F2:2D:C4:4B:68:6B(RSSI:-89dB), A1:B5:89:F9:96:54(RSSI:-91dB), ... +47 más)
├─ Anuncios raw: 310
└─ GPS: ✓
   └─ Pos: 37.601554, -0.979321 (0.14 knots)
2024-12-27 14:55:48,904 - INFO - 
├─ Secuencia: #200
├─ Dispositivos: 50 (30:37:B4:3D:A7:5F(RSSI:-89dB), F2:2D:C4:4B:68:6B(RSSI:-87dB), 53:04:D9:FE:F0:64(RSSI:-91dB), ... +47 más)
├─ Anuncios raw: 382
└─ GPS: ✓
   └─ Pos: 37.601555, -0.979322 (0.17 knots)
2024-12-27 14:55:55,872 - INFO - 
├─ Secuencia: #201
├─ Dispositivos: 41 (3F:62:89:91:47:5C(RSSI:-86dB), D9:69:BD:CD:F7:DE(RSSI:-90dB), 53:04:D9:FE:F0:64(RSSI:-85dB), ... +38 más)
├─ Anuncios raw: 295
└─ GPS: ✓
   └─ Pos: 37.601555, -0.979322 (0.17 knots)
2024-12-27 14:56:02,855 - INFO - 
├─ Secuencia: #202
├─ Dispositivos: 36 (C1:C8:06:EC:66:7F(RSSI:-87dB), 55:D1:41:18:4C:76(RSSI:-88dB), 53:04:D9:FE:F0:64(RSSI:-85dB), ... +33 más)
├─ Anuncios raw: 226
└─ GPS: ✓
   └─ Pos: 37.601555, -0.979322 (0.17 knots)
2024-12-27 14:56:09,872 - INFO - 
├─ Secuencia: #203
├─ Dispositivos: 41 (1D:40:4F:F1:7C:E6(RSSI:-84dB), 30:37:B4:3D:A7:5F(RSSI:-90dB), 53:04:D9:FE:F0:64(RSSI:-84dB), ... +38 más)
├─ Anuncios raw: 237
└─ GPS: ✓
   └─ Pos: 37.601555, -0.979322 (0.17 knots)
2024-12-27 14:56:16,833 - INFO - 
├─ Secuencia: #204
├─ Dispositivos: 31 (C1:C8:06:EC:66:7F(RSSI:-87dB), 30:37:B4:3D:A7:5F(RSSI:-90dB), 53:04:D9:FE:F0:64(RSSI:-87dB), ... +28 más)
├─ Anuncios raw: 220
└─ GPS: ✓
   └─ Pos: 37.601555, -0.979322 (0.08 knots)
2024-12-27 14:56:23,826 - INFO - 
├─ Secuencia: #205
├─ Dispositivos: 29 (C1:C8:06:EC:66:7F(RSSI:-83dB), 5F:E9:02:4D:A4:24(RSSI:-88dB), F7:A1:7A:CF:4B:56(RSSI:-89dB), ... +26 más)
├─ Anuncios raw: 193
└─ GPS: ✓
   └─ Pos: 37.601555, -0.979322 (0.08 knots)
2024-12-27 14:56:30,840 - INFO - 
├─ Secuencia: #206
├─ Dispositivos: 32 (C1:C8:06:EC:66:7F(RSSI:-68dB), 5F:E9:02:4D:A4:24(RSSI:-89dB), F7:A1:7A:CF:4B:56(RSSI:-84dB), ... +29 más)
├─ Anuncios raw: 207
└─ GPS: ✓
   └─ Pos: 37.601555, -0.979322 (0.08 knots)
2024-12-27 14:56:37,797 - INFO - 
├─ Secuencia: #207
├─ Dispositivos: 21 (C1:C8:06:EC:66:7F(RSSI:-71dB), D9:69:BD:CD:F7:DE(RSSI:-87dB), F7:A1:7A:CF:4B:56(RSSI:-91dB), ... +18 más)
├─ Anuncios raw: 188
└─ GPS: ✓
   └─ Pos: 37.601555, -0.979322 (0.08 knots)
2024-12-27 14:56:44,802 - INFO - 
├─ Secuencia: #208
├─ Dispositivos: 22 (C1:C8:06:EC:66:7F(RSSI:-85dB), D9:69:BD:CD:F7:DE(RSSI:-91dB), F7:A1:7A:CF:4B:56(RSSI:-89dB), ... +19 más)
├─ Anuncios raw: 202
└─ GPS: ✓
   └─ Pos: 37.601555, -0.979323 (0.03 knots)
2024-12-27 14:56:51,814 - INFO - 
├─ Secuencia: #209
├─ Dispositivos: 25 (C1:C8:06:EC:66:7F(RSSI:-74dB), D9:69:BD:CD:F7:DE(RSSI:-92dB), 98:3E:69:FC:9C:47(RSSI:-89dB), ... +22 más)
├─ Anuncios raw: 192
└─ GPS: ✓
   └─ Pos: 37.601555, -0.979323 (0.03 knots)
2024-12-27 14:56:58,833 - INFO - 
├─ Secuencia: #210
├─ Dispositivos: 30 (C1:C8:06:EC:66:7F(RSSI:-77dB), 32:E8:87:0F:DE:D3(RSSI:-81dB), 16:74:2A:13:92:68(RSSI:-90dB), ... +27 más)
├─ Anuncios raw: 248
└─ GPS: ✓
   └─ Pos: 37.601555, -0.979323 (0.03 knots)
2024-12-27 14:57:05,818 - INFO - 
├─ Secuencia: #211
├─ Dispositivos: 26 (C1:C8:06:EC:66:7F(RSSI:-90dB), F0:BD:75:F3:FA:54(RSSI:-65dB), 44:7B:6E:45:E4:73(RSSI:-85dB), ... +23 más)
├─ Anuncios raw: 207
└─ GPS: ✓
   └─ Pos: 37.601555, -0.979323 (0.03 knots)
2024-12-27 14:57:12,905 - INFO - 
├─ Secuencia: #212
├─ Dispositivos: 50 (F8:CA:51:A0:48:63(RSSI:-90dB), EA:35:8B:C1:31:1B(RSSI:-84dB), 1F:F5:B2:E1:E0:D8(RSSI:-89dB), ... +47 más)
├─ Anuncios raw: 302
└─ GPS: ✓
   └─ Pos: 37.601556, -0.979325 (0.08 knots)
2024-12-27 14:57:19,906 - INFO - 
├─ Secuencia: #213
├─ Dispositivos: 50 (3B:59:10:2C:D3:DD(RSSI:-79dB), 1F:F5:B2:E1:E0:D8(RSSI:-88dB), 7C:CA:D4:A7:CE:EF(RSSI:-80dB), ... +47 más)
├─ Anuncios raw: 313
└─ GPS: ✓
   └─ Pos: 37.601556, -0.979325 (0.08 knots)
2024-12-27 14:57:26,907 - INFO - 
├─ Secuencia: #214
├─ Dispositivos: 50 (1F:F5:B2:E1:E0:D8(RSSI:-67dB), EC:D7:BB:99:5F:48(RSSI:-89dB), 69:D1:81:FB:FE:F4(RSSI:-89dB), ... +47 más)
├─ Anuncios raw: 405
└─ GPS: ✓
   └─ Pos: 37.601556, -0.979325 (0.08 knots)
2024-12-27 14:57:33,906 - INFO - 
├─ Secuencia: #215
├─ Dispositivos: 50 (73:F0:21:1F:3A:62(RSSI:-80dB), F0:BD:75:F3:FA:54(RSSI:-81dB), 3B:09:6E:A6:B3:78(RSSI:-84dB), ... +47 más)
├─ Anuncios raw: 435
└─ GPS: ✓
   └─ Pos: 37.601556, -0.979325 (0.08 knots)
2024-12-27 14:57:40,868 - INFO - 
├─ Secuencia: #216
├─ Dispositivos: 40 (73:F0:21:1F:3A:62(RSSI:-87dB), 32:E8:87:0F:DE:D3(RSSI:-90dB), 14:6B:32:BC:BD:78(RSSI:-92dB), ... +37 más)
├─ Anuncios raw: 290
└─ GPS: ✓
   └─ Pos: 37.601556, -0.979326 (0.15 knots)
2024-12-27 14:57:47,864 - INFO - 
├─ Secuencia: #217
├─ Dispositivos: 39 (F8:CA:51:A0:48:63(RSSI:-90dB), 73:F0:21:1F:3A:62(RSSI:-83dB), D6:A7:36:D8:AD:EA(RSSI:-81dB), ... +36 más)
├─ Anuncios raw: 222
└─ GPS: ✓
   └─ Pos: 37.601556, -0.979326 (0.15 knots)
2024-12-27 14:57:54,852 - INFO - 
├─ Secuencia: #218
├─ Dispositivos: 35 (73:F0:21:1F:3A:62(RSSI:-89dB), 32:E8:87:0F:DE:D3(RSSI:-91dB), 14:6B:32:BC:BD:78(RSSI:-90dB), ... +32 más)
├─ Anuncios raw: 174
└─ GPS: ✓
   └─ Pos: 37.601556, -0.979326 (0.15 knots)
2024-12-27 14:58:01,804 - INFO - 
├─ Secuencia: #219
├─ Dispositivos: 22 (1F:F5:B2:E1:E0:D8(RSSI:-92dB), E4:E5:D7:24:13:68(RSSI:-81dB), 4C:F1:B6:A1:E7:65(RSSI:-91dB), ... +19 más)
├─ Anuncios raw: 115
└─ GPS: ✓
   └─ Pos: 37.601556, -0.979326 (0.15 knots)
2024-12-27 14:58:08,807 - INFO - 
├─ Secuencia: #220
├─ Dispositivos: 23 (13:33:DD:36:35:12(RSSI:-88dB), 4C:F1:B6:A1:E7:65(RSSI:-88dB), E4:E5:D7:24:13:68(RSSI:-90dB), ... +20 más)
├─ Anuncios raw: 144
└─ GPS: ✓
   └─ Pos: 37.601557, -0.979327 (0.15 knots)
2024-12-27 14:58:15,833 - INFO - 
├─ Secuencia: #221
├─ Dispositivos: 30 (13:33:DD:36:35:12(RSSI:-85dB), 4C:F1:B6:A1:E7:65(RSSI:-89dB), 2B:D7:53:13:9D:E0(RSSI:-91dB), ... +27 más)
├─ Anuncios raw: 199
└─ GPS: ✓
   └─ Pos: 37.601557, -0.979327 (0.15 knots)
2024-12-27 14:58:22,842 - INFO - 
├─ Secuencia: #222
├─ Dispositivos: 32 (13:33:DD:36:35:12(RSSI:-89dB), 4C:F1:B6:A1:E7:65(RSSI:-84dB), 2B:D7:53:13:9D:E0(RSSI:-88dB), ... +29 más)
├─ Anuncios raw: 185
└─ GPS: ✓
   └─ Pos: 37.601557, -0.979327 (0.15 knots)
2024-12-27 14:58:29,804 - INFO - 
├─ Secuencia: #223
├─ Dispositivos: 22 (4C:F1:B6:A1:E7:65(RSSI:-88dB), 13:33:DD:36:35:12(RSSI:-84dB), 2B:D7:53:13:9D:E0(RSSI:-89dB), ... +19 más)
├─ Anuncios raw: 148
└─ GPS: ✓
   └─ Pos: 37.601557, -0.979327 (0.15 knots)
2024-12-27 14:58:36,807 - INFO - 
├─ Secuencia: #224
├─ Dispositivos: 23 (13:33:DD:36:35:12(RSSI:-90dB), 4C:F1:B6:A1:E7:65(RSSI:-89dB), 4A:63:88:68:DA:4F(RSSI:-90dB), ... +20 más)
├─ Anuncios raw: 153
└─ GPS: ✓
   └─ Pos: 37.601557, -0.979328 (0.10 knots)
2024-12-27 14:58:43,779 - INFO - 
├─ Secuencia: #225
├─ Dispositivos: 15 (4C:F1:B6:A1:E7:65(RSSI:-87dB), 47:BF:14:7A:22:B0(RSSI:-89dB), 4B:BE:7D:EB:A3:D4(RSSI:-91dB), ... +12 más)
├─ Anuncios raw: 130
└─ GPS: ✓
   └─ Pos: 37.601557, -0.979328 (0.10 knots)
2024-12-27 14:58:50,795 - INFO - 
├─ Secuencia: #226
├─ Dispositivos: 19 (35:46:86:F6:9E:4E(RSSI:-91dB), C9:75:D6:BC:BD:78(RSSI:-92dB), AF:FC:C8:62:8F:E5(RSSI:-86dB), ... +16 más)
├─ Anuncios raw: 129
└─ GPS: ✓
   └─ Pos: 37.601557, -0.979328 (0.10 knots)
2024-12-27 14:58:57,779 - INFO - 
├─ Secuencia: #227
├─ Dispositivos: 15 (4C:F1:B6:A1:E7:65(RSSI:-89dB), FA:40:73:8F:50:5D(RSSI:-95dB), A0:21:A2:D8:94:7B(RSSI:-91dB), ... +12 más)
├─ Anuncios raw: 129
└─ GPS: ✓
   └─ Pos: 37.601557, -0.979328 (0.10 knots)
2024-12-27 14:59:04,777 - INFO - 
├─ Secuencia: #228
├─ Dispositivos: 15 (A0:21:A2:D8:94:7B(RSSI:-90dB), 3D:C2:6A:F4:74:60(RSSI:-87dB), 44:6E:48:23:6A:4F(RSSI:-88dB), ... +12 más)
├─ Anuncios raw: 158
└─ GPS: ✓
   └─ Pos: 37.601559, -0.979329 (0.30 knots)
2024-12-27 14:59:11,816 - INFO - 
├─ Secuencia: #229
├─ Dispositivos: 25 (35:46:86:F6:9E:4E(RSSI:-89dB), 67:EE:6C:D6:3A:54(RSSI:-86dB), C9:75:D6:BC:BD:78(RSSI:-90dB), ... +22 más)
├─ Anuncios raw: 223
└─ GPS: ✓
   └─ Pos: 37.601559, -0.979329 (0.30 knots)
2024-12-27 14:59:18,795 - INFO - 
├─ Secuencia: #230
├─ Dispositivos: 19 (11:23:1F:5D:6E:64(RSSI:-87dB), 35:46:86:F6:9E:4E(RSSI:-89dB), 67:EE:6C:D6:3A:54(RSSI:-89dB), ... +16 más)
├─ Anuncios raw: 165
└─ GPS: ✓
   └─ Pos: 37.601559, -0.979329 (0.30 knots)
2024-12-27 14:59:25,821 - INFO - 
├─ Secuencia: #231
├─ Dispositivos: 27 (35:46:86:F6:9E:4E(RSSI:-93dB), 09:80:01:DD:72:AC(RSSI:-88dB), 67:EE:6C:D6:3A:54(RSSI:-90dB), ... +24 más)
├─ Anuncios raw: 238
└─ GPS: ✓
   └─ Pos: 37.601559, -0.979329 (0.30 knots)
2024-12-27 14:59:32,793 - INFO - 
├─ Secuencia: #232
├─ Dispositivos: 19 (35:46:86:F6:9E:4E(RSSI:-87dB), 09:80:01:DD:72:AC(RSSI:-88dB), C9:75:D6:BC:BD:78(RSSI:-90dB), ... +16 más)
├─ Anuncios raw: 181
└─ GPS: ✓
   └─ Pos: 37.601560, -0.979330 (0.24 knots)
2024-12-27 14:59:39,794 - INFO - 
├─ Secuencia: #233
├─ Dispositivos: 19 (C9:75:D6:BC:BD:78(RSSI:-89dB), 09:80:01:DD:72:AC(RSSI:-85dB), 05:B5:B1:93:69:84(RSSI:-89dB), ... +16 más)
├─ Anuncios raw: 110
└─ GPS: ✓
   └─ Pos: 37.601560, -0.979330 (0.24 knots)
2024-12-27 14:59:46,759 - INFO - 
├─ Secuencia: #234
├─ Dispositivos: 9 (CF:04:5E:8B:B7:4E(RSSI:-89dB), 09:80:01:DD:72:AC(RSSI:-90dB), 3F:54:B0:CA:4E:D7(RSSI:-82dB), ... +6 más)
├─ Anuncios raw: 31
└─ GPS: ✓
   └─ Pos: 37.601560, -0.979330 (0.24 knots)
2024-12-27 14:59:53,827 - INFO - 
├─ Secuencia: #235
├─ Dispositivos: 28 (0B:B9:17:17:50:7F(RSSI:-90dB), 84:26:51:C4:A6:FC(RSSI:-90dB), 09:80:01:DD:72:AC(RSSI:-86dB), ... +25 más)
├─ Anuncios raw: 234
└─ GPS: ✓
   └─ Pos: 37.601560, -0.979333 (0.09 knots)
2024-12-27 15:00:00,723 - INFO - 
=== Captura interrumpida por el usuario ===
2024-12-27 15:00:00,724 - INFO - Total de buffers procesados: 112
2024-12-27 15:00:00,728 - INFO - Conexión GPS cerrada
2024-12-27 15:00:00,731 - INFO - Conexión MongoDB cerrada
