2024-12-27 01:22:21,986 - INFO - Iniciando rastreador combinado GPS + BLE
2024-12-27 01:22:21,996 - INFO - GPS conectado en COM27
2024-12-27 01:22:21,996 - INFO - Iniciando captura indefinida
2024-12-27 01:22:21,996 - INFO - Iniciando recepción de buffers combinados...
2024-12-27 01:22:22,415 - DEBUG - Cabecera UART encontrada
2024-12-27 01:22:22,418 - DEBUG - Dispositivo 1 parseado - MAC: 02:9B:87:E5:E6:60
2024-12-27 01:22:22,451 - INFO - Buffer #1 procesado - Secuencia: 181, Dispositivos: 1, GPS: No disponible
2024-12-27 01:22:29,415 - DEBUG - Cabecera UART encontrada
2024-12-27 01:22:29,418 - DEBUG - Dispositivo 1 parseado - MAC: 02:9B:87:E5:E6:60
2024-12-27 01:22:29,421 - INFO - Buffer #2 procesado - Secuencia: 182, Dispositivos: 1, GPS: No disponible
2024-12-27 01:22:36,415 - DEBUG - Cabecera UART encontrada
2024-12-27 01:22:36,418 - DEBUG - Dispositivo 1 parseado - MAC: 02:9B:87:E5:E6:60
2024-12-27 01:22:36,420 - INFO - Buffer #3 procesado - Secuencia: 183, Dispositivos: 1, GPS: No disponible
2024-12-27 01:22:43,415 - DEBUG - Cabecera UART encontrada
2024-12-27 01:22:43,418 - DEBUG - Dispositivo 1 parseado - MAC: 02:9B:87:E5:E6:60
2024-12-27 01:22:43,421 - INFO - Buffer #4 procesado - Secuencia: 184, Dispositivos: 1, GPS: No disponible
2024-12-27 01:22:50,416 - DEBUG - Cabecera UART encontrada
2024-12-27 01:22:50,418 - DEBUG - Dispositivo 1 parseado - MAC: 02:9B:87:E5:E6:60
2024-12-27 01:22:50,420 - INFO - Buffer #5 procesado - Secuencia: 185, Dispositivos: 1, GPS: No disponible
2024-12-27 01:22:57,415 - DEBUG - Cabecera UART encontrada
2024-12-27 01:22:57,418 - DEBUG - Dispositivo 1 parseado - MAC: 02:9B:87:E5:E6:60
2024-12-27 01:22:57,420 - INFO - Buffer #6 procesado - Secuencia: 186, Dispositivos: 1, GPS: No disponible
2024-12-27 01:23:04,416 - DEBUG - Cabecera UART encontrada
2024-12-27 01:23:04,418 - DEBUG - Dispositivo 1 parseado - MAC: 02:9B:87:E5:E6:60
2024-12-27 01:23:04,422 - INFO - Buffer #7 procesado - Secuencia: 187, Dispositivos: 1, GPS: No disponible
2024-12-27 01:23:11,415 - DEBUG - Cabecera UART encontrada
2024-12-27 01:23:11,418 - DEBUG - Dispositivo 1 parseado - MAC: 02:9B:87:E5:E6:60
2024-12-27 01:23:11,421 - INFO - Buffer #8 procesado - Secuencia: 188, Dispositivos: 1, GPS: Válido
2024-12-27 01:23:18,416 - DEBUG - Cabecera UART encontrada
2024-12-27 01:23:18,418 - DEBUG - Dispositivo 1 parseado - MAC: 02:9B:87:E5:E6:60
2024-12-27 01:23:18,420 - INFO - Buffer #9 procesado - Secuencia: 189, Dispositivos: 1, GPS: Válido
2024-12-27 01:23:25,415 - DEBUG - Cabecera UART encontrada
2024-12-27 01:23:25,418 - DEBUG - Dispositivo 1 parseado - MAC: 02:9B:87:E5:E6:60
2024-12-27 01:23:25,421 - INFO - Buffer #10 procesado - Secuencia: 190, Dispositivos: 1, GPS: Válido
2024-12-27 01:23:32,416 - DEBUG - Cabecera UART encontrada
2024-12-27 01:23:32,419 - DEBUG - Dispositivo 1 parseado - MAC: 02:9B:87:E5:E6:60
2024-12-27 01:23:32,421 - INFO - Buffer #11 procesado - Secuencia: 191, Dispositivos: 1, GPS: Válido
2024-12-27 01:23:39,416 - DEBUG - Cabecera UART encontrada
2024-12-27 01:23:39,418 - DEBUG - Dispositivo 1 parseado - MAC: 02:9B:87:E5:E6:60
2024-12-27 01:23:39,421 - INFO - Buffer #12 procesado - Secuencia: 192, Dispositivos: 1, GPS: Válido
2024-12-27 01:23:46,416 - DEBUG - Cabecera UART encontrada
2024-12-27 01:23:46,418 - DEBUG - Dispositivo 1 parseado - MAC: 02:9B:87:E5:E6:60
2024-12-27 01:23:46,424 - INFO - Buffer #13 procesado - Secuencia: 193, Dispositivos: 1, GPS: Válido
2024-12-27 01:23:53,415 - DEBUG - Cabecera UART encontrada
2024-12-27 01:23:53,419 - DEBUG - Dispositivo 1 parseado - MAC: 02:9B:87:E5:E6:60
2024-12-27 01:23:53,421 - INFO - Buffer #14 procesado - Secuencia: 194, Dispositivos: 1, GPS: Válido
2024-12-27 01:24:00,416 - DEBUG - Cabecera UART encontrada
2024-12-27 01:24:00,419 - DEBUG - Dispositivo 1 parseado - MAC: 02:9B:87:E5:E6:60
2024-12-27 01:24:00,424 - INFO - Buffer #15 procesado - Secuencia: 195, Dispositivos: 1, GPS: Válido
2024-12-27 01:24:07,417 - DEBUG - Cabecera UART encontrada
2024-12-27 01:24:07,419 - DEBUG - Dispositivo 1 parseado - MAC: 02:9B:87:E5:E6:60
2024-12-27 01:24:07,427 - INFO - Buffer #16 procesado - Secuencia: 196, Dispositivos: 1, GPS: Válido
2024-12-27 01:24:14,416 - DEBUG - Cabecera UART encontrada
2024-12-27 01:24:14,419 - DEBUG - Dispositivo 1 parseado - MAC: 02:9B:87:E5:E6:60
2024-12-27 01:24:14,426 - INFO - Buffer #17 procesado - Secuencia: 197, Dispositivos: 1, GPS: Válido
2024-12-27 01:24:21,417 - DEBUG - Cabecera UART encontrada
2024-12-27 01:24:21,419 - DEBUG - Dispositivo 1 parseado - MAC: 02:9B:87:E5:E6:60
2024-12-27 01:24:21,422 - INFO - Buffer #18 procesado - Secuencia: 198, Dispositivos: 1, GPS: Válido
2024-12-27 01:24:28,416 - DEBUG - Cabecera UART encontrada
2024-12-27 01:24:28,420 - DEBUG - Dispositivo 1 parseado - MAC: 02:9B:87:E5:E6:60
2024-12-27 01:24:28,426 - INFO - Buffer #19 procesado - Secuencia: 199, Dispositivos: 1, GPS: Válido
2024-12-27 01:24:35,417 - DEBUG - Cabecera UART encontrada
2024-12-27 01:24:35,420 - DEBUG - Dispositivo 1 parseado - MAC: 02:9B:87:E5:E6:60
2024-12-27 01:24:35,422 - INFO - Buffer #20 procesado - Secuencia: 200, Dispositivos: 1, GPS: Válido
2024-12-27 01:24:42,416 - DEBUG - Cabecera UART encontrada
2024-12-27 01:24:42,419 - DEBUG - Dispositivo 1 parseado - MAC: 02:9B:87:E5:E6:60
2024-12-27 01:24:42,421 - INFO - Buffer #21 procesado - Secuencia: 201, Dispositivos: 1, GPS: Válido
2024-12-27 01:24:49,417 - DEBUG - Cabecera UART encontrada
2024-12-27 01:24:49,420 - DEBUG - Dispositivo 1 parseado - MAC: 02:9B:87:E5:E6:60
2024-12-27 01:24:49,423 - INFO - Buffer #22 procesado - Secuencia: 202, Dispositivos: 1, GPS: Válido
2024-12-27 01:24:56,417 - DEBUG - Cabecera UART encontrada
2024-12-27 01:24:56,419 - DEBUG - Dispositivo 1 parseado - MAC: 02:9B:87:E5:E6:60
2024-12-27 01:24:56,422 - INFO - Buffer #23 procesado - Secuencia: 203, Dispositivos: 1, GPS: Válido
2024-12-27 01:25:03,417 - DEBUG - Cabecera UART encontrada
2024-12-27 01:25:03,419 - DEBUG - Dispositivo 1 parseado - MAC: 02:9B:87:E5:E6:60
2024-12-27 01:25:03,422 - INFO - Buffer #24 procesado - Secuencia: 204, Dispositivos: 1, GPS: Válido
2024-12-27 01:25:10,416 - DEBUG - Cabecera UART encontrada
2024-12-27 01:25:10,420 - DEBUG - Dispositivo 1 parseado - MAC: 02:9B:87:E5:E6:60
2024-12-27 01:25:10,423 - INFO - Buffer #25 procesado - Secuencia: 205, Dispositivos: 1, GPS: Válido
2024-12-27 01:25:17,417 - INFO - Recepción interrumpida por el usuario
2024-12-27 01:25:17,417 - INFO - Total de buffers procesados: 25
2024-12-27 01:25:17,421 - INFO - Conexión GPS cerrada
2024-12-27 01:25:17,423 - INFO - Conexión MongoDB cerrada
