2024-12-27 15:37:52,714 - INFO - Iniciando rastreador combinado GPS + BLE
2024-12-27 15:37:52,725 - INFO - GPS conectado en COM29
2024-12-27 15:37:52,726 - INFO - Iniciando captura por 10 segundos
2024-12-27 15:37:52,726 - INFO - === Iniciando recepción de buffers combinados ===
2024-12-27 15:37:57,900 - INFO - 
├─ Secuencia: #32
├─ Dispositivos: 8 (33:4A:AD:EC:5C:52(RSSI:-65dB), DB:87:C0:9F:B8:EE(RSSI:-62dB), C5:BB:10:3B:FA:E3(RSSI:-53dB), ... +5 más)
├─ Anuncios raw: 80
└─ GPS: ✓
   └─ Pos: 37.621213, -0.966765 (30.11 knots)
2024-12-27 15:38:04,910 - INFO - 
├─ Secuencia: #33
├─ Dispositivos: 11 (33:4A:AD:EC:5C:52(RSSI:-64dB), DB:87:C0:9F:B8:EE(RSSI:-61dB), C5:BB:10:3B:FA:E3(RSSI:-47dB), ... +8 más)
├─ Anuncios raw: 98
└─ GPS: ✓
   └─ Pos: 37.621213, -0.966765 (30.11 knots)
2024-12-27 15:38:04,919 - INFO - Tiempo de ejecución (10s) completado
2024-12-27 15:38:04,920 - INFO - Total de buffers procesados: 2
2024-12-27 15:38:04,927 - INFO - Conexión GPS cerrada
2024-12-27 15:38:04,930 - INFO - Conexión MongoDB cerrada
