2024-12-27 15:38:22,029 - INFO - Iniciando rastreador combinado GPS + BLE
2024-12-27 15:38:22,041 - INFO - GPS conectado en COM29
2024-12-27 15:38:22,042 - INFO - Iniciando captura por 10 segundos
2024-12-27 15:38:22,042 - INFO - === Iniciando recepción de buffers combinados ===
2024-12-27 15:38:25,949 - INFO - 
├─ Secuencia: #36
├─ Dispositivos: 21 (33:4A:AD:EC:5C:52(RSSI:-67dB), DB:87:C0:9F:B8:EE(RSSI:-69dB), C5:BB:10:3B:FA:E3(RSSI:-50dB), ... +18 más)
├─ Anuncios raw: 115
└─ GPS: ✓
   └─ Pos: 37.624024, -0.965520 (27.45 knots)
2024-12-27 15:38:32,958 - INFO - 
├─ Secuencia: #37
├─ Dispositivos: 24 (15:CE:01:3E:B9:C6(RSSI:-89dB), 33:4A:AD:EC:5C:52(RSSI:-75dB), DB:87:C0:9F:B8:EE(RSSI:-75dB), ... +21 más)
├─ Anuncios raw: 122
└─ GPS: ✓
   └─ Pos: 37.624024, -0.965520 (27.45 knots)
2024-12-27 15:38:32,966 - INFO - Tiempo de ejecución (10s) completado
2024-12-27 15:38:32,967 - INFO - Total de buffers procesados: 2
2024-12-27 15:38:32,973 - INFO - Conexión GPS cerrada
2024-12-27 15:38:32,974 - INFO - Conexión MongoDB cerrada
