2024-12-27 10:03:34,373 - INFO - Iniciando rastreador combinado GPS + BLE
2024-12-27 10:03:34,385 - INFO - GPS conectado en COM29
2024-12-27 10:03:34,386 - INFO - Iniciando captura indefinida
2024-12-27 10:03:34,386 - INFO - === Iniciando recepción de buffers combinados ===
2024-12-27 10:03:35,698 - INFO - 
├─ Secuencia: #1
├─ Dispositivos: 3 (7A:38:13:6E:2C:DC(RSSI:-61dB), F3:68:13:6E:2C:DC(RSSI:-59dB), 38:68:43:65:DE:28(RSSI:-80dB))
├─ Anuncios raw: 3
└─ GPS: ✗
2024-12-27 10:03:42,695 - INFO - 
├─ Secuencia: #2
├─ Dispositivos: 2 (F3:68:13:6E:2C:DC(RSSI:-66dB), 38:68:43:65:DE:28(RSSI:-81dB))
├─ Anuncios raw: 3
└─ GPS: ✗
2024-12-27 10:03:49,700 - INFO - 
├─ Secuencia: #3
├─ Dispositivos: 3 (7A:38:13:6E:2C:DC(RSSI:-51dB), F3:68:13:6E:2C:DC(RSSI:-68dB), 38:68:43:65:DE:28(RSSI:-78dB))
├─ Anuncios raw: 3
└─ GPS: ✗
2024-12-27 10:03:56,695 - INFO - 
├─ Secuencia: #4
├─ Dispositivos: 2 (7A:38:13:6E:2C:DC(RSSI:-54dB), 38:68:43:65:DE:28(RSSI:-82dB))
├─ Anuncios raw: 2
└─ GPS: ✗
2024-12-27 10:04:03,695 - INFO - 
├─ Secuencia: #5
├─ Dispositivos: 2 (F3:68:13:6E:2C:DC(RSSI:-60dB), 38:68:43:65:DE:28(RSSI:-77dB))
├─ Anuncios raw: 3
└─ GPS: ✗
2024-12-27 10:04:10,698 - INFO - 
├─ Secuencia: #6
├─ Dispositivos: 3 (7A:38:13:6E:2C:DC(RSSI:-57dB), F3:68:13:6E:2C:DC(RSSI:-70dB), 38:68:43:65:DE:28(RSSI:-82dB))
├─ Anuncios raw: 3
└─ GPS: ✗
2024-12-27 10:04:17,686 - INFO - 
=== Captura interrumpida por el usuario ===
2024-12-27 10:04:17,687 - INFO - Total de buffers procesados: 6
2024-12-27 10:04:17,695 - INFO - Conexión GPS cerrada
2024-12-27 10:04:17,697 - INFO - Conexión MongoDB cerrada
