2024-12-27 15:48:04,367 - INFO - Iniciando rastreador combinado GPS + BLE
2024-12-27 15:48:04,378 - INFO - GPS conectado en COM29
2024-12-27 15:48:04,379 - INFO - Iniciando captura por 10 segundos
2024-12-27 15:48:04,379 - INFO - === Iniciando recepción de buffers combinados ===
2024-12-27 15:48:06,928 - INFO - 
├─ Secuencia: #119
├─ Dispositivos: 14 (AB:DE:D3:79:BD:54(RSSI:-91dB), 9E:71:8C:FC:E6:CC(RSSI:-82dB), 9C:BB:E4:B6:6F:4D(RSSI:-80dB), ... +11 más)
├─ Anuncios raw: 128
└─ GPS: ✓
   └─ Pos: 37.687002, -0.957731 (2.77 knots)
2024-12-27 15:48:13,936 - INFO - 
├─ Secuencia: #120
├─ Dispositivos: 16 (9E:71:8C:FC:E6:CC(RSSI:-73dB), C3:8D:F5:8B:7E:BC(RSSI:-87dB), 9C:BB:E4:B6:6F:4D(RSSI:-87dB), ... +13 más)
├─ Anuncios raw: 103
└─ GPS: ✓
   └─ Pos: 37.687002, -0.957731 (2.77 knots)
2024-12-27 15:48:20,968 - INFO - 
├─ Secuencia: #121
├─ Dispositivos: 25 (8F:A4:91:5B:45:BC(RSSI:-89dB), DE:D1:96:B5:63:44(RSSI:-89dB), 00:C2:D4:6F:F9:69(RSSI:-84dB), ... +22 más)
├─ Anuncios raw: 122
└─ GPS: ✓
   └─ Pos: 37.687002, -0.957731 (2.77 knots)
2024-12-27 15:48:20,975 - INFO - Tiempo de ejecución (10s) completado
2024-12-27 15:48:20,976 - INFO - Total de buffers procesados: 3
2024-12-27 15:48:20,983 - INFO - Conexión GPS cerrada
2024-12-27 15:48:20,985 - INFO - Conexión MongoDB cerrada
