2024-12-27 15:46:18,144 - INFO - Iniciando rastreador combinado GPS + BLE
2024-12-27 15:46:18,154 - INFO - GPS conectado en COM29
2024-12-27 15:46:18,155 - INFO - Iniciando captura por 10 segundos
2024-12-27 15:46:18,155 - INFO - === Iniciando recepción de buffers combinados ===
2024-12-27 15:46:21,909 - INFO - 
├─ Secuencia: #104
├─ Dispositivos: 9 (C5:BB:10:3B:FA:E3(RSSI:-60dB), 9E:71:8C:FC:E6:CC(RSSI:-66dB), 9C:BB:E4:B6:6F:4D(RSSI:-58dB), ... +6 más)
├─ Anuncios raw: 110
└─ GPS: ✓
   └─ Pos: 37.681682, -0.944222 (30.91 knots)
2024-12-27 15:46:28,909 - INFO - 
├─ Secuencia: #105
├─ Dispositivos: 9 (C5:BB:10:3B:FA:E3(RSSI:-57dB), 9E:71:8C:FC:E6:CC(RSSI:-65dB), 9C:BB:E4:B6:6F:4D(RSSI:-59dB), ... +6 más)
├─ Anuncios raw: 112
└─ GPS: ✓
   └─ Pos: 37.681682, -0.944222 (30.91 knots)
2024-12-27 15:46:28,916 - INFO - Tiempo de ejecución (10s) completado
2024-12-27 15:46:28,917 - INFO - Total de buffers procesados: 2
2024-12-27 15:46:28,924 - INFO - Conexión GPS cerrada
2024-12-27 15:46:28,927 - INFO - Conexión MongoDB cerrada
