2024-12-27 15:48:23,064 - INFO - Iniciando rastreador combinado GPS + BLE
2024-12-27 15:48:23,076 - INFO - GPS conectado en COM29
2024-12-27 15:48:23,076 - INFO - Iniciando captura por 10 segundos
2024-12-27 15:48:23,077 - INFO - === Iniciando recepción de buffers combinados ===
2024-12-27 15:48:27,914 - INFO - 
├─ Secuencia: #122
├─ Dispositivos: 10 (DE:D1:96:B5:63:44(RSSI:-88dB), 21:2B:38:29:FE:CF(RSSI:-51dB), 35:83:CE:B1:FE:46(RSSI:-89dB), ... +7 más)
├─ Anuncios raw: 103
└─ GPS: ✓
   └─ Pos: 37.687548, -0.959231 (24.32 knots)
2024-12-27 15:48:34,897 - INFO - 
├─ Secuencia: #123
├─ Dispositivos: 5 (C8:9D:EA:C0:4C:7E(RSSI:-88dB), 21:2B:38:29:FE:CF(RSSI:-46dB), FB:8F:AF:91:65:5B(RSSI:-47dB), ... +2 más)
├─ Anuncios raw: 32
└─ GPS: ✓
   └─ Pos: 37.687548, -0.959231 (24.32 knots)
2024-12-27 15:48:34,930 - INFO - Tiempo de ejecución (10s) completado
2024-12-27 15:48:34,931 - INFO - Total de buffers procesados: 2
2024-12-27 15:48:34,938 - INFO - Conexión GPS cerrada
2024-12-27 15:48:34,941 - INFO - Conexión MongoDB cerrada
