2024-12-27 02:21:55,758 - INFO - Iniciando rastreador combinado GPS + BLE
2024-12-27 02:21:55,769 - INFO - GPS conectado en COM27
2024-12-27 02:21:55,769 - INFO - Iniciando captura indefinida
2024-12-27 02:21:55,769 - INFO - Iniciando recepción de buffers combinados...
2024-12-27 02:22:01,556 - DEBUG - Cabecera UART encontrada
2024-12-27 02:22:01,558 - DEBUG - Dispositivo 1 parseado - MAC: 02:9B:87:E5:E6:60
2024-12-27 02:22:01,613 - INFO - Buffer #1 procesado - Secuencia: 19, Dispositivos: 1, GPS: Válido
2024-12-27 02:22:08,556 - DEBUG - Cabecera UART encontrada
2024-12-27 02:22:08,559 - DEBUG - Dispositivo 1 parseado - MAC: 02:9B:87:E5:E6:60
2024-12-27 02:22:08,562 - INFO - Buffer #2 procesado - Secuencia: 20, Dispositivos: 1, GPS: Válido
2024-12-27 02:22:15,556 - DEBUG - Cabecera UART encontrada
2024-12-27 02:22:15,559 - DEBUG - Dispositivo 1 parseado - MAC: 02:9B:87:E5:E6:60
2024-12-27 02:22:15,561 - INFO - Buffer #3 procesado - Secuencia: 21, Dispositivos: 1, GPS: Válido
2024-12-27 02:22:22,556 - DEBUG - Cabecera UART encontrada
2024-12-27 02:22:22,559 - DEBUG - Dispositivo 1 parseado - MAC: 02:9B:87:E5:E6:60
2024-12-27 02:22:22,561 - INFO - Buffer #4 procesado - Secuencia: 22, Dispositivos: 1, GPS: Válido
2024-12-27 02:22:29,556 - DEBUG - Cabecera UART encontrada
2024-12-27 02:22:29,559 - DEBUG - Dispositivo 1 parseado - MAC: 02:9B:87:E5:E6:60
2024-12-27 02:22:29,561 - INFO - Buffer #5 procesado - Secuencia: 23, Dispositivos: 1, GPS: Válido
2024-12-27 02:22:36,556 - DEBUG - Cabecera UART encontrada
2024-12-27 02:22:36,559 - DEBUG - Dispositivo 1 parseado - MAC: 02:9B:87:E5:E6:60
2024-12-27 02:22:36,561 - INFO - Buffer #6 procesado - Secuencia: 24, Dispositivos: 1, GPS: Válido
2024-12-27 02:22:43,556 - DEBUG - Cabecera UART encontrada
2024-12-27 02:22:43,558 - DEBUG - Dispositivo 1 parseado - MAC: 02:9B:87:E5:E6:60
2024-12-27 02:22:43,561 - INFO - Buffer #7 procesado - Secuencia: 25, Dispositivos: 1, GPS: Válido
2024-12-27 02:22:50,556 - DEBUG - Cabecera UART encontrada
2024-12-27 02:22:50,559 - DEBUG - Dispositivo 1 parseado - MAC: 02:9B:87:E5:E6:60
2024-12-27 02:22:50,561 - INFO - Buffer #8 procesado - Secuencia: 26, Dispositivos: 1, GPS: Válido
2024-12-27 02:22:57,556 - DEBUG - Cabecera UART encontrada
2024-12-27 02:22:57,559 - DEBUG - Dispositivo 1 parseado - MAC: 02:9B:87:E5:E6:60
2024-12-27 02:22:57,561 - INFO - Buffer #9 procesado - Secuencia: 27, Dispositivos: 1, GPS: Válido
2024-12-27 02:23:04,556 - DEBUG - Cabecera UART encontrada
2024-12-27 02:23:04,559 - DEBUG - Dispositivo 1 parseado - MAC: 02:9B:87:E5:E6:60
2024-12-27 02:23:04,561 - INFO - Buffer #10 procesado - Secuencia: 28, Dispositivos: 1, GPS: Válido
2024-12-27 02:23:11,557 - DEBUG - Cabecera UART encontrada
2024-12-27 02:23:11,559 - DEBUG - Dispositivo 1 parseado - MAC: 02:9B:87:E5:E6:60
2024-12-27 02:23:11,562 - INFO - Buffer #11 procesado - Secuencia: 29, Dispositivos: 1, GPS: Válido
2024-12-27 02:23:18,556 - DEBUG - Cabecera UART encontrada
2024-12-27 02:23:18,559 - DEBUG - Dispositivo 1 parseado - MAC: 02:9B:87:E5:E6:60
2024-12-27 02:23:18,564 - INFO - Buffer #12 procesado - Secuencia: 30, Dispositivos: 1, GPS: Válido
2024-12-27 02:23:25,557 - DEBUG - Cabecera UART encontrada
2024-12-27 02:23:25,560 - DEBUG - Dispositivo 1 parseado - MAC: 02:9B:87:E5:E6:60
2024-12-27 02:23:25,564 - INFO - Buffer #13 procesado - Secuencia: 31, Dispositivos: 1, GPS: Válido
2024-12-27 02:23:32,556 - DEBUG - Cabecera UART encontrada
2024-12-27 02:23:32,559 - DEBUG - Dispositivo 1 parseado - MAC: 02:9B:87:E5:E6:60
2024-12-27 02:23:32,561 - INFO - Buffer #14 procesado - Secuencia: 32, Dispositivos: 1, GPS: Válido
2024-12-27 02:23:39,557 - DEBUG - Cabecera UART encontrada
2024-12-27 02:23:39,559 - DEBUG - Dispositivo 1 parseado - MAC: 02:9B:87:E5:E6:60
2024-12-27 02:23:39,561 - INFO - Buffer #15 procesado - Secuencia: 33, Dispositivos: 1, GPS: Válido
2024-12-27 02:23:46,557 - DEBUG - Cabecera UART encontrada
2024-12-27 02:23:46,559 - DEBUG - Dispositivo 1 parseado - MAC: 02:9B:87:E5:E6:60
2024-12-27 02:23:46,561 - INFO - Buffer #16 procesado - Secuencia: 34, Dispositivos: 1, GPS: Válido
2024-12-27 02:23:53,557 - DEBUG - Cabecera UART encontrada
2024-12-27 02:23:53,559 - DEBUG - Dispositivo 1 parseado - MAC: 02:9B:87:E5:E6:60
2024-12-27 02:23:53,562 - INFO - Buffer #17 procesado - Secuencia: 35, Dispositivos: 1, GPS: Válido
2024-12-27 02:24:00,557 - DEBUG - Cabecera UART encontrada
2024-12-27 02:24:00,559 - DEBUG - Dispositivo 1 parseado - MAC: 02:9B:87:E5:E6:60
2024-12-27 02:24:00,561 - INFO - Buffer #18 procesado - Secuencia: 36, Dispositivos: 1, GPS: Válido
2024-12-27 02:24:07,556 - DEBUG - Cabecera UART encontrada
2024-12-27 02:24:07,559 - DEBUG - Dispositivo 1 parseado - MAC: 02:9B:87:E5:E6:60
2024-12-27 02:24:07,562 - INFO - Buffer #19 procesado - Secuencia: 37, Dispositivos: 1, GPS: Válido
2024-12-27 02:24:14,557 - DEBUG - Cabecera UART encontrada
2024-12-27 02:24:14,560 - DEBUG - Dispositivo 1 parseado - MAC: 02:9B:87:E5:E6:60
2024-12-27 02:24:14,562 - INFO - Buffer #20 procesado - Secuencia: 38, Dispositivos: 1, GPS: Válido
2024-12-27 02:24:21,557 - DEBUG - Cabecera UART encontrada
2024-12-27 02:24:21,560 - DEBUG - Dispositivo 1 parseado - MAC: 02:9B:87:E5:E6:60
2024-12-27 02:24:21,566 - INFO - Buffer #21 procesado - Secuencia: 39, Dispositivos: 1, GPS: Válido
2024-12-27 02:24:28,557 - DEBUG - Cabecera UART encontrada
2024-12-27 02:24:28,560 - DEBUG - Dispositivo 1 parseado - MAC: 02:9B:87:E5:E6:60
2024-12-27 02:24:28,562 - INFO - Buffer #22 procesado - Secuencia: 40, Dispositivos: 1, GPS: Válido
2024-12-27 02:24:35,557 - DEBUG - Cabecera UART encontrada
2024-12-27 02:24:35,560 - DEBUG - Dispositivo 1 parseado - MAC: 02:9B:87:E5:E6:60
2024-12-27 02:24:35,563 - INFO - Buffer #23 procesado - Secuencia: 41, Dispositivos: 1, GPS: Válido
2024-12-27 02:24:42,557 - DEBUG - Cabecera UART encontrada
2024-12-27 02:24:42,560 - DEBUG - Dispositivo 1 parseado - MAC: 02:9B:87:E5:E6:60
2024-12-27 02:24:42,561 - INFO - Buffer #24 procesado - Secuencia: 42, Dispositivos: 1, GPS: Válido
2024-12-27 02:24:49,557 - DEBUG - Cabecera UART encontrada
2024-12-27 02:24:49,560 - DEBUG - Dispositivo 1 parseado - MAC: 02:9B:87:E5:E6:60
2024-12-27 02:24:49,562 - INFO - Buffer #25 procesado - Secuencia: 43, Dispositivos: 1, GPS: Válido
2024-12-27 02:24:56,557 - DEBUG - Cabecera UART encontrada
2024-12-27 02:24:56,560 - DEBUG - Dispositivo 1 parseado - MAC: 02:9B:87:E5:E6:60
2024-12-27 02:24:56,562 - INFO - Buffer #26 procesado - Secuencia: 44, Dispositivos: 1, GPS: Válido
2024-12-27 02:25:03,557 - DEBUG - Cabecera UART encontrada
2024-12-27 02:25:03,560 - DEBUG - Dispositivo 1 parseado - MAC: 02:9B:87:E5:E6:60
2024-12-27 02:25:03,562 - INFO - Buffer #27 procesado - Secuencia: 45, Dispositivos: 1, GPS: Válido
2024-12-27 02:25:10,557 - DEBUG - Cabecera UART encontrada
2024-12-27 02:25:10,560 - DEBUG - Dispositivo 1 parseado - MAC: 02:9B:87:E5:E6:60
2024-12-27 02:25:10,562 - INFO - Buffer #28 procesado - Secuencia: 46, Dispositivos: 1, GPS: Válido
2024-12-27 02:25:17,557 - DEBUG - Cabecera UART encontrada
2024-12-27 02:25:17,560 - DEBUG - Dispositivo 1 parseado - MAC: 02:9B:87:E5:E6:60
2024-12-27 02:25:17,562 - INFO - Buffer #29 procesado - Secuencia: 47, Dispositivos: 1, GPS: Válido
2024-12-27 02:25:24,557 - DEBUG - Cabecera UART encontrada
2024-12-27 02:25:24,560 - DEBUG - Dispositivo 1 parseado - MAC: 02:9B:87:E5:E6:60
2024-12-27 02:25:24,563 - INFO - Buffer #30 procesado - Secuencia: 48, Dispositivos: 1, GPS: Válido
2024-12-27 02:25:31,558 - DEBUG - Cabecera UART encontrada
2024-12-27 02:25:31,561 - DEBUG - Dispositivo 1 parseado - MAC: 02:9B:87:E5:E6:60
2024-12-27 02:25:31,563 - INFO - Buffer #31 procesado - Secuencia: 49, Dispositivos: 1, GPS: Válido
2024-12-27 02:25:38,558 - DEBUG - Cabecera UART encontrada
2024-12-27 02:25:38,561 - DEBUG - Dispositivo 1 parseado - MAC: 02:9B:87:E5:E6:60
2024-12-27 02:25:38,563 - INFO - Buffer #32 procesado - Secuencia: 50, Dispositivos: 1, GPS: Válido
2024-12-27 02:25:45,557 - DEBUG - Cabecera UART encontrada
2024-12-27 02:25:45,560 - DEBUG - Dispositivo 1 parseado - MAC: 02:9B:87:E5:E6:60
2024-12-27 02:25:45,562 - INFO - Buffer #33 procesado - Secuencia: 51, Dispositivos: 1, GPS: Válido
2024-12-27 02:25:52,558 - DEBUG - Cabecera UART encontrada
2024-12-27 02:25:52,561 - DEBUG - Dispositivo 1 parseado - MAC: 02:9B:87:E5:E6:60
2024-12-27 02:25:52,563 - INFO - Buffer #34 procesado - Secuencia: 52, Dispositivos: 1, GPS: Válido
2024-12-27 02:25:59,557 - DEBUG - Cabecera UART encontrada
2024-12-27 02:25:59,560 - DEBUG - Dispositivo 1 parseado - MAC: 02:9B:87:E5:E6:60
2024-12-27 02:25:59,563 - INFO - Buffer #35 procesado - Secuencia: 53, Dispositivos: 1, GPS: Válido
2024-12-27 02:26:06,558 - DEBUG - Cabecera UART encontrada
2024-12-27 02:26:06,561 - DEBUG - Dispositivo 1 parseado - MAC: 02:9B:87:E5:E6:60
2024-12-27 02:26:06,563 - INFO - Buffer #36 procesado - Secuencia: 54, Dispositivos: 1, GPS: Válido
2024-12-27 02:26:13,558 - DEBUG - Cabecera UART encontrada
2024-12-27 02:26:13,561 - DEBUG - Dispositivo 1 parseado - MAC: 02:9B:87:E5:E6:60
2024-12-27 02:26:13,565 - INFO - Buffer #37 procesado - Secuencia: 55, Dispositivos: 1, GPS: Válido
2024-12-27 02:26:20,559 - DEBUG - Cabecera UART encontrada
2024-12-27 02:26:20,561 - DEBUG - Dispositivo 1 parseado - MAC: 02:9B:87:E5:E6:60
2024-12-27 02:26:20,566 - INFO - Buffer #38 procesado - Secuencia: 56, Dispositivos: 1, GPS: Válido
2024-12-27 02:26:27,559 - DEBUG - Cabecera UART encontrada
2024-12-27 02:26:27,561 - DEBUG - Dispositivo 1 parseado - MAC: 02:9B:87:E5:E6:60
2024-12-27 02:26:27,563 - INFO - Buffer #39 procesado - Secuencia: 57, Dispositivos: 1, GPS: Válido
2024-12-27 02:26:34,559 - DEBUG - Cabecera UART encontrada
2024-12-27 02:26:34,562 - DEBUG - Dispositivo 1 parseado - MAC: 02:9B:87:E5:E6:60
2024-12-27 02:26:34,564 - INFO - Buffer #40 procesado - Secuencia: 58, Dispositivos: 1, GPS: Válido
2024-12-27 02:26:41,558 - DEBUG - Cabecera UART encontrada
2024-12-27 02:26:41,561 - DEBUG - Dispositivo 1 parseado - MAC: 02:9B:87:E5:E6:60
2024-12-27 02:26:41,564 - INFO - Buffer #41 procesado - Secuencia: 59, Dispositivos: 1, GPS: Válido
2024-12-27 02:26:48,558 - DEBUG - Cabecera UART encontrada
2024-12-27 02:26:48,561 - DEBUG - Dispositivo 1 parseado - MAC: 02:9B:87:E5:E6:60
2024-12-27 02:26:48,563 - INFO - Buffer #42 procesado - Secuencia: 60, Dispositivos: 1, GPS: Válido
2024-12-27 02:26:55,558 - DEBUG - Cabecera UART encontrada
2024-12-27 02:26:55,561 - DEBUG - Dispositivo 1 parseado - MAC: 02:9B:87:E5:E6:60
2024-12-27 02:26:55,565 - INFO - Buffer #43 procesado - Secuencia: 61, Dispositivos: 1, GPS: Válido
2024-12-27 02:27:02,559 - DEBUG - Cabecera UART encontrada
2024-12-27 02:27:02,562 - DEBUG - Dispositivo 1 parseado - MAC: 02:9B:87:E5:E6:60
2024-12-27 02:27:02,565 - INFO - Buffer #44 procesado - Secuencia: 62, Dispositivos: 1, GPS: Válido
2024-12-27 02:27:09,559 - DEBUG - Cabecera UART encontrada
2024-12-27 02:27:09,561 - DEBUG - Dispositivo 1 parseado - MAC: 02:9B:87:E5:E6:60
2024-12-27 02:27:09,564 - INFO - Buffer #45 procesado - Secuencia: 63, Dispositivos: 1, GPS: Válido
2024-12-27 02:27:16,559 - DEBUG - Cabecera UART encontrada
2024-12-27 02:27:16,562 - DEBUG - Dispositivo 1 parseado - MAC: 02:9B:87:E5:E6:60
2024-12-27 02:27:16,564 - INFO - Buffer #46 procesado - Secuencia: 64, Dispositivos: 1, GPS: Válido
2024-12-27 02:27:23,559 - DEBUG - Cabecera UART encontrada
2024-12-27 02:27:23,562 - DEBUG - Dispositivo 1 parseado - MAC: 02:9B:87:E5:E6:60
2024-12-27 02:27:23,564 - INFO - Buffer #47 procesado - Secuencia: 65, Dispositivos: 1, GPS: Válido
2024-12-27 02:27:30,559 - DEBUG - Cabecera UART encontrada
2024-12-27 02:27:30,562 - DEBUG - Dispositivo 1 parseado - MAC: 02:9B:87:E5:E6:60
2024-12-27 02:27:30,564 - INFO - Buffer #48 procesado - Secuencia: 66, Dispositivos: 1, GPS: Válido
2024-12-27 02:27:37,559 - DEBUG - Cabecera UART encontrada
2024-12-27 02:27:37,562 - DEBUG - Dispositivo 1 parseado - MAC: 02:9B:87:E5:E6:60
2024-12-27 02:27:37,569 - INFO - Buffer #49 procesado - Secuencia: 67, Dispositivos: 1, GPS: Válido
2024-12-27 02:27:44,559 - DEBUG - Cabecera UART encontrada
2024-12-27 02:27:44,562 - DEBUG - Dispositivo 1 parseado - MAC: 02:9B:87:E5:E6:60
2024-12-27 02:27:44,564 - INFO - Buffer #50 procesado - Secuencia: 68, Dispositivos: 1, GPS: Válido
2024-12-27 02:27:51,559 - DEBUG - Cabecera UART encontrada
2024-12-27 02:27:51,562 - DEBUG - Dispositivo 1 parseado - MAC: 02:9B:87:E5:E6:60
2024-12-27 02:27:51,564 - INFO - Buffer #51 procesado - Secuencia: 69, Dispositivos: 1, GPS: Válido
2024-12-27 02:27:58,560 - DEBUG - Cabecera UART encontrada
2024-12-27 02:27:58,562 - DEBUG - Dispositivo 1 parseado - MAC: 02:9B:87:E5:E6:60
2024-12-27 02:27:58,565 - INFO - Buffer #52 procesado - Secuencia: 70, Dispositivos: 1, GPS: Válido
2024-12-27 02:28:05,559 - INFO - Recepción interrumpida por el usuario
2024-12-27 02:28:05,560 - INFO - Total de buffers procesados: 52
2024-12-27 02:28:05,563 - INFO - Conexión GPS cerrada
2024-12-27 02:28:05,564 - INFO - Conexión MongoDB cerrada
