2024-12-27 01:18:58,054 - INFO - Iniciando rastreador combinado GPS + BLE
2024-12-27 01:18:58,063 - INFO - GPS conectado en COM27
2024-12-27 01:18:58,064 - INFO - Iniciando rastreo indefinido
2024-12-27 01:18:58,064 - INFO - Iniciando rastreo combinado...
2024-12-27 01:18:59,457 - DEBUG - Buffer combinado almacenado - ID: 676df273b7c3270b39e15a21
2024-12-27 01:18:59,457 - INFO - Buffer #1 procesado - Secuencia: 152, Dispositivos: 1
2024-12-27 01:19:06,419 - DEBUG - Buffer combinado almacenado - ID: 676df27ab7c3270b39e15a22
2024-12-27 01:19:06,419 - INFO - Buffer #2 procesado - Secuencia: 153, Dispositivos: 1
2024-12-27 01:19:13,418 - DEBUG - Buffer combinado almacenado - ID: 676df281b7c3270b39e15a23
2024-12-27 01:19:13,419 - INFO - Buffer #3 procesado - Secuencia: 154, Dispositivos: 1
2024-12-27 01:19:20,419 - DEBUG - Buffer combinado almacenado - ID: 676df288b7c3270b39e15a24
2024-12-27 01:19:20,419 - INFO - Buffer #4 procesado - Secuencia: 155, Dispositivos: 1
2024-12-27 01:19:27,417 - DEBUG - Buffer combinado almacenado - ID: 676df28fb7c3270b39e15a25
2024-12-27 01:19:27,417 - INFO - Buffer #5 procesado - Secuencia: 156, Dispositivos: 1
2024-12-27 01:19:34,418 - DEBUG - Buffer combinado almacenado - ID: 676df296b7c3270b39e15a26
2024-12-27 01:19:34,418 - INFO - Buffer #6 procesado - Secuencia: 157, Dispositivos: 1
2024-12-27 01:19:41,420 - DEBUG - Buffer combinado almacenado - ID: 676df29db7c3270b39e15a27
2024-12-27 01:19:41,421 - INFO - Buffer #7 procesado - Secuencia: 158, Dispositivos: 1
2024-12-27 01:19:48,419 - DEBUG - Buffer combinado almacenado - ID: 676df2a4b7c3270b39e15a28
2024-12-27 01:19:48,419 - INFO - Buffer #8 procesado - Secuencia: 159, Dispositivos: 1
2024-12-27 01:19:55,419 - DEBUG - Buffer combinado almacenado - ID: 676df2abb7c3270b39e15a29
2024-12-27 01:19:55,420 - INFO - Buffer #9 procesado - Secuencia: 160, Dispositivos: 1
2024-12-27 01:20:02,419 - DEBUG - Buffer combinado almacenado - ID: 676df2b2b7c3270b39e15a2a
2024-12-27 01:20:02,419 - INFO - Buffer #10 procesado - Secuencia: 161, Dispositivos: 1
2024-12-27 01:20:09,418 - DEBUG - Buffer combinado almacenado - ID: 676df2b9b7c3270b39e15a2b
2024-12-27 01:20:09,419 - INFO - Buffer #11 procesado - Secuencia: 162, Dispositivos: 1
2024-12-27 01:20:16,419 - DEBUG - Buffer combinado almacenado - ID: 676df2c0b7c3270b39e15a2c
2024-12-27 01:20:16,420 - INFO - Buffer #12 procesado - Secuencia: 163, Dispositivos: 1
2024-12-27 01:20:23,418 - DEBUG - Buffer combinado almacenado - ID: 676df2c7b7c3270b39e15a2d
2024-12-27 01:20:23,419 - INFO - Buffer #13 procesado - Secuencia: 164, Dispositivos: 1
2024-12-27 01:20:30,420 - DEBUG - Buffer combinado almacenado - ID: 676df2ceb7c3270b39e15a2e
2024-12-27 01:20:30,420 - INFO - Buffer #14 procesado - Secuencia: 165, Dispositivos: 1
2024-12-27 01:20:37,420 - DEBUG - Buffer combinado almacenado - ID: 676df2d5b7c3270b39e15a2f
2024-12-27 01:20:37,420 - INFO - Buffer #15 procesado - Secuencia: 166, Dispositivos: 1
2024-12-27 01:20:44,419 - DEBUG - Buffer combinado almacenado - ID: 676df2dcb7c3270b39e15a30
2024-12-27 01:20:44,419 - INFO - Buffer #16 procesado - Secuencia: 167, Dispositivos: 1
2024-12-27 01:20:51,419 - DEBUG - Buffer combinado almacenado - ID: 676df2e3b7c3270b39e15a31
2024-12-27 01:20:51,419 - INFO - Buffer #17 procesado - Secuencia: 168, Dispositivos: 1
2024-12-27 01:20:58,415 - INFO - Rastreo detenido por el usuario
2024-12-27 01:20:58,419 - INFO - Conexión GPS cerrada
2024-12-27 01:20:58,420 - INFO - Conexión MongoDB cerrada
