2024-12-27 15:43:36,548 - INFO - Iniciando rastreador combinado GPS + BLE
2024-12-27 15:43:36,560 - INFO - GPS conectado en COM29
2024-12-27 15:43:36,561 - INFO - Iniciando captura por 10 segundos
2024-12-27 15:43:36,562 - INFO - === Iniciando recepción de buffers combinados ===
2024-12-27 15:43:40,937 - INFO - 
├─ Secuencia: #81
├─ Dispositivos: 17 (80:4F:1F:2F:C6:FD(RSSI:-89dB), 33:4A:AD:EC:5C:52(RSSI:-69dB), DB:87:C0:9F:B8:EE(RSSI:-65dB), ... +14 más)
├─ Anuncios raw: 153
└─ GPS: ✓
   └─ Pos: 37.667041, -0.954033 (0.72 knots)
2024-12-27 15:43:47,927 - INFO - 
├─ Secuencia: #82
├─ Dispositivos: 15 (64:92:24:13:DB:D9(RSSI:-90dB), 33:4A:AD:EC:5C:52(RSSI:-70dB), DB:87:C0:9F:B8:EE(RSSI:-85dB), ... +12 más)
├─ Anuncios raw: 119
└─ GPS: ✓
   └─ Pos: 37.667041, -0.954033 (0.72 knots)
2024-12-27 15:43:47,932 - INFO - Tiempo de ejecución (10s) completado
2024-12-27 15:43:47,933 - INFO - Total de buffers procesados: 2
2024-12-27 15:43:47,941 - INFO - Conexión GPS cerrada
2024-12-27 15:43:47,943 - INFO - Conexión MongoDB cerrada
