2024-12-27 10:20:15,936 - INFO - Iniciando rastreador combinado GPS + BLE
2024-12-27 10:20:15,946 - INFO - GPS conectado en COM29
2024-12-27 10:20:15,947 - INFO - Iniciando captura indefinida
2024-12-27 10:20:15,947 - INFO - === Iniciando recepción de buffers combinados ===
2024-12-27 10:20:16,708 - INFO - 
├─ Secuencia: #144
├─ Dispositivos: 3 (7A:38:13:6E:2C:DC(RSSI:-66dB), 38:68:43:65:DE:28(RSSI:-78dB), 9A:AF:D0:76:DF:2E(RSSI:-70dB))
├─ Anuncios raw: 71
└─ GPS: ✗
2024-12-27 10:20:23,711 - INFO - 
├─ Secuencia: #145
├─ Dispositivos: 3 (F3:68:13:6E:2C:DC(RSSI:-70dB), 38:68:43:65:DE:28(RSSI:-78dB), 9A:AF:D0:76:DF:2E(RSSI:-69dB))
├─ Anuncios raw: 67
└─ GPS: ✗
2024-12-27 10:20:30,717 - INFO - 
├─ Secuencia: #146
├─ Dispositivos: 4 (7A:38:13:6E:2C:DC(RSSI:-64dB), F3:68:13:6E:2C:DC(RSSI:-61dB), 38:68:43:65:DE:28(RSSI:-79dB), ... +1 más)
├─ Anuncios raw: 71
└─ GPS: ✗
2024-12-27 10:20:37,709 - INFO - 
├─ Secuencia: #147
├─ Dispositivos: 3 (7A:38:13:6E:2C:DC(RSSI:-52dB), 38:68:43:65:DE:28(RSSI:-76dB), 9A:AF:D0:76:DF:2E(RSSI:-76dB))
├─ Anuncios raw: 70
└─ GPS: ✗
2024-12-27 10:20:44,713 - INFO - 
├─ Secuencia: #148
├─ Dispositivos: 3 (F3:68:13:6E:2C:DC(RSSI:-71dB), 38:68:43:65:DE:28(RSSI:-76dB), 9A:AF:D0:76:DF:2E(RSSI:-75dB))
├─ Anuncios raw: 68
└─ GPS: ✗
2024-12-27 10:20:51,710 - ERROR - Error inesperado: unsupported format string passed to NoneType.__format__
2024-12-27 10:20:58,711 - ERROR - Error inesperado: unsupported format string passed to NoneType.__format__
2024-12-27 10:21:05,711 - ERROR - Error inesperado: unsupported format string passed to NoneType.__format__
2024-12-27 10:21:12,713 - ERROR - Error inesperado: unsupported format string passed to NoneType.__format__
2024-12-27 10:21:19,716 - ERROR - Error inesperado: unsupported format string passed to NoneType.__format__
2024-12-27 10:21:26,712 - ERROR - Error inesperado: unsupported format string passed to NoneType.__format__
2024-12-27 10:21:33,710 - ERROR - Error inesperado: unsupported format string passed to NoneType.__format__
2024-12-27 10:21:40,715 - ERROR - Error inesperado: unsupported format string passed to NoneType.__format__
2024-12-27 10:21:47,699 - INFO - 
=== Captura interrumpida por el usuario ===
2024-12-27 10:21:47,700 - INFO - Total de buffers procesados: 5
2024-12-27 10:21:47,707 - INFO - Conexión GPS cerrada
2024-12-27 10:21:47,710 - INFO - Conexión MongoDB cerrada
