2024-12-27 15:47:07,178 - INFO - Iniciando rastreador combinado GPS + BLE
2024-12-27 15:47:07,189 - INFO - GPS conectado en COM29
2024-12-27 15:47:07,189 - INFO - Iniciando captura por 10 segundos
2024-12-27 15:47:07,190 - INFO - === Iniciando recepción de buffers combinados ===
2024-12-27 15:47:10,910 - INFO - 
├─ Secuencia: #111
├─ Dispositivos: 9 (9E:71:8C:FC:E6:CC(RSSI:-75dB), 9C:BB:E4:B6:6F:4D(RSSI:-76dB), E1:7D:21:5A:1F:79(RSSI:-76dB), ... +6 más)
├─ Anuncios raw: 112
└─ GPS: ✓
   └─ Pos: 37.685285, -0.953409 (17.94 knots)
2024-12-27 15:47:17,909 - INFO - 
├─ Secuencia: #112
├─ Dispositivos: 9 (9E:71:8C:FC:E6:CC(RSSI:-67dB), 9C:BB:E4:B6:6F:4D(RSSI:-91dB), E1:7D:21:5A:1F:79(RSSI:-67dB), ... +6 más)
├─ Anuncios raw: 117
└─ GPS: ✓
   └─ Pos: 37.685285, -0.953409 (17.94 knots)
2024-12-27 15:47:17,939 - INFO - Tiempo de ejecución (10s) completado
2024-12-27 15:47:17,940 - INFO - Total de buffers procesados: 2
2024-12-27 15:47:17,946 - INFO - Conexión GPS cerrada
2024-12-27 15:47:17,947 - INFO - Conexión MongoDB cerrada
