2024-12-27 02:21:09,167 - INFO - Iniciando rastreador combinado GPS + BLE
2024-12-27 02:21:09,177 - INFO - GPS conectado en COM27
2024-12-27 02:21:09,178 - INFO - Iniciando captura indefinida
2024-12-27 02:21:09,178 - INFO - Iniciando recepci贸n de buffers combinados...
2024-12-27 02:21:12,555 - DEBUG - Cabecera UART encontrada
2024-12-27 02:21:12,558 - DEBUG - Dispositivo 1 parseado - MAC: 02:9B:87:E5:E6:60
2024-12-27 02:21:12,586 - INFO - Buffer #1 procesado - Secuencia: 12, Dispositivos: 1, GPS: No disponible
2024-12-27 02:21:19,555 - DEBUG - Cabecera UART encontrada
2024-12-27 02:21:19,558 - DEBUG - Dispositivo 1 parseado - MAC: 02:9B:87:E5:E6:60
2024-12-27 02:21:19,561 - INFO - Buffer #2 procesado - Secuencia: 13, Dispositivos: 1, GPS: No disponible
2024-12-27 02:21:26,554 - DEBUG - Cabecera UART encontrada
2024-12-27 02:21:26,558 - DEBUG - Dispositivo 1 parseado - MAC: 02:9B:87:E5:E6:60
2024-12-27 02:21:26,564 - INFO - Buffer #3 procesado - Secuencia: 14, Dispositivos: 1, GPS: No disponible
2024-12-27 02:21:33,555 - DEBUG - Cabecera UART encontrada
2024-12-27 02:21:33,558 - DEBUG - Dispositivo 1 parseado - MAC: 02:9B:87:E5:E6:60
2024-12-27 02:21:33,562 - INFO - Buffer #4 procesado - Secuencia: 15, Dispositivos: 1, GPS: No disponible
2024-12-27 02:21:40,556 - DEBUG - Cabecera UART encontrada
2024-12-27 02:21:40,558 - DEBUG - Dispositivo 1 parseado - MAC: 02:9B:87:E5:E6:60
2024-12-27 02:21:40,563 - INFO - Buffer #5 procesado - Secuencia: 16, Dispositivos: 1, GPS: No disponible
2024-12-27 02:21:47,555 - INFO - Recepci贸n interrumpida por el usuario
2024-12-27 02:21:47,556 - INFO - Total de buffers procesados: 5
2024-12-27 02:21:47,559 - INFO - Conexi贸n GPS cerrada
2024-12-27 02:21:47,561 - INFO - Conexi贸n MongoDB cerrada
