2024-12-27 15:46:32,300 - INFO - Iniciando rastreador combinado GPS + BLE
2024-12-27 15:46:32,311 - INFO - GPS conectado en COM29
2024-12-27 15:46:32,312 - INFO - Iniciando captura por 10 segundos
2024-12-27 15:46:32,312 - INFO - === Iniciando recepción de buffers combinados ===
2024-12-27 15:46:35,914 - INFO - 
├─ Secuencia: #106
├─ Dispositivos: 10 (C5:BB:10:3B:FA:E3(RSSI:-51dB), 9E:71:8C:FC:E6:CC(RSSI:-72dB), 9C:BB:E4:B6:6F:4D(RSSI:-61dB), ... +7 más)
├─ Anuncios raw: 115
└─ GPS: ✓
   └─ Pos: 37.682707, -0.946846 (39.85 knots)
2024-12-27 15:46:42,919 - INFO - 
├─ Secuencia: #107
├─ Dispositivos: 12 (39:11:66:2F:E9:BC(RSSI:-88dB), C5:BB:10:3B:FA:E3(RSSI:-51dB), 9E:71:8C:FC:E6:CC(RSSI:-70dB), ... +9 más)
├─ Anuncios raw: 113
└─ GPS: ✓
   └─ Pos: 37.682707, -0.946846 (39.85 knots)
2024-12-27 15:46:42,953 - INFO - Tiempo de ejecución (10s) completado
2024-12-27 15:46:42,954 - INFO - Total de buffers procesados: 2
2024-12-27 15:46:42,961 - INFO - Conexión GPS cerrada
2024-12-27 15:46:42,964 - INFO - Conexión MongoDB cerrada
