2024-12-27 15:39:03,035 - INFO - Iniciando rastreador combinado GPS + BLE
2024-12-27 15:39:03,046 - INFO - GPS conectado en COM29
2024-12-27 15:39:03,046 - INFO - Iniciando captura por 10 segundos
2024-12-27 15:39:03,047 - INFO - === Iniciando recepción de buffers combinados ===
2024-12-27 15:39:07,923 - INFO - 
├─ Secuencia: #42
├─ Dispositivos: 14 (A7:1A:88:6A:20:11(RSSI:-88dB), 33:4A:AD:EC:5C:52(RSSI:-62dB), DB:87:C0:9F:B8:EE(RSSI:-64dB), ... +11 más)
├─ Anuncios raw: 186
└─ GPS: ✓
   └─ Pos: 37.627915, -0.963519 (22.42 knots)
2024-12-27 15:39:14,913 - INFO - 
├─ Secuencia: #43
├─ Dispositivos: 12 (33:4A:AD:EC:5C:52(RSSI:-71dB), DB:87:C0:9F:B8:EE(RSSI:-65dB), C5:BB:10:3B:FA:E3(RSSI:-50dB), ... +9 más)
├─ Anuncios raw: 170
└─ GPS: ✓
   └─ Pos: 37.627915, -0.963519 (22.42 knots)
2024-12-27 15:39:14,947 - INFO - Tiempo de ejecución (10s) completado
2024-12-27 15:39:14,948 - INFO - Total de buffers procesados: 2
2024-12-27 15:39:14,955 - INFO - Conexión GPS cerrada
2024-12-27 15:39:14,958 - INFO - Conexión MongoDB cerrada
