2024-12-27 14:45:41,765 - INFO - Iniciando rastreador combinado GPS + BLE
2024-12-27 14:45:41,776 - INFO - GPS conectado en COM27
2024-12-27 14:45:41,776 - INFO - Iniciando captura indefinida
2024-12-27 14:45:41,776 - INFO - === Iniciando recepción de buffers combinados ===
2024-12-27 14:45:46,724 - INFO - 
├─ Secuencia: #114
├─ Dispositivos: 3 (FD:54:D9:C6:FC:58(RSSI:-89dB), 2E:BE:18:41:CF:54(RSSI:-91dB), 31:94:6D:80:A3:FD(RSSI:-89dB))
├─ Anuncios raw: 8
└─ GPS: ✗
2024-12-27 14:45:53,723 - INFO - 
├─ Secuencia: #115
├─ Dispositivos: 2 (FD:54:D9:C6:FC:58(RSSI:-86dB), 2E:BE:18:41:CF:54(RSSI:-90dB))
├─ Anuncios raw: 3
└─ GPS: ✗
2024-12-27 14:46:07,718 - INFO - 
├─ Secuencia: #117
├─ Dispositivos: 1 (F5:C0:76:6B:11:7B(RSSI:-89dB))
├─ Anuncios raw: 2
└─ GPS: ✗
2024-12-27 14:46:14,711 - INFO - 
=== Captura interrumpida por el usuario ===
2024-12-27 14:46:14,712 - INFO - Total de buffers procesados: 3
2024-12-27 14:46:14,718 - INFO - Conexión GPS cerrada
2024-12-27 14:46:14,721 - INFO - Conexión MongoDB cerrada
