2024-12-27 15:47:26,457 - INFO - Iniciando rastreador combinado GPS + BLE
2024-12-27 15:47:26,467 - INFO - GPS conectado en COM29
2024-12-27 15:47:26,468 - INFO - Iniciando captura por 10 segundos
2024-12-27 15:47:26,468 - INFO - === Iniciando recepción de buffers combinados ===
2024-12-27 15:47:31,917 - INFO - 
├─ Secuencia: #114
├─ Dispositivos: 11 (9E:71:8C:FC:E6:CC(RSSI:-69dB), 9C:BB:E4:B6:6F:4D(RSSI:-62dB), E1:7D:21:5A:1F:79(RSSI:-70dB), ... +8 más)
├─ Anuncios raw: 130
└─ GPS: ✓
   └─ Pos: 37.686052, -0.955368 (29.83 knots)
2024-12-27 15:47:38,907 - INFO - 
├─ Secuencia: #115
├─ Dispositivos: 9 (9E:71:8C:FC:E6:CC(RSSI:-70dB), 9C:BB:E4:B6:6F:4D(RSSI:-82dB), E1:7D:21:5A:1F:79(RSSI:-70dB), ... +6 más)
├─ Anuncios raw: 113
└─ GPS: ✓
   └─ Pos: 37.686052, -0.955368 (29.83 knots)
2024-12-27 15:47:38,910 - INFO - Tiempo de ejecución (10s) completado
2024-12-27 15:47:38,910 - INFO - Total de buffers procesados: 2
2024-12-27 15:47:38,916 - INFO - Conexión GPS cerrada
2024-12-27 15:47:38,917 - INFO - Conexión MongoDB cerrada
