2024-12-27 15:38:07,128 - INFO - Iniciando rastreador combinado GPS + BLE
2024-12-27 15:38:07,142 - INFO - GPS conectado en COM29
2024-12-27 15:38:07,143 - INFO - Iniciando captura por 10 segundos
2024-12-27 15:38:07,143 - INFO - === Iniciando recepción de buffers combinados ===
2024-12-27 15:38:11,912 - INFO - 
├─ Secuencia: #34
├─ Dispositivos: 11 (33:4A:AD:EC:5C:52(RSSI:-67dB), DB:87:C0:9F:B8:EE(RSSI:-62dB), C5:BB:10:3B:FA:E3(RSSI:-45dB), ... +8 más)
├─ Anuncios raw: 97
└─ GPS: ✓
   └─ Pos: 37.622692, -0.966175 (11.91 knots)
2024-12-27 15:38:18,921 - INFO - 
├─ Secuencia: #35
├─ Dispositivos: 14 (33:4A:AD:EC:5C:52(RSSI:-61dB), DB:87:C0:9F:B8:EE(RSSI:-84dB), C5:BB:10:3B:FA:E3(RSSI:-50dB), ... +11 más)
├─ Anuncios raw: 130
└─ GPS: ✓
   └─ Pos: 37.622692, -0.966175 (11.91 knots)
2024-12-27 15:38:18,957 - INFO - Tiempo de ejecución (10s) completado
2024-12-27 15:38:18,957 - INFO - Total de buffers procesados: 2
2024-12-27 15:38:18,964 - INFO - Conexión GPS cerrada
2024-12-27 15:38:18,966 - INFO - Conexión MongoDB cerrada
