2024-12-27 15:38:49,601 - INFO - Iniciando rastreador combinado GPS + BLE
2024-12-27 15:38:49,612 - INFO - GPS conectado en COM29
2024-12-27 15:38:49,612 - INFO - Iniciando captura por 10 segundos
2024-12-27 15:38:49,613 - INFO - === Iniciando recepción de buffers combinados ===
2024-12-27 15:38:53,928 - INFO - 
├─ Secuencia: #40
├─ Dispositivos: 15 (33:4A:AD:EC:5C:52(RSSI:-65dB), DB:87:C0:9F:B8:EE(RSSI:-71dB), C5:BB:10:3B:FA:E3(RSSI:-56dB), ... +12 más)
├─ Anuncios raw: 157
└─ GPS: ✓
   └─ Pos: 37.626812, -0.963968 (14.53 knots)
2024-12-27 15:39:00,944 - INFO - 
├─ Secuencia: #41
├─ Dispositivos: 20 (33:4A:AD:EC:5C:52(RSSI:-62dB), CD:72:E0:4F:AD:69(RSSI:-85dB), A7:1A:88:6A:20:11(RSSI:-89dB), ... +17 más)
├─ Anuncios raw: 129
└─ GPS: ✓
   └─ Pos: 37.626812, -0.963968 (14.53 knots)
2024-12-27 15:39:00,979 - INFO - Tiempo de ejecución (10s) completado
2024-12-27 15:39:00,980 - INFO - Total de buffers procesados: 2
2024-12-27 15:39:00,987 - INFO - Conexión GPS cerrada
2024-12-27 15:39:00,989 - INFO - Conexión MongoDB cerrada
