2024-12-27 01:28:21,547 - INFO - Iniciando rastreador combinado GPS + BLE
2024-12-27 01:28:21,558 - INFO - GPS conectado en COM27
2024-12-27 01:28:21,558 - INFO - Iniciando captura indefinida
2024-12-27 01:28:21,559 - INFO - Iniciando recepción de buffers combinados...
2024-12-27 01:28:26,419 - DEBUG - Cabecera UART encontrada
2024-12-27 01:28:26,422 - DEBUG - Dispositivo 1 parseado - MAC: 02:9B:87:E5:E6:60
2024-12-27 01:28:26,437 - INFO - Buffer #1 procesado - Secuencia: 233, Dispositivos: 1, GPS: Válido
2024-12-27 01:28:33,419 - DEBUG - Cabecera UART encontrada
2024-12-27 01:28:33,421 - DEBUG - Dispositivo 1 parseado - MAC: 02:9B:87:E5:E6:60
2024-12-27 01:28:33,424 - INFO - Buffer #2 procesado - Secuencia: 234, Dispositivos: 1, GPS: Válido
2024-12-27 01:28:40,419 - DEBUG - Cabecera UART encontrada
2024-12-27 01:28:40,421 - DEBUG - Dispositivo 1 parseado - MAC: 02:9B:87:E5:E6:60
2024-12-27 01:28:40,424 - INFO - Buffer #3 procesado - Secuencia: 235, Dispositivos: 1, GPS: Válido
2024-12-27 01:28:47,419 - DEBUG - Cabecera UART encontrada
2024-12-27 01:28:47,422 - DEBUG - Dispositivo 1 parseado - MAC: 02:9B:87:E5:E6:60
2024-12-27 01:28:47,424 - INFO - Buffer #4 procesado - Secuencia: 236, Dispositivos: 1, GPS: Válido
2024-12-27 01:28:54,419 - DEBUG - Cabecera UART encontrada
2024-12-27 01:28:54,422 - DEBUG - Dispositivo 1 parseado - MAC: 02:9B:87:E5:E6:60
2024-12-27 01:28:54,424 - INFO - Buffer #5 procesado - Secuencia: 237, Dispositivos: 1, GPS: Válido
2024-12-27 01:29:01,419 - DEBUG - Cabecera UART encontrada
2024-12-27 01:29:01,421 - DEBUG - Dispositivo 1 parseado - MAC: 02:9B:87:E5:E6:60
2024-12-27 01:29:01,424 - INFO - Buffer #6 procesado - Secuencia: 238, Dispositivos: 1, GPS: Válido
2024-12-27 01:29:08,419 - DEBUG - Cabecera UART encontrada
2024-12-27 01:29:08,422 - DEBUG - Dispositivo 1 parseado - MAC: 02:9B:87:E5:E6:60
2024-12-27 01:29:08,424 - INFO - Buffer #7 procesado - Secuencia: 239, Dispositivos: 1, GPS: Válido
2024-12-27 01:29:15,419 - DEBUG - Cabecera UART encontrada
2024-12-27 01:29:15,422 - DEBUG - Dispositivo 1 parseado - MAC: 02:9B:87:E5:E6:60
2024-12-27 01:29:15,424 - INFO - Buffer #8 procesado - Secuencia: 240, Dispositivos: 1, GPS: Válido
2024-12-27 01:29:22,420 - DEBUG - Cabecera UART encontrada
2024-12-27 01:29:22,422 - DEBUG - Dispositivo 1 parseado - MAC: 02:9B:87:E5:E6:60
2024-12-27 01:29:22,425 - INFO - Buffer #9 procesado - Secuencia: 241, Dispositivos: 1, GPS: Válido
2024-12-27 01:29:29,419 - DEBUG - Cabecera UART encontrada
2024-12-27 01:29:29,422 - DEBUG - Dispositivo 1 parseado - MAC: 02:9B:87:E5:E6:60
2024-12-27 01:29:29,424 - INFO - Buffer #10 procesado - Secuencia: 242, Dispositivos: 1, GPS: Válido
2024-12-27 01:29:36,419 - DEBUG - Cabecera UART encontrada
2024-12-27 01:29:36,422 - DEBUG - Dispositivo 1 parseado - MAC: 02:9B:87:E5:E6:60
2024-12-27 01:29:36,424 - INFO - Buffer #11 procesado - Secuencia: 243, Dispositivos: 1, GPS: Válido
2024-12-27 01:29:43,420 - DEBUG - Cabecera UART encontrada
2024-12-27 01:29:43,423 - DEBUG - Dispositivo 1 parseado - MAC: 02:9B:87:E5:E6:60
2024-12-27 01:29:43,425 - INFO - Buffer #12 procesado - Secuencia: 244, Dispositivos: 1, GPS: Válido
2024-12-27 01:29:50,419 - DEBUG - Cabecera UART encontrada
2024-12-27 01:29:50,422 - DEBUG - Dispositivo 1 parseado - MAC: 02:9B:87:E5:E6:60
2024-12-27 01:29:50,424 - INFO - Buffer #13 procesado - Secuencia: 245, Dispositivos: 1, GPS: Válido
2024-12-27 01:29:57,420 - DEBUG - Cabecera UART encontrada
2024-12-27 01:29:57,422 - DEBUG - Dispositivo 1 parseado - MAC: 02:9B:87:E5:E6:60
2024-12-27 01:29:57,424 - INFO - Buffer #14 procesado - Secuencia: 246, Dispositivos: 1, GPS: Válido
2024-12-27 01:30:04,420 - DEBUG - Cabecera UART encontrada
2024-12-27 01:30:04,422 - DEBUG - Dispositivo 1 parseado - MAC: 02:9B:87:E5:E6:60
2024-12-27 01:30:04,424 - INFO - Buffer #15 procesado - Secuencia: 247, Dispositivos: 1, GPS: Válido
2024-12-27 01:30:11,420 - DEBUG - Cabecera UART encontrada
2024-12-27 01:30:11,422 - DEBUG - Dispositivo 1 parseado - MAC: 02:9B:87:E5:E6:60
2024-12-27 01:30:11,425 - INFO - Buffer #16 procesado - Secuencia: 248, Dispositivos: 1, GPS: Válido
2024-12-27 01:30:18,419 - DEBUG - Cabecera UART encontrada
2024-12-27 01:30:18,422 - DEBUG - Dispositivo 1 parseado - MAC: 02:9B:87:E5:E6:60
2024-12-27 01:30:18,425 - INFO - Buffer #17 procesado - Secuencia: 249, Dispositivos: 1, GPS: Válido
2024-12-27 01:30:25,420 - DEBUG - Cabecera UART encontrada
2024-12-27 01:30:25,423 - DEBUG - Dispositivo 1 parseado - MAC: 02:9B:87:E5:E6:60
2024-12-27 01:30:25,424 - INFO - Buffer #18 procesado - Secuencia: 250, Dispositivos: 1, GPS: Válido
2024-12-27 01:30:32,420 - DEBUG - Cabecera UART encontrada
2024-12-27 01:30:32,422 - DEBUG - Dispositivo 1 parseado - MAC: 02:9B:87:E5:E6:60
2024-12-27 01:30:32,425 - INFO - Buffer #19 procesado - Secuencia: 251, Dispositivos: 1, GPS: Válido
2024-12-27 01:30:39,420 - DEBUG - Cabecera UART encontrada
2024-12-27 01:30:39,423 - DEBUG - Dispositivo 1 parseado - MAC: 02:9B:87:E5:E6:60
2024-12-27 01:30:39,425 - INFO - Buffer #20 procesado - Secuencia: 252, Dispositivos: 1, GPS: Válido
2024-12-27 01:30:46,420 - DEBUG - Cabecera UART encontrada
2024-12-27 01:30:46,422 - DEBUG - Dispositivo 1 parseado - MAC: 02:9B:87:E5:E6:60
2024-12-27 01:30:46,425 - INFO - Buffer #21 procesado - Secuencia: 253, Dispositivos: 1, GPS: Válido
2024-12-27 01:30:53,420 - DEBUG - Cabecera UART encontrada
2024-12-27 01:30:53,423 - DEBUG - Dispositivo 1 parseado - MAC: 02:9B:87:E5:E6:60
2024-12-27 01:30:53,425 - INFO - Buffer #22 procesado - Secuencia: 254, Dispositivos: 1, GPS: Válido
2024-12-27 01:31:00,420 - DEBUG - Cabecera UART encontrada
2024-12-27 01:31:00,423 - DEBUG - Dispositivo 1 parseado - MAC: 02:9B:87:E5:E6:60
2024-12-27 01:31:00,425 - INFO - Buffer #23 procesado - Secuencia: 255, Dispositivos: 1, GPS: Válido
2024-12-27 01:31:07,420 - DEBUG - Cabecera UART encontrada
2024-12-27 01:31:07,423 - DEBUG - Dispositivo 1 parseado - MAC: 02:9B:87:E5:E6:60
2024-12-27 01:31:07,425 - INFO - Buffer #24 procesado - Secuencia: 0, Dispositivos: 1, GPS: Válido
2024-12-27 01:31:14,421 - DEBUG - Cabecera UART encontrada
2024-12-27 01:31:14,423 - DEBUG - Dispositivo 1 parseado - MAC: 02:9B:87:E5:E6:60
2024-12-27 01:31:14,425 - INFO - Buffer #25 procesado - Secuencia: 1, Dispositivos: 1, GPS: Válido
2024-12-27 01:31:21,421 - DEBUG - Cabecera UART encontrada
2024-12-27 01:31:21,423 - DEBUG - Dispositivo 1 parseado - MAC: 02:9B:87:E5:E6:60
2024-12-27 01:31:21,425 - INFO - Buffer #26 procesado - Secuencia: 2, Dispositivos: 1, GPS: Válido
2024-12-27 01:31:28,420 - DEBUG - Cabecera UART encontrada
2024-12-27 01:31:28,423 - DEBUG - Dispositivo 1 parseado - MAC: 02:9B:87:E5:E6:60
2024-12-27 01:31:28,425 - INFO - Buffer #27 procesado - Secuencia: 3, Dispositivos: 1, GPS: Válido
2024-12-27 01:31:35,421 - DEBUG - Cabecera UART encontrada
2024-12-27 01:31:35,423 - DEBUG - Dispositivo 1 parseado - MAC: 02:9B:87:E5:E6:60
2024-12-27 01:31:35,425 - INFO - Buffer #28 procesado - Secuencia: 4, Dispositivos: 1, GPS: Válido
2024-12-27 01:31:42,421 - DEBUG - Cabecera UART encontrada
2024-12-27 01:31:42,424 - DEBUG - Dispositivo 1 parseado - MAC: 02:9B:87:E5:E6:60
2024-12-27 01:31:42,425 - INFO - Buffer #29 procesado - Secuencia: 5, Dispositivos: 1, GPS: Válido
2024-12-27 01:31:49,421 - DEBUG - Cabecera UART encontrada
2024-12-27 01:31:49,423 - DEBUG - Dispositivo 1 parseado - MAC: 02:9B:87:E5:E6:60
2024-12-27 01:31:49,426 - INFO - Buffer #30 procesado - Secuencia: 6, Dispositivos: 1, GPS: Válido
2024-12-27 01:31:56,421 - DEBUG - Cabecera UART encontrada
2024-12-27 01:31:56,424 - DEBUG - Dispositivo 1 parseado - MAC: 02:9B:87:E5:E6:60
2024-12-27 01:31:56,426 - INFO - Buffer #31 procesado - Secuencia: 7, Dispositivos: 1, GPS: Válido
2024-12-27 01:32:03,421 - DEBUG - Cabecera UART encontrada
2024-12-27 01:32:03,424 - DEBUG - Dispositivo 1 parseado - MAC: 02:9B:87:E5:E6:60
2024-12-27 01:32:03,426 - INFO - Buffer #32 procesado - Secuencia: 8, Dispositivos: 1, GPS: Válido
2024-12-27 01:32:10,421 - DEBUG - Cabecera UART encontrada
2024-12-27 01:32:10,424 - DEBUG - Dispositivo 1 parseado - MAC: 02:9B:87:E5:E6:60
2024-12-27 01:32:10,425 - INFO - Buffer #33 procesado - Secuencia: 9, Dispositivos: 1, GPS: Válido
2024-12-27 01:32:17,421 - DEBUG - Cabecera UART encontrada
2024-12-27 01:32:17,424 - DEBUG - Dispositivo 1 parseado - MAC: 02:9B:87:E5:E6:60
2024-12-27 01:32:17,425 - INFO - Buffer #34 procesado - Secuencia: 10, Dispositivos: 1, GPS: Válido
2024-12-27 01:32:24,421 - DEBUG - Cabecera UART encontrada
2024-12-27 01:32:24,424 - DEBUG - Dispositivo 1 parseado - MAC: 02:9B:87:E5:E6:60
2024-12-27 01:32:24,426 - INFO - Buffer #35 procesado - Secuencia: 11, Dispositivos: 1, GPS: Válido
2024-12-27 01:32:31,421 - DEBUG - Cabecera UART encontrada
2024-12-27 01:32:31,424 - DEBUG - Dispositivo 1 parseado - MAC: 02:9B:87:E5:E6:60
2024-12-27 01:32:31,425 - INFO - Buffer #36 procesado - Secuencia: 12, Dispositivos: 1, GPS: Válido
2024-12-27 01:32:38,421 - DEBUG - Cabecera UART encontrada
2024-12-27 01:32:38,424 - DEBUG - Dispositivo 1 parseado - MAC: 02:9B:87:E5:E6:60
2024-12-27 01:32:38,426 - INFO - Buffer #37 procesado - Secuencia: 13, Dispositivos: 1, GPS: Válido
2024-12-27 01:32:45,421 - DEBUG - Cabecera UART encontrada
2024-12-27 01:32:45,424 - DEBUG - Dispositivo 1 parseado - MAC: 02:9B:87:E5:E6:60
2024-12-27 01:32:45,426 - INFO - Buffer #38 procesado - Secuencia: 14, Dispositivos: 1, GPS: Válido
2024-12-27 01:32:52,421 - DEBUG - Cabecera UART encontrada
2024-12-27 01:32:52,425 - DEBUG - Dispositivo 1 parseado - MAC: 02:9B:87:E5:E6:60
2024-12-27 01:32:52,428 - INFO - Buffer #39 procesado - Secuencia: 15, Dispositivos: 1, GPS: Válido
2024-12-27 01:32:59,421 - DEBUG - Cabecera UART encontrada
2024-12-27 01:32:59,425 - DEBUG - Dispositivo 1 parseado - MAC: 02:9B:87:E5:E6:60
2024-12-27 01:32:59,427 - INFO - Buffer #40 procesado - Secuencia: 16, Dispositivos: 1, GPS: Válido
2024-12-27 01:33:06,422 - DEBUG - Cabecera UART encontrada
2024-12-27 01:33:06,425 - DEBUG - Dispositivo 1 parseado - MAC: 02:9B:87:E5:E6:60
2024-12-27 01:33:06,427 - INFO - Buffer #41 procesado - Secuencia: 17, Dispositivos: 1, GPS: Válido
2024-12-27 01:33:13,421 - DEBUG - Cabecera UART encontrada
2024-12-27 01:33:13,424 - DEBUG - Dispositivo 1 parseado - MAC: 02:9B:87:E5:E6:60
2024-12-27 01:33:13,426 - INFO - Buffer #42 procesado - Secuencia: 18, Dispositivos: 1, GPS: Válido
2024-12-27 01:33:20,422 - DEBUG - Cabecera UART encontrada
2024-12-27 01:33:20,425 - DEBUG - Dispositivo 1 parseado - MAC: 02:9B:87:E5:E6:60
2024-12-27 01:33:20,426 - INFO - Buffer #43 procesado - Secuencia: 19, Dispositivos: 1, GPS: Válido
2024-12-27 01:33:27,422 - DEBUG - Cabecera UART encontrada
2024-12-27 01:33:27,424 - DEBUG - Dispositivo 1 parseado - MAC: 02:9B:87:E5:E6:60
2024-12-27 01:33:27,427 - INFO - Buffer #44 procesado - Secuencia: 20, Dispositivos: 1, GPS: Válido
2024-12-27 01:33:34,421 - DEBUG - Cabecera UART encontrada
2024-12-27 01:33:34,424 - DEBUG - Dispositivo 1 parseado - MAC: 02:9B:87:E5:E6:60
2024-12-27 01:33:34,426 - INFO - Buffer #45 procesado - Secuencia: 21, Dispositivos: 1, GPS: Válido
2024-12-27 01:33:41,422 - DEBUG - Cabecera UART encontrada
2024-12-27 01:33:41,425 - DEBUG - Dispositivo 1 parseado - MAC: 02:9B:87:E5:E6:60
2024-12-27 01:33:41,428 - INFO - Buffer #46 procesado - Secuencia: 22, Dispositivos: 1, GPS: Válido
2024-12-27 01:33:48,422 - DEBUG - Cabecera UART encontrada
2024-12-27 01:33:48,424 - DEBUG - Dispositivo 1 parseado - MAC: 02:9B:87:E5:E6:60
2024-12-27 01:33:48,427 - INFO - Buffer #47 procesado - Secuencia: 23, Dispositivos: 1, GPS: Válido
2024-12-27 01:33:55,422 - DEBUG - Cabecera UART encontrada
2024-12-27 01:33:55,424 - DEBUG - Dispositivo 1 parseado - MAC: 02:9B:87:E5:E6:60
2024-12-27 01:33:55,428 - INFO - Buffer #48 procesado - Secuencia: 24, Dispositivos: 1, GPS: Válido
2024-12-27 01:34:02,422 - DEBUG - Cabecera UART encontrada
2024-12-27 01:34:02,424 - DEBUG - Dispositivo 1 parseado - MAC: 02:9B:87:E5:E6:60
2024-12-27 01:34:02,427 - INFO - Buffer #49 procesado - Secuencia: 25, Dispositivos: 1, GPS: Válido
2024-12-27 01:34:09,423 - DEBUG - Cabecera UART encontrada
2024-12-27 01:34:09,425 - DEBUG - Dispositivo 1 parseado - MAC: 02:9B:87:E5:E6:60
2024-12-27 01:34:09,427 - INFO - Buffer #50 procesado - Secuencia: 26, Dispositivos: 1, GPS: Válido
2024-12-27 01:34:16,421 - DEBUG - Cabecera UART encontrada
2024-12-27 01:34:16,424 - DEBUG - Dispositivo 1 parseado - MAC: 02:9B:87:E5:E6:60
2024-12-27 01:34:16,427 - INFO - Buffer #51 procesado - Secuencia: 27, Dispositivos: 1, GPS: Válido
2024-12-27 01:34:23,422 - DEBUG - Cabecera UART encontrada
2024-12-27 01:34:23,424 - DEBUG - Dispositivo 1 parseado - MAC: 02:9B:87:E5:E6:60
2024-12-27 01:34:23,427 - INFO - Buffer #52 procesado - Secuencia: 28, Dispositivos: 1, GPS: Válido
2024-12-27 01:34:30,422 - DEBUG - Cabecera UART encontrada
2024-12-27 01:34:30,425 - DEBUG - Dispositivo 1 parseado - MAC: 02:9B:87:E5:E6:60
2024-12-27 01:34:30,428 - INFO - Buffer #53 procesado - Secuencia: 29, Dispositivos: 1, GPS: Válido
2024-12-27 01:34:37,423 - DEBUG - Cabecera UART encontrada
2024-12-27 01:34:37,425 - DEBUG - Dispositivo 1 parseado - MAC: 02:9B:87:E5:E6:60
2024-12-27 01:34:37,427 - INFO - Buffer #54 procesado - Secuencia: 30, Dispositivos: 1, GPS: Válido
2024-12-27 01:34:44,422 - DEBUG - Cabecera UART encontrada
2024-12-27 01:34:44,426 - DEBUG - Dispositivo 1 parseado - MAC: 02:9B:87:E5:E6:60
2024-12-27 01:34:44,428 - INFO - Buffer #55 procesado - Secuencia: 31, Dispositivos: 1, GPS: Válido
2024-12-27 01:34:51,423 - DEBUG - Cabecera UART encontrada
2024-12-27 01:34:51,426 - DEBUG - Dispositivo 1 parseado - MAC: 02:9B:87:E5:E6:60
2024-12-27 01:34:51,427 - INFO - Buffer #56 procesado - Secuencia: 32, Dispositivos: 1, GPS: Válido
2024-12-27 01:34:58,423 - DEBUG - Cabecera UART encontrada
2024-12-27 01:34:58,426 - DEBUG - Dispositivo 1 parseado - MAC: 02:9B:87:E5:E6:60
2024-12-27 01:34:58,427 - INFO - Buffer #57 procesado - Secuencia: 33, Dispositivos: 1, GPS: Válido
2024-12-27 01:35:05,423 - DEBUG - Cabecera UART encontrada
2024-12-27 01:35:05,426 - DEBUG - Dispositivo 1 parseado - MAC: 02:9B:87:E5:E6:60
2024-12-27 01:35:05,428 - INFO - Buffer #58 procesado - Secuencia: 34, Dispositivos: 1, GPS: Válido
2024-12-27 01:35:12,423 - DEBUG - Cabecera UART encontrada
2024-12-27 01:35:12,426 - DEBUG - Dispositivo 1 parseado - MAC: 02:9B:87:E5:E6:60
2024-12-27 01:35:12,430 - INFO - Buffer #59 procesado - Secuencia: 35, Dispositivos: 1, GPS: Válido
2024-12-27 01:35:19,423 - INFO - Recepción interrumpida por el usuario
2024-12-27 01:35:19,423 - INFO - Total de buffers procesados: 59
2024-12-27 01:35:19,427 - INFO - Conexión GPS cerrada
2024-12-27 01:35:19,428 - INFO - Conexión MongoDB cerrada
