2024-12-27 01:10:58,312 - INFO - Iniciando rastreador combinado GPS + BLE
2024-12-27 01:10:58,335 - INFO - GPS conectado en COM27
2024-12-27 01:10:58,335 - INFO - BLE conectado en COM21
2024-12-27 01:11:00,336 - INFO - Iniciando rastreo indefinido
2024-12-27 01:11:00,337 - INFO - Iniciando rastreo combinado...
2024-12-27 01:11:00,391 - DEBUG - Datos GPS almacenados
2024-12-27 01:11:00,411 - DEBUG - Datos GPS almacenados
2024-12-27 01:11:00,911 - DEBUG - Datos GPS almacenados
2024-12-27 01:11:01,918 - DEBUG - Datos GPS almacenados
2024-12-27 01:11:02,915 - DEBUG - Datos GPS almacenados
2024-12-27 01:11:03,916 - DEBUG - Datos GPS almacenados
2024-12-27 01:11:04,914 - DEBUG - Datos GPS almacenados
2024-12-27 01:11:05,917 - DEBUG - Datos GPS almacenados
2024-12-27 01:11:06,914 - DEBUG - Datos GPS almacenados
2024-12-27 01:11:07,916 - DEBUG - Datos GPS almacenados
2024-12-27 01:11:08,916 - DEBUG - Datos GPS almacenados
2024-12-27 01:11:09,917 - DEBUG - Datos GPS almacenados
2024-12-27 01:11:10,915 - DEBUG - Datos GPS almacenados
2024-12-27 01:11:11,912 - DEBUG - Datos GPS almacenados
2024-12-27 01:11:12,917 - DEBUG - Datos GPS almacenados
2024-12-27 01:11:13,916 - DEBUG - Datos GPS almacenados
2024-12-27 01:11:14,915 - DEBUG - Datos GPS almacenados
2024-12-27 01:11:15,917 - DEBUG - Datos GPS almacenados
2024-12-27 01:11:16,915 - DEBUG - Datos GPS almacenados
2024-12-27 01:11:17,922 - DEBUG - Datos GPS almacenados
2024-12-27 01:11:18,915 - DEBUG - Datos GPS almacenados
2024-12-27 01:11:19,917 - DEBUG - Datos GPS almacenados
2024-12-27 01:11:20,915 - DEBUG - Datos GPS almacenados
2024-12-27 01:11:21,919 - DEBUG - Datos GPS almacenados
2024-12-27 01:11:22,913 - DEBUG - Datos GPS almacenados
2024-12-27 01:11:23,916 - DEBUG - Datos GPS almacenados
2024-12-27 01:11:24,913 - DEBUG - Datos GPS almacenados
2024-12-27 01:11:25,916 - DEBUG - Datos GPS almacenados
2024-12-27 01:11:26,915 - DEBUG - Datos GPS almacenados
2024-12-27 01:11:27,917 - DEBUG - Datos GPS almacenados
2024-12-27 01:11:28,915 - DEBUG - Datos GPS almacenados
2024-12-27 01:11:29,913 - DEBUG - Datos GPS almacenados
2024-12-27 01:11:30,913 - DEBUG - Datos GPS almacenados
2024-12-27 01:11:31,916 - DEBUG - Datos GPS almacenados
2024-12-27 01:11:32,915 - DEBUG - Datos GPS almacenados
2024-12-27 01:11:33,914 - DEBUG - Datos GPS almacenados
2024-12-27 01:11:34,913 - DEBUG - Datos GPS almacenados
2024-12-27 01:11:35,916 - DEBUG - Datos GPS almacenados
2024-12-27 01:11:36,913 - DEBUG - Datos GPS almacenados
2024-12-27 01:11:37,917 - DEBUG - Datos GPS almacenados
2024-12-27 01:11:38,913 - DEBUG - Datos GPS almacenados
2024-12-27 01:11:39,918 - DEBUG - Datos GPS almacenados
2024-12-27 01:11:40,913 - DEBUG - Datos GPS almacenados
2024-12-27 01:11:41,916 - DEBUG - Datos GPS almacenados
2024-12-27 01:11:42,913 - DEBUG - Datos GPS almacenados
2024-12-27 01:11:43,916 - DEBUG - Datos GPS almacenados
2024-12-27 01:11:44,915 - DEBUG - Datos GPS almacenados
2024-12-27 01:11:45,917 - DEBUG - Datos GPS almacenados
2024-12-27 01:11:46,913 - DEBUG - Datos GPS almacenados
2024-12-27 01:11:47,915 - DEBUG - Datos GPS almacenados
2024-12-27 01:11:48,913 - DEBUG - Datos GPS almacenados
2024-12-27 01:11:49,916 - DEBUG - Datos GPS almacenados
2024-12-27 01:11:50,915 - DEBUG - Datos GPS almacenados
2024-12-27 01:11:51,914 - DEBUG - Datos GPS almacenados
2024-12-27 01:11:52,915 - DEBUG - Datos GPS almacenados
2024-12-27 01:11:53,916 - DEBUG - Datos GPS almacenados
2024-12-27 01:11:54,917 - DEBUG - Datos GPS almacenados
2024-12-27 01:11:55,919 - DEBUG - Datos GPS almacenados
2024-12-27 01:11:56,918 - DEBUG - Datos GPS almacenados
2024-12-27 01:11:57,919 - DEBUG - Datos GPS almacenados
2024-12-27 01:11:58,915 - DEBUG - Datos GPS almacenados
2024-12-27 01:11:59,925 - DEBUG - Datos GPS almacenados
2024-12-27 01:12:00,914 - DEBUG - Datos GPS almacenados
2024-12-27 01:12:01,919 - DEBUG - Datos GPS almacenados
2024-12-27 01:12:02,912 - DEBUG - Datos GPS almacenados
2024-12-27 01:12:03,916 - DEBUG - Datos GPS almacenados
2024-12-27 01:12:04,914 - DEBUG - Datos GPS almacenados
2024-12-27 01:12:05,916 - DEBUG - Datos GPS almacenados
2024-12-27 01:12:06,912 - DEBUG - Datos GPS almacenados
2024-12-27 01:12:07,914 - DEBUG - Datos GPS almacenados
2024-12-27 01:12:08,913 - DEBUG - Datos GPS almacenados
2024-12-27 01:12:09,913 - DEBUG - Datos GPS almacenados
2024-12-27 01:12:10,913 - DEBUG - Datos GPS almacenados
2024-12-27 01:12:11,915 - DEBUG - Datos GPS almacenados
2024-12-27 01:12:12,912 - DEBUG - Datos GPS almacenados
2024-12-27 01:12:13,913 - DEBUG - Datos GPS almacenados
2024-12-27 01:12:14,912 - DEBUG - Datos GPS almacenados
2024-12-27 01:12:15,918 - DEBUG - Datos GPS almacenados
2024-12-27 01:12:16,914 - DEBUG - Datos GPS almacenados
2024-12-27 01:12:17,919 - DEBUG - Datos GPS almacenados
2024-12-27 01:12:18,912 - DEBUG - Datos GPS almacenados
2024-12-27 01:12:19,914 - DEBUG - Datos GPS almacenados
2024-12-27 01:12:20,912 - DEBUG - Datos GPS almacenados
2024-12-27 01:12:21,917 - DEBUG - Datos GPS almacenados
2024-12-27 01:12:22,914 - DEBUG - Datos GPS almacenados
2024-12-27 01:12:23,915 - DEBUG - Datos GPS almacenados
2024-12-27 01:12:24,911 - DEBUG - Datos GPS almacenados
2024-12-27 01:12:25,913 - DEBUG - Datos GPS almacenados
2024-12-27 01:12:26,911 - DEBUG - Datos GPS almacenados
2024-12-27 01:12:27,915 - DEBUG - Datos GPS almacenados
2024-12-27 01:12:28,912 - DEBUG - Datos GPS almacenados
2024-12-27 01:12:29,912 - DEBUG - Datos GPS almacenados
2024-12-27 01:12:30,908 - DEBUG - Datos GPS almacenados
2024-12-27 01:12:31,907 - DEBUG - Datos GPS almacenados
2024-12-27 01:12:32,909 - DEBUG - Datos GPS almacenados
2024-12-27 01:12:33,912 - DEBUG - Datos GPS almacenados
2024-12-27 01:12:34,910 - DEBUG - Datos GPS almacenados
2024-12-27 01:12:35,913 - DEBUG - Datos GPS almacenados
2024-12-27 01:12:36,912 - DEBUG - Datos GPS almacenados
2024-12-27 01:12:37,912 - DEBUG - Datos GPS almacenados
2024-12-27 01:12:38,909 - DEBUG - Datos GPS almacenados
2024-12-27 01:12:39,914 - DEBUG - Datos GPS almacenados
2024-12-27 01:12:40,124 - INFO - Rastreo detenido por el usuario
2024-12-27 01:12:40,124 - INFO - Finalizando rastreo
2024-12-27 01:12:40,128 - INFO - Conexión GPS cerrada
2024-12-27 01:12:40,129 - INFO - Conexión BLE cerrada
2024-12-27 01:12:40,130 - INFO - Conexión MongoDB cerrada
