2024-12-27 15:40:21,926 - INFO - Iniciando rastreador combinado GPS + BLE
2024-12-27 15:40:21,937 - INFO - GPS conectado en COM29
2024-12-27 15:40:21,937 - INFO - Iniciando captura por 10 segundos
2024-12-27 15:40:21,937 - INFO - === Iniciando recepción de buffers combinados ===
2024-12-27 15:40:24,909 - INFO - 
├─ Secuencia: #53
├─ Dispositivos: 10 (33:4A:AD:EC:5C:52(RSSI:-69dB), DB:87:C0:9F:B8:EE(RSSI:-65dB), C5:BB:10:3B:FA:E3(RSSI:-50dB), ... +7 más)
├─ Anuncios raw: 121
└─ GPS: ✓
   └─ Pos: 37.639792, -0.960612 (43.56 knots)
2024-12-27 15:40:31,908 - INFO - 
├─ Secuencia: #54
├─ Dispositivos: 10 (33:4A:AD:EC:5C:52(RSSI:-65dB), DB:87:C0:9F:B8:EE(RSSI:-70dB), C5:BB:10:3B:FA:E3(RSSI:-48dB), ... +7 más)
├─ Anuncios raw: 102
└─ GPS: ✓
   └─ Pos: 37.639792, -0.960612 (43.56 knots)
2024-12-27 15:40:31,944 - INFO - Tiempo de ejecución (10s) completado
2024-12-27 15:40:31,945 - INFO - Total de buffers procesados: 2
2024-12-27 15:40:31,953 - INFO - Conexión GPS cerrada
2024-12-27 15:40:31,955 - INFO - Conexión MongoDB cerrada
