2024-12-27 14:45:13,777 - INFO - Iniciando rastreador combinado GPS + BLE
2024-12-27 14:45:13,788 - INFO - GPS conectado en COM27
2024-12-27 14:45:13,788 - INFO - Iniciando captura indefinida
2024-12-27 14:45:13,789 - INFO - === Iniciando recepción de buffers combinados ===
2024-12-27 14:45:18,728 - INFO - 
├─ Secuencia: #110
├─ Dispositivos: 4 (2E:BE:18:41:CF:54(RSSI:-89dB), 01:44:46:09:D2:42(RSSI:-91dB), 35:D8:79:CA:69:35(RSSI:-92dB), ... +1 más)
├─ Anuncios raw: 13
└─ GPS: ✗
2024-12-27 14:45:25,727 - INFO - 
├─ Secuencia: #111
├─ Dispositivos: 4 (FD:54:D9:C6:FC:58(RSSI:-88dB), 01:44:46:09:D2:42(RSSI:-87dB), 6D:AB:58:68:D5:F3(RSSI:-91dB), ... +1 más)
├─ Anuncios raw: 9
└─ GPS: ✗
2024-12-27 14:45:32,717 - INFO - 
├─ Secuencia: #112
├─ Dispositivos: 1 (01:44:46:09:D2:42(RSSI:-89dB))
├─ Anuncios raw: 2
└─ GPS: ✗
2024-12-27 14:45:39,712 - INFO - 
=== Captura interrumpida por el usuario ===
2024-12-27 14:45:39,713 - INFO - Total de buffers procesados: 3
2024-12-27 14:45:39,720 - INFO - Conexión GPS cerrada
2024-12-27 14:45:39,722 - INFO - Conexión MongoDB cerrada
