2024-12-27 15:49:33,925 - INFO - Iniciando rastreador combinado GPS + BLE
2024-12-27 15:49:33,936 - INFO - GPS conectado en COM29
2024-12-27 15:49:33,937 - INFO - Iniciando captura por 10 segundos
2024-12-27 15:49:33,937 - INFO - === Iniciando recepción de buffers combinados ===
2024-12-27 15:49:37,918 - INFO - 
├─ Secuencia: #132
├─ Dispositivos: 12 (F3:72:11:72:93:6B(RSSI:-92dB), 4B:65:66:39:F5:43(RSSI:-89dB), C8:0B:52:62:84:0E(RSSI:-86dB), ... +9 más)
├─ Anuncios raw: 190
└─ GPS: ✓
   └─ Pos: 37.689617, -0.963365 (0.01 knots)
2024-12-27 15:49:44,910 - INFO - 
├─ Secuencia: #133
├─ Dispositivos: 9 (C8:0B:52:62:84:0E(RSSI:-92dB), 35:DD:9A:00:07:66(RSSI:-79dB), 21:2B:38:29:FE:CF(RSSI:-71dB), ... +6 más)
├─ Anuncios raw: 158
└─ GPS: ✓
   └─ Pos: 37.689617, -0.963365 (0.01 knots)
2024-12-27 15:49:44,944 - INFO - Tiempo de ejecución (10s) completado
2024-12-27 15:49:44,945 - INFO - Total de buffers procesados: 2
2024-12-27 15:49:44,952 - INFO - Conexión GPS cerrada
2024-12-27 15:49:44,954 - INFO - Conexión MongoDB cerrada
