2024-12-27 15:45:01,095 - INFO - Iniciando rastreador combinado GPS + BLE
2024-12-27 15:45:01,106 - INFO - GPS conectado en COM29
2024-12-27 15:45:01,106 - INFO - Iniciando captura por 10 segundos
2024-12-27 15:45:01,107 - INFO - === Iniciando recepción de buffers combinados ===
2024-12-27 15:45:04,923 - INFO - 
├─ Secuencia: #93
├─ Dispositivos: 13 (C6:BD:C8:05:5C:57(RSSI:-88dB), 33:4A:AD:EC:5C:52(RSSI:-63dB), DB:87:C0:9F:B8:EE(RSSI:-71dB), ... +10 más)
├─ Anuncios raw: 116
└─ GPS: ✓
   └─ Pos: 37.673941, -0.947826 (33.96 knots)
2024-12-27 15:45:11,909 - INFO - 
├─ Secuencia: #94
├─ Dispositivos: 9 (33:4A:AD:EC:5C:52(RSSI:-74dB), DB:87:C0:9F:B8:EE(RSSI:-69dB), C5:BB:10:3B:FA:E3(RSSI:-54dB), ... +6 más)
├─ Anuncios raw: 114
└─ GPS: ✓
   └─ Pos: 37.673941, -0.947826 (33.96 knots)
2024-12-27 15:45:11,942 - INFO - Tiempo de ejecución (10s) completado
2024-12-27 15:45:11,943 - INFO - Total de buffers procesados: 2
2024-12-27 15:45:11,950 - INFO - Conexión GPS cerrada
2024-12-27 15:45:11,952 - INFO - Conexión MongoDB cerrada
