2024-12-27 02:35:53,794 - INFO - Iniciando rastreador combinado GPS + BLE
2024-12-27 02:35:53,803 - INFO - GPS conectado en COM27
2024-12-27 02:35:53,804 - INFO - Iniciando captura indefinida
2024-12-27 02:35:53,804 - INFO - Iniciando recepción de buffers combinados...
2024-12-27 02:35:54,564 - DEBUG - Cabecera UART encontrada
2024-12-27 02:35:54,567 - DEBUG - Dispositivo 1 parseado - MAC: 02:9B:87:E5:E6:60
2024-12-27 02:35:54,582 - INFO - Buffer #1 procesado - Secuencia: 138, Dispositivos: 1, GPS: Válido
2024-12-27 02:36:01,564 - DEBUG - Cabecera UART encontrada
2024-12-27 02:36:01,567 - DEBUG - Dispositivo 1 parseado - MAC: 69:37:28:5F:58:47
2024-12-27 02:36:01,571 - DEBUG - Dispositivo 2 parseado - MAC: 02:9B:87:E5:E6:60
2024-12-27 02:36:01,573 - INFO - Buffer #2 procesado - Secuencia: 139, Dispositivos: 2, GPS: Válido
2024-12-27 02:36:08,564 - DEBUG - Cabecera UART encontrada
2024-12-27 02:36:08,567 - DEBUG - Dispositivo 1 parseado - MAC: 02:9B:87:E5:E6:60
2024-12-27 02:36:08,569 - INFO - Buffer #3 procesado - Secuencia: 140, Dispositivos: 1, GPS: Válido
2024-12-27 02:36:15,564 - DEBUG - Cabecera UART encontrada
2024-12-27 02:36:15,568 - DEBUG - Dispositivo 1 parseado - MAC: 69:37:28:5F:58:47
2024-12-27 02:36:15,571 - DEBUG - Dispositivo 2 parseado - MAC: 02:9B:87:E5:E6:60
2024-12-27 02:36:15,577 - INFO - Buffer #4 procesado - Secuencia: 141, Dispositivos: 2, GPS: Válido
2024-12-27 02:36:22,564 - DEBUG - Cabecera UART encontrada
2024-12-27 02:36:22,567 - DEBUG - Dispositivo 1 parseado - MAC: 69:37:28:5F:58:47
2024-12-27 02:36:22,571 - DEBUG - Dispositivo 2 parseado - MAC: 02:9B:87:E5:E6:60
2024-12-27 02:36:22,575 - INFO - Buffer #5 procesado - Secuencia: 142, Dispositivos: 2, GPS: Válido
2024-12-27 02:36:29,564 - DEBUG - Cabecera UART encontrada
2024-12-27 02:36:29,567 - DEBUG - Dispositivo 1 parseado - MAC: 02:9B:87:E5:E6:60
2024-12-27 02:36:29,570 - INFO - Buffer #6 procesado - Secuencia: 143, Dispositivos: 1, GPS: Válido
2024-12-27 02:36:36,565 - DEBUG - Cabecera UART encontrada
2024-12-27 02:36:36,568 - DEBUG - Dispositivo 1 parseado - MAC: 02:9B:87:E5:E6:60
2024-12-27 02:36:36,571 - INFO - Buffer #7 procesado - Secuencia: 144, Dispositivos: 1, GPS: Válido
2024-12-27 02:36:43,565 - DEBUG - Cabecera UART encontrada
2024-12-27 02:36:43,568 - DEBUG - Dispositivo 1 parseado - MAC: 02:9B:87:E5:E6:60
2024-12-27 02:36:43,572 - INFO - Buffer #8 procesado - Secuencia: 145, Dispositivos: 1, GPS: Válido
2024-12-27 02:36:50,564 - DEBUG - Cabecera UART encontrada
2024-12-27 02:36:50,567 - DEBUG - Dispositivo 1 parseado - MAC: 02:9B:87:E5:E6:60
2024-12-27 02:36:50,573 - INFO - Buffer #9 procesado - Secuencia: 146, Dispositivos: 1, GPS: Válido
2024-12-27 02:36:57,565 - DEBUG - Cabecera UART encontrada
2024-12-27 02:36:57,568 - DEBUG - Dispositivo 1 parseado - MAC: 02:9B:87:E5:E6:60
2024-12-27 02:36:57,574 - INFO - Buffer #10 procesado - Secuencia: 147, Dispositivos: 1, GPS: Válido
2024-12-27 02:37:04,566 - DEBUG - Cabecera UART encontrada
2024-12-27 02:37:04,568 - DEBUG - Dispositivo 1 parseado - MAC: 02:9B:87:E5:E6:60
2024-12-27 02:37:04,574 - INFO - Buffer #11 procesado - Secuencia: 148, Dispositivos: 1, GPS: Válido
2024-12-27 02:37:11,564 - DEBUG - Cabecera UART encontrada
2024-12-27 02:37:11,567 - DEBUG - Dispositivo 1 parseado - MAC: 02:9B:87:E5:E6:60
2024-12-27 02:37:11,570 - INFO - Buffer #12 procesado - Secuencia: 149, Dispositivos: 1, GPS: Válido
2024-12-27 02:37:18,566 - DEBUG - Cabecera UART encontrada
2024-12-27 02:37:18,568 - DEBUG - Dispositivo 1 parseado - MAC: 02:9B:87:E5:E6:60
2024-12-27 02:37:18,573 - INFO - Buffer #13 procesado - Secuencia: 150, Dispositivos: 1, GPS: Válido
2024-12-27 02:37:25,565 - DEBUG - Cabecera UART encontrada
2024-12-27 02:37:25,568 - DEBUG - Dispositivo 1 parseado - MAC: 02:9B:87:E5:E6:60
2024-12-27 02:37:25,572 - INFO - Buffer #14 procesado - Secuencia: 151, Dispositivos: 1, GPS: Válido
2024-12-27 02:37:32,565 - DEBUG - Cabecera UART encontrada
2024-12-27 02:37:32,568 - DEBUG - Dispositivo 1 parseado - MAC: 02:9B:87:E5:E6:60
2024-12-27 02:37:32,571 - INFO - Buffer #15 procesado - Secuencia: 152, Dispositivos: 1, GPS: Válido
2024-12-27 02:37:39,566 - DEBUG - Cabecera UART encontrada
2024-12-27 02:37:39,569 - DEBUG - Dispositivo 1 parseado - MAC: 02:9B:87:E5:E6:60
2024-12-27 02:37:39,574 - INFO - Buffer #16 procesado - Secuencia: 153, Dispositivos: 1, GPS: Válido
2024-12-27 02:37:46,565 - DEBUG - Cabecera UART encontrada
2024-12-27 02:37:46,568 - DEBUG - Dispositivo 1 parseado - MAC: 02:9B:87:E5:E6:60
2024-12-27 02:37:46,574 - INFO - Buffer #17 procesado - Secuencia: 154, Dispositivos: 1, GPS: Válido
2024-12-27 02:37:53,566 - DEBUG - Cabecera UART encontrada
2024-12-27 02:37:53,568 - DEBUG - Dispositivo 1 parseado - MAC: 02:9B:87:E5:E6:60
2024-12-27 02:37:53,570 - INFO - Buffer #18 procesado - Secuencia: 155, Dispositivos: 1, GPS: Válido
2024-12-27 02:38:00,566 - DEBUG - Cabecera UART encontrada
2024-12-27 02:38:00,569 - DEBUG - Dispositivo 1 parseado - MAC: 02:9B:87:E5:E6:60
2024-12-27 02:38:00,575 - INFO - Buffer #19 procesado - Secuencia: 156, Dispositivos: 1, GPS: Válido
2024-12-27 02:38:07,566 - DEBUG - Cabecera UART encontrada
2024-12-27 02:38:07,569 - DEBUG - Dispositivo 1 parseado - MAC: 02:9B:87:E5:E6:60
2024-12-27 02:38:07,571 - INFO - Buffer #20 procesado - Secuencia: 157, Dispositivos: 1, GPS: Válido
2024-12-27 02:38:14,566 - DEBUG - Cabecera UART encontrada
2024-12-27 02:38:14,568 - DEBUG - Dispositivo 1 parseado - MAC: 02:9B:87:E5:E6:60
2024-12-27 02:38:14,575 - INFO - Buffer #21 procesado - Secuencia: 158, Dispositivos: 1, GPS: Válido
2024-12-27 02:38:21,567 - DEBUG - Cabecera UART encontrada
2024-12-27 02:38:21,569 - DEBUG - Dispositivo 1 parseado - MAC: 02:9B:87:E5:E6:60
2024-12-27 02:38:21,576 - INFO - Buffer #22 procesado - Secuencia: 159, Dispositivos: 1, GPS: Válido
2024-12-27 02:38:28,566 - DEBUG - Cabecera UART encontrada
2024-12-27 02:38:28,568 - DEBUG - Dispositivo 1 parseado - MAC: 02:9B:87:E5:E6:60
2024-12-27 02:38:28,571 - INFO - Buffer #23 procesado - Secuencia: 160, Dispositivos: 1, GPS: Válido
2024-12-27 02:38:35,566 - DEBUG - Cabecera UART encontrada
2024-12-27 02:38:35,569 - DEBUG - Dispositivo 1 parseado - MAC: 02:9B:87:E5:E6:60
2024-12-27 02:38:35,574 - INFO - Buffer #24 procesado - Secuencia: 161, Dispositivos: 1, GPS: Válido
2024-12-27 02:38:42,566 - DEBUG - Cabecera UART encontrada
2024-12-27 02:38:42,569 - DEBUG - Dispositivo 1 parseado - MAC: 02:9B:87:E5:E6:60
2024-12-27 02:38:42,575 - INFO - Buffer #25 procesado - Secuencia: 162, Dispositivos: 1, GPS: Válido
2024-12-27 02:38:49,566 - DEBUG - Cabecera UART encontrada
2024-12-27 02:38:49,569 - DEBUG - Dispositivo 1 parseado - MAC: 02:9B:87:E5:E6:60
2024-12-27 02:38:49,575 - INFO - Buffer #26 procesado - Secuencia: 163, Dispositivos: 1, GPS: Válido
2024-12-27 02:38:56,566 - DEBUG - Cabecera UART encontrada
2024-12-27 02:38:56,568 - DEBUG - Dispositivo 1 parseado - MAC: 02:9B:87:E5:E6:60
2024-12-27 02:38:56,571 - INFO - Buffer #27 procesado - Secuencia: 164, Dispositivos: 1, GPS: Válido
2024-12-27 02:39:03,567 - DEBUG - Cabecera UART encontrada
2024-12-27 02:39:03,570 - DEBUG - Dispositivo 1 parseado - MAC: 02:9B:87:E5:E6:60
2024-12-27 02:39:03,576 - INFO - Buffer #28 procesado - Secuencia: 165, Dispositivos: 1, GPS: Válido
2024-12-27 02:39:10,566 - DEBUG - Cabecera UART encontrada
2024-12-27 02:39:10,569 - DEBUG - Dispositivo 1 parseado - MAC: 02:9B:87:E5:E6:60
2024-12-27 02:39:10,574 - INFO - Buffer #29 procesado - Secuencia: 166, Dispositivos: 1, GPS: Válido
2024-12-27 02:39:17,567 - DEBUG - Cabecera UART encontrada
2024-12-27 02:39:17,569 - DEBUG - Dispositivo 1 parseado - MAC: 02:9B:87:E5:E6:60
2024-12-27 02:39:17,575 - INFO - Buffer #30 procesado - Secuencia: 167, Dispositivos: 1, GPS: Válido
2024-12-27 02:39:24,567 - DEBUG - Cabecera UART encontrada
2024-12-27 02:39:24,569 - DEBUG - Dispositivo 1 parseado - MAC: 02:9B:87:E5:E6:60
2024-12-27 02:39:24,576 - INFO - Buffer #31 procesado - Secuencia: 168, Dispositivos: 1, GPS: Válido
2024-12-27 02:39:31,567 - DEBUG - Cabecera UART encontrada
2024-12-27 02:39:31,569 - DEBUG - Dispositivo 1 parseado - MAC: 02:9B:87:E5:E6:60
2024-12-27 02:39:31,573 - INFO - Buffer #32 procesado - Secuencia: 169, Dispositivos: 1, GPS: Válido
2024-12-27 02:39:38,567 - DEBUG - Cabecera UART encontrada
2024-12-27 02:39:38,569 - DEBUG - Dispositivo 1 parseado - MAC: 02:9B:87:E5:E6:60
2024-12-27 02:39:38,574 - INFO - Buffer #33 procesado - Secuencia: 170, Dispositivos: 1, GPS: Válido
2024-12-27 02:39:45,567 - DEBUG - Cabecera UART encontrada
2024-12-27 02:39:45,570 - DEBUG - Dispositivo 1 parseado - MAC: 02:9B:87:E5:E6:60
2024-12-27 02:39:45,575 - INFO - Buffer #34 procesado - Secuencia: 171, Dispositivos: 1, GPS: Válido
2024-12-27 02:39:52,567 - DEBUG - Cabecera UART encontrada
2024-12-27 02:39:52,569 - DEBUG - Dispositivo 1 parseado - MAC: 02:9B:87:E5:E6:60
2024-12-27 02:39:52,576 - INFO - Buffer #35 procesado - Secuencia: 172, Dispositivos: 1, GPS: Válido
2024-12-27 02:39:59,567 - DEBUG - Cabecera UART encontrada
2024-12-27 02:39:59,570 - DEBUG - Dispositivo 1 parseado - MAC: 02:9B:87:E5:E6:60
2024-12-27 02:39:59,574 - INFO - Buffer #36 procesado - Secuencia: 173, Dispositivos: 1, GPS: Válido
2024-12-27 02:40:06,567 - DEBUG - Cabecera UART encontrada
2024-12-27 02:40:06,569 - DEBUG - Dispositivo 1 parseado - MAC: 02:9B:87:E5:E6:60
2024-12-27 02:40:06,575 - INFO - Buffer #37 procesado - Secuencia: 174, Dispositivos: 1, GPS: Válido
2024-12-27 02:40:13,567 - DEBUG - Cabecera UART encontrada
2024-12-27 02:40:13,569 - DEBUG - Dispositivo 1 parseado - MAC: 02:9B:87:E5:E6:60
2024-12-27 02:40:13,573 - INFO - Buffer #38 procesado - Secuencia: 175, Dispositivos: 1, GPS: Válido
2024-12-27 02:40:20,567 - DEBUG - Cabecera UART encontrada
2024-12-27 02:40:20,569 - DEBUG - Dispositivo 1 parseado - MAC: 02:9B:87:E5:E6:60
2024-12-27 02:40:20,573 - INFO - Buffer #39 procesado - Secuencia: 176, Dispositivos: 1, GPS: Válido
2024-12-27 02:40:27,567 - DEBUG - Cabecera UART encontrada
2024-12-27 02:40:27,570 - DEBUG - Dispositivo 1 parseado - MAC: 02:9B:87:E5:E6:60
2024-12-27 02:40:27,572 - INFO - Buffer #40 procesado - Secuencia: 177, Dispositivos: 1, GPS: Válido
2024-12-27 02:40:34,567 - DEBUG - Cabecera UART encontrada
2024-12-27 02:40:34,569 - DEBUG - Dispositivo 1 parseado - MAC: 02:9B:87:E5:E6:60
2024-12-27 02:40:34,576 - INFO - Buffer #41 procesado - Secuencia: 178, Dispositivos: 1, GPS: Válido
2024-12-27 02:40:41,567 - DEBUG - Cabecera UART encontrada
2024-12-27 02:40:41,570 - DEBUG - Dispositivo 1 parseado - MAC: 02:9B:87:E5:E6:60
2024-12-27 02:40:41,574 - INFO - Buffer #42 procesado - Secuencia: 179, Dispositivos: 1, GPS: Válido
2024-12-27 02:40:48,567 - DEBUG - Cabecera UART encontrada
2024-12-27 02:40:48,569 - DEBUG - Dispositivo 1 parseado - MAC: 02:9B:87:E5:E6:60
2024-12-27 02:40:48,573 - INFO - Buffer #43 procesado - Secuencia: 180, Dispositivos: 1, GPS: Válido
2024-12-27 02:40:55,568 - DEBUG - Cabecera UART encontrada
2024-12-27 02:40:55,571 - DEBUG - Dispositivo 1 parseado - MAC: 02:9B:87:E5:E6:60
2024-12-27 02:40:55,574 - INFO - Buffer #44 procesado - Secuencia: 181, Dispositivos: 1, GPS: Válido
2024-12-27 02:41:02,568 - DEBUG - Cabecera UART encontrada
2024-12-27 02:41:02,570 - DEBUG - Dispositivo 1 parseado - MAC: 02:9B:87:E5:E6:60
2024-12-27 02:41:02,571 - INFO - Buffer #45 procesado - Secuencia: 182, Dispositivos: 1, GPS: Válido
2024-12-27 02:41:09,568 - DEBUG - Cabecera UART encontrada
2024-12-27 02:41:09,571 - DEBUG - Dispositivo 1 parseado - MAC: 02:9B:87:E5:E6:60
2024-12-27 02:41:09,574 - INFO - Buffer #46 procesado - Secuencia: 183, Dispositivos: 1, GPS: Válido
2024-12-27 02:41:16,567 - DEBUG - Cabecera UART encontrada
2024-12-27 02:41:16,571 - DEBUG - Dispositivo 1 parseado - MAC: 02:9B:87:E5:E6:60
2024-12-27 02:41:16,572 - INFO - Buffer #47 procesado - Secuencia: 184, Dispositivos: 1, GPS: Válido
2024-12-27 02:41:23,568 - DEBUG - Cabecera UART encontrada
2024-12-27 02:41:23,571 - DEBUG - Dispositivo 1 parseado - MAC: 02:9B:87:E5:E6:60
2024-12-27 02:41:23,574 - INFO - Buffer #48 procesado - Secuencia: 185, Dispositivos: 1, GPS: Válido
2024-12-27 02:41:30,568 - DEBUG - Cabecera UART encontrada
2024-12-27 02:41:30,571 - DEBUG - Dispositivo 1 parseado - MAC: 02:9B:87:E5:E6:60
2024-12-27 02:41:30,577 - INFO - Buffer #49 procesado - Secuencia: 186, Dispositivos: 1, GPS: Válido
2024-12-27 02:41:37,568 - DEBUG - Cabecera UART encontrada
2024-12-27 02:41:37,570 - DEBUG - Dispositivo 1 parseado - MAC: 02:9B:87:E5:E6:60
2024-12-27 02:41:37,573 - INFO - Buffer #50 procesado - Secuencia: 187, Dispositivos: 1, GPS: Válido
2024-12-27 02:41:44,568 - DEBUG - Cabecera UART encontrada
2024-12-27 02:41:44,570 - DEBUG - Dispositivo 1 parseado - MAC: 02:9B:87:E5:E6:60
2024-12-27 02:41:44,572 - INFO - Buffer #51 procesado - Secuencia: 188, Dispositivos: 1, GPS: Válido
2024-12-27 02:41:51,568 - DEBUG - Cabecera UART encontrada
2024-12-27 02:41:51,571 - DEBUG - Dispositivo 1 parseado - MAC: 02:9B:87:E5:E6:60
2024-12-27 02:41:51,573 - INFO - Buffer #52 procesado - Secuencia: 189, Dispositivos: 1, GPS: Válido
2024-12-27 02:41:58,569 - DEBUG - Cabecera UART encontrada
2024-12-27 02:41:58,571 - DEBUG - Dispositivo 1 parseado - MAC: 02:9B:87:E5:E6:60
2024-12-27 02:41:58,578 - INFO - Buffer #53 procesado - Secuencia: 190, Dispositivos: 1, GPS: Válido
2024-12-27 02:42:05,568 - DEBUG - Cabecera UART encontrada
2024-12-27 02:42:05,572 - DEBUG - Dispositivo 1 parseado - MAC: 02:9B:87:E5:E6:60
2024-12-27 02:42:05,576 - INFO - Buffer #54 procesado - Secuencia: 191, Dispositivos: 1, GPS: Válido
2024-12-27 02:42:12,568 - DEBUG - Cabecera UART encontrada
2024-12-27 02:42:12,570 - DEBUG - Dispositivo 1 parseado - MAC: 02:9B:87:E5:E6:60
2024-12-27 02:42:12,573 - INFO - Buffer #55 procesado - Secuencia: 192, Dispositivos: 1, GPS: Válido
2024-12-27 02:42:19,569 - DEBUG - Cabecera UART encontrada
2024-12-27 02:42:19,571 - DEBUG - Dispositivo 1 parseado - MAC: 02:9B:87:E5:E6:60
2024-12-27 02:42:19,574 - INFO - Buffer #56 procesado - Secuencia: 193, Dispositivos: 1, GPS: Válido
2024-12-27 02:42:26,568 - DEBUG - Cabecera UART encontrada
2024-12-27 02:42:26,571 - DEBUG - Dispositivo 1 parseado - MAC: 02:9B:87:E5:E6:60
2024-12-27 02:42:26,574 - INFO - Buffer #57 procesado - Secuencia: 194, Dispositivos: 1, GPS: Válido
2024-12-27 02:42:33,569 - DEBUG - Cabecera UART encontrada
2024-12-27 02:42:33,571 - DEBUG - Dispositivo 1 parseado - MAC: 02:9B:87:E5:E6:60
2024-12-27 02:42:33,573 - INFO - Buffer #58 procesado - Secuencia: 195, Dispositivos: 1, GPS: Válido
2024-12-27 02:42:40,569 - DEBUG - Cabecera UART encontrada
2024-12-27 02:42:40,571 - DEBUG - Dispositivo 1 parseado - MAC: 02:9B:87:E5:E6:60
2024-12-27 02:42:40,573 - INFO - Buffer #59 procesado - Secuencia: 196, Dispositivos: 1, GPS: Válido
2024-12-27 02:42:47,568 - DEBUG - Cabecera UART encontrada
2024-12-27 02:42:47,571 - DEBUG - Dispositivo 1 parseado - MAC: 02:9B:87:E5:E6:60
2024-12-27 02:42:47,573 - INFO - Buffer #60 procesado - Secuencia: 197, Dispositivos: 1, GPS: Válido
2024-12-27 02:42:54,569 - DEBUG - Cabecera UART encontrada
2024-12-27 02:42:54,571 - DEBUG - Dispositivo 1 parseado - MAC: 02:9B:87:E5:E6:60
2024-12-27 02:42:54,575 - INFO - Buffer #61 procesado - Secuencia: 198, Dispositivos: 1, GPS: Válido
2024-12-27 02:43:01,568 - DEBUG - Cabecera UART encontrada
2024-12-27 02:43:01,572 - DEBUG - Dispositivo 1 parseado - MAC: 02:9B:87:E5:E6:60
2024-12-27 02:43:01,577 - INFO - Buffer #62 procesado - Secuencia: 199, Dispositivos: 1, GPS: Válido
2024-12-27 02:43:08,569 - DEBUG - Cabecera UART encontrada
2024-12-27 02:43:08,572 - DEBUG - Dispositivo 1 parseado - MAC: 02:9B:87:E5:E6:60
2024-12-27 02:43:08,576 - INFO - Buffer #63 procesado - Secuencia: 200, Dispositivos: 1, GPS: Válido
2024-12-27 02:43:15,569 - DEBUG - Cabecera UART encontrada
2024-12-27 02:43:15,571 - DEBUG - Dispositivo 1 parseado - MAC: 02:9B:87:E5:E6:60
2024-12-27 02:43:15,575 - INFO - Buffer #64 procesado - Secuencia: 201, Dispositivos: 1, GPS: Válido
2024-12-27 02:43:22,568 - DEBUG - Cabecera UART encontrada
2024-12-27 02:43:22,572 - DEBUG - Dispositivo 1 parseado - MAC: 02:9B:87:E5:E6:60
2024-12-27 02:43:22,578 - INFO - Buffer #65 procesado - Secuencia: 202, Dispositivos: 1, GPS: Válido
2024-12-27 02:43:29,569 - DEBUG - Cabecera UART encontrada
2024-12-27 02:43:29,572 - DEBUG - Dispositivo 1 parseado - MAC: 02:9B:87:E5:E6:60
2024-12-27 02:43:29,575 - INFO - Buffer #66 procesado - Secuencia: 203, Dispositivos: 1, GPS: Válido
2024-12-27 02:43:36,569 - DEBUG - Cabecera UART encontrada
2024-12-27 02:43:36,572 - DEBUG - Dispositivo 1 parseado - MAC: 02:9B:87:E5:E6:60
2024-12-27 02:43:36,575 - INFO - Buffer #67 procesado - Secuencia: 204, Dispositivos: 1, GPS: Válido
2024-12-27 02:43:43,569 - DEBUG - Cabecera UART encontrada
2024-12-27 02:43:43,571 - DEBUG - Dispositivo 1 parseado - MAC: 02:9B:87:E5:E6:60
2024-12-27 02:43:43,574 - INFO - Buffer #68 procesado - Secuencia: 205, Dispositivos: 1, GPS: Válido
2024-12-27 02:43:50,569 - DEBUG - Cabecera UART encontrada
2024-12-27 02:43:50,572 - DEBUG - Dispositivo 1 parseado - MAC: 02:9B:87:E5:E6:60
2024-12-27 02:43:50,575 - INFO - Buffer #69 procesado - Secuencia: 206, Dispositivos: 1, GPS: Válido
2024-12-27 02:43:57,569 - DEBUG - Cabecera UART encontrada
2024-12-27 02:43:57,572 - DEBUG - Dispositivo 1 parseado - MAC: 02:9B:87:E5:E6:60
2024-12-27 02:43:57,575 - INFO - Buffer #70 procesado - Secuencia: 207, Dispositivos: 1, GPS: Válido
2024-12-27 02:44:04,569 - DEBUG - Cabecera UART encontrada
2024-12-27 02:44:04,573 - DEBUG - Dispositivo 1 parseado - MAC: 02:9B:87:E5:E6:60
2024-12-27 02:44:04,576 - INFO - Buffer #71 procesado - Secuencia: 208, Dispositivos: 1, GPS: Válido
2024-12-27 02:44:11,568 - DEBUG - Cabecera UART encontrada
2024-12-27 02:44:11,572 - DEBUG - Dispositivo 1 parseado - MAC: 02:9B:87:E5:E6:60
2024-12-27 02:44:11,574 - INFO - Buffer #72 procesado - Secuencia: 209, Dispositivos: 1, GPS: Válido
2024-12-27 02:44:18,570 - DEBUG - Cabecera UART encontrada
2024-12-27 02:44:18,572 - DEBUG - Dispositivo 1 parseado - MAC: 02:9B:87:E5:E6:60
2024-12-27 02:44:18,577 - INFO - Buffer #73 procesado - Secuencia: 210, Dispositivos: 1, GPS: Válido
2024-12-27 02:44:25,570 - DEBUG - Cabecera UART encontrada
2024-12-27 02:44:25,572 - DEBUG - Dispositivo 1 parseado - MAC: 02:9B:87:E5:E6:60
2024-12-27 02:44:25,574 - INFO - Buffer #74 procesado - Secuencia: 211, Dispositivos: 1, GPS: Válido
2024-12-27 02:44:32,570 - DEBUG - Cabecera UART encontrada
2024-12-27 02:44:32,572 - DEBUG - Dispositivo 1 parseado - MAC: 02:9B:87:E5:E6:60
2024-12-27 02:44:32,576 - INFO - Buffer #75 procesado - Secuencia: 212, Dispositivos: 1, GPS: Válido
2024-12-27 02:44:39,570 - DEBUG - Cabecera UART encontrada
2024-12-27 02:44:39,573 - DEBUG - Dispositivo 1 parseado - MAC: 02:9B:87:E5:E6:60
2024-12-27 02:44:39,575 - INFO - Buffer #76 procesado - Secuencia: 213, Dispositivos: 1, GPS: Válido
2024-12-27 02:44:46,570 - DEBUG - Cabecera UART encontrada
2024-12-27 02:44:46,572 - DEBUG - Dispositivo 1 parseado - MAC: 02:9B:87:E5:E6:60
2024-12-27 02:44:46,575 - INFO - Buffer #77 procesado - Secuencia: 214, Dispositivos: 1, GPS: Válido
2024-12-27 02:44:53,570 - DEBUG - Cabecera UART encontrada
2024-12-27 02:44:53,572 - DEBUG - Dispositivo 1 parseado - MAC: 02:9B:87:E5:E6:60
2024-12-27 02:44:53,576 - INFO - Buffer #78 procesado - Secuencia: 215, Dispositivos: 1, GPS: Válido
2024-12-27 02:45:00,570 - DEBUG - Cabecera UART encontrada
2024-12-27 02:45:00,572 - DEBUG - Dispositivo 1 parseado - MAC: 02:9B:87:E5:E6:60
2024-12-27 02:45:00,574 - INFO - Buffer #79 procesado - Secuencia: 216, Dispositivos: 1, GPS: Válido
2024-12-27 02:45:07,570 - DEBUG - Cabecera UART encontrada
2024-12-27 02:45:07,572 - DEBUG - Dispositivo 1 parseado - MAC: 02:9B:87:E5:E6:60
2024-12-27 02:45:07,580 - INFO - Buffer #80 procesado - Secuencia: 217, Dispositivos: 1, GPS: Válido
2024-12-27 02:45:14,570 - DEBUG - Cabecera UART encontrada
2024-12-27 02:45:14,573 - DEBUG - Dispositivo 1 parseado - MAC: 02:9B:87:E5:E6:60
2024-12-27 02:45:14,575 - INFO - Buffer #81 procesado - Secuencia: 218, Dispositivos: 1, GPS: Válido
2024-12-27 02:45:21,570 - DEBUG - Cabecera UART encontrada
2024-12-27 02:45:21,573 - DEBUG - Dispositivo 1 parseado - MAC: 02:9B:87:E5:E6:60
2024-12-27 02:45:21,581 - INFO - Buffer #82 procesado - Secuencia: 219, Dispositivos: 1, GPS: Válido
2024-12-27 02:45:28,570 - DEBUG - Cabecera UART encontrada
2024-12-27 02:45:28,573 - DEBUG - Dispositivo 1 parseado - MAC: 02:9B:87:E5:E6:60
2024-12-27 02:45:28,575 - INFO - Buffer #83 procesado - Secuencia: 220, Dispositivos: 1, GPS: Válido
2024-12-27 02:45:35,570 - DEBUG - Cabecera UART encontrada
2024-12-27 02:45:35,573 - DEBUG - Dispositivo 1 parseado - MAC: 02:9B:87:E5:E6:60
2024-12-27 02:45:35,575 - INFO - Buffer #84 procesado - Secuencia: 221, Dispositivos: 1, GPS: Válido
2024-12-27 02:45:42,571 - DEBUG - Cabecera UART encontrada
2024-12-27 02:45:42,573 - DEBUG - Dispositivo 1 parseado - MAC: 02:9B:87:E5:E6:60
2024-12-27 02:45:42,576 - INFO - Buffer #85 procesado - Secuencia: 222, Dispositivos: 1, GPS: Válido
2024-12-27 02:45:49,570 - DEBUG - Cabecera UART encontrada
2024-12-27 02:45:49,573 - DEBUG - Dispositivo 1 parseado - MAC: 02:9B:87:E5:E6:60
2024-12-27 02:45:49,577 - INFO - Buffer #86 procesado - Secuencia: 223, Dispositivos: 1, GPS: Válido
2024-12-27 02:45:56,571 - DEBUG - Cabecera UART encontrada
2024-12-27 02:45:56,574 - DEBUG - Dispositivo 1 parseado - MAC: 02:9B:87:E5:E6:60
2024-12-27 02:45:56,578 - INFO - Buffer #87 procesado - Secuencia: 224, Dispositivos: 1, GPS: Válido
2024-12-27 02:46:03,570 - DEBUG - Cabecera UART encontrada
2024-12-27 02:46:03,574 - DEBUG - Dispositivo 1 parseado - MAC: 02:9B:87:E5:E6:60
2024-12-27 02:46:03,579 - INFO - Buffer #88 procesado - Secuencia: 225, Dispositivos: 1, GPS: Válido
2024-12-27 02:46:10,570 - DEBUG - Cabecera UART encontrada
2024-12-27 02:46:10,573 - DEBUG - Dispositivo 1 parseado - MAC: 02:9B:87:E5:E6:60
2024-12-27 02:46:10,577 - INFO - Buffer #89 procesado - Secuencia: 226, Dispositivos: 1, GPS: Válido
2024-12-27 02:46:17,571 - DEBUG - Cabecera UART encontrada
2024-12-27 02:46:17,573 - DEBUG - Dispositivo 1 parseado - MAC: 02:9B:87:E5:E6:60
2024-12-27 02:46:17,575 - INFO - Buffer #90 procesado - Secuencia: 227, Dispositivos: 1, GPS: Válido
2024-12-27 02:46:24,570 - DEBUG - Cabecera UART encontrada
2024-12-27 02:46:24,573 - DEBUG - Dispositivo 1 parseado - MAC: 02:9B:87:E5:E6:60
2024-12-27 02:46:24,576 - INFO - Buffer #91 procesado - Secuencia: 228, Dispositivos: 1, GPS: Válido
2024-12-27 02:46:31,571 - DEBUG - Cabecera UART encontrada
2024-12-27 02:46:31,574 - DEBUG - Dispositivo 1 parseado - MAC: 02:9B:87:E5:E6:60
2024-12-27 02:46:31,577 - INFO - Buffer #92 procesado - Secuencia: 229, Dispositivos: 1, GPS: Válido
2024-12-27 02:46:38,571 - DEBUG - Cabecera UART encontrada
2024-12-27 02:46:38,573 - DEBUG - Dispositivo 1 parseado - MAC: 02:9B:87:E5:E6:60
2024-12-27 02:46:38,576 - INFO - Buffer #93 procesado - Secuencia: 230, Dispositivos: 1, GPS: Válido
2024-12-27 02:46:45,571 - DEBUG - Cabecera UART encontrada
2024-12-27 02:46:45,574 - DEBUG - Dispositivo 1 parseado - MAC: 02:9B:87:E5:E6:60
2024-12-27 02:46:45,580 - INFO - Buffer #94 procesado - Secuencia: 231, Dispositivos: 1, GPS: Válido
2024-12-27 02:46:52,571 - DEBUG - Cabecera UART encontrada
2024-12-27 02:46:52,574 - DEBUG - Dispositivo 1 parseado - MAC: 02:9B:87:E5:E6:60
2024-12-27 02:46:52,577 - INFO - Buffer #95 procesado - Secuencia: 232, Dispositivos: 1, GPS: Válido
2024-12-27 02:46:59,572 - DEBUG - Cabecera UART encontrada
2024-12-27 02:46:59,574 - DEBUG - Dispositivo 1 parseado - MAC: 02:9B:87:E5:E6:60
2024-12-27 02:46:59,579 - INFO - Buffer #96 procesado - Secuencia: 233, Dispositivos: 1, GPS: Válido
2024-12-27 02:47:06,571 - DEBUG - Cabecera UART encontrada
2024-12-27 02:47:06,573 - DEBUG - Dispositivo 1 parseado - MAC: 02:9B:87:E5:E6:60
2024-12-27 02:47:06,576 - INFO - Buffer #97 procesado - Secuencia: 234, Dispositivos: 1, GPS: Válido
2024-12-27 02:47:13,571 - DEBUG - Cabecera UART encontrada
2024-12-27 02:47:13,575 - DEBUG - Dispositivo 1 parseado - MAC: 02:9B:87:E5:E6:60
2024-12-27 02:47:13,577 - INFO - Buffer #98 procesado - Secuencia: 235, Dispositivos: 1, GPS: Válido
2024-12-27 02:47:20,571 - DEBUG - Cabecera UART encontrada
2024-12-27 02:47:20,574 - DEBUG - Dispositivo 1 parseado - MAC: 02:9B:87:E5:E6:60
2024-12-27 02:47:20,577 - INFO - Buffer #99 procesado - Secuencia: 236, Dispositivos: 1, GPS: Válido
2024-12-27 02:47:27,571 - DEBUG - Cabecera UART encontrada
2024-12-27 02:47:27,574 - DEBUG - Dispositivo 1 parseado - MAC: 02:9B:87:E5:E6:60
2024-12-27 02:47:27,580 - INFO - Buffer #100 procesado - Secuencia: 237, Dispositivos: 1, GPS: Válido
2024-12-27 02:47:34,572 - DEBUG - Cabecera UART encontrada
2024-12-27 02:47:34,574 - DEBUG - Dispositivo 1 parseado - MAC: 02:9B:87:E5:E6:60
2024-12-27 02:47:34,580 - INFO - Buffer #101 procesado - Secuencia: 238, Dispositivos: 1, GPS: Válido
2024-12-27 02:47:41,572 - DEBUG - Cabecera UART encontrada
2024-12-27 02:47:41,574 - DEBUG - Dispositivo 1 parseado - MAC: 02:9B:87:E5:E6:60
2024-12-27 02:47:41,577 - INFO - Buffer #102 procesado - Secuencia: 239, Dispositivos: 1, GPS: Válido
2024-12-27 02:47:48,572 - DEBUG - Cabecera UART encontrada
2024-12-27 02:47:48,575 - DEBUG - Dispositivo 1 parseado - MAC: 02:9B:87:E5:E6:60
2024-12-27 02:47:48,577 - INFO - Buffer #103 procesado - Secuencia: 240, Dispositivos: 1, GPS: Válido
2024-12-27 02:47:55,572 - DEBUG - Cabecera UART encontrada
2024-12-27 02:47:55,575 - DEBUG - Dispositivo 1 parseado - MAC: 02:9B:87:E5:E6:60
2024-12-27 02:47:55,579 - INFO - Buffer #104 procesado - Secuencia: 241, Dispositivos: 1, GPS: Válido
2024-12-27 02:48:02,571 - DEBUG - Cabecera UART encontrada
2024-12-27 02:48:02,574 - DEBUG - Dispositivo 1 parseado - MAC: 02:9B:87:E5:E6:60
2024-12-27 02:48:02,576 - INFO - Buffer #105 procesado - Secuencia: 242, Dispositivos: 1, GPS: Válido
2024-12-27 02:48:09,571 - DEBUG - Cabecera UART encontrada
2024-12-27 02:48:16,572 - DEBUG - Cabecera UART encontrada
2024-12-27 02:48:23,571 - DEBUG - Cabecera UART encontrada
2024-12-27 02:48:30,572 - DEBUG - Cabecera UART encontrada
2024-12-27 02:48:37,571 - DEBUG - Cabecera UART encontrada
2024-12-27 02:48:44,571 - DEBUG - Cabecera UART encontrada
2024-12-27 02:48:51,572 - DEBUG - Cabecera UART encontrada
2024-12-27 02:48:58,572 - DEBUG - Cabecera UART encontrada
2024-12-27 02:49:05,572 - DEBUG - Cabecera UART encontrada
2024-12-27 02:49:12,572 - DEBUG - Cabecera UART encontrada
2024-12-27 02:49:19,572 - DEBUG - Cabecera UART encontrada
2024-12-27 02:49:26,572 - DEBUG - Cabecera UART encontrada
2024-12-27 02:49:33,572 - DEBUG - Cabecera UART encontrada
2024-12-27 02:49:40,572 - DEBUG - Cabecera UART encontrada
2024-12-27 02:49:47,572 - DEBUG - Cabecera UART encontrada
2024-12-27 02:49:54,573 - DEBUG - Cabecera UART encontrada
2024-12-27 02:50:01,572 - DEBUG - Cabecera UART encontrada
2024-12-27 02:50:08,573 - DEBUG - Cabecera UART encontrada
2024-12-27 02:50:15,573 - DEBUG - Cabecera UART encontrada
2024-12-27 02:50:22,572 - DEBUG - Cabecera UART encontrada
2024-12-27 02:50:29,573 - DEBUG - Cabecera UART encontrada
2024-12-27 02:50:36,573 - DEBUG - Cabecera UART encontrada
2024-12-27 02:50:43,573 - DEBUG - Cabecera UART encontrada
2024-12-27 02:50:50,573 - INFO - Recepción interrumpida por el usuario
2024-12-27 02:50:50,573 - INFO - Total de buffers procesados: 105
2024-12-27 02:50:50,577 - INFO - Conexión GPS cerrada
2024-12-27 02:50:50,578 - INFO - Conexión MongoDB cerrada
