2024-12-27 15:44:33,114 - INFO - Iniciando rastreador combinado GPS + BLE
2024-12-27 15:44:33,125 - INFO - GPS conectado en COM29
2024-12-27 15:44:33,126 - INFO - Iniciando captura por 10 segundos
2024-12-27 15:44:33,126 - INFO - === Iniciando recepción de buffers combinados ===
2024-12-27 15:44:36,926 - INFO - 
├─ Secuencia: #89
├─ Dispositivos: 14 (33:4A:AD:EC:5C:52(RSSI:-69dB), DB:87:C0:9F:B8:EE(RSSI:-66dB), C5:BB:10:3B:FA:E3(RSSI:-53dB), ... +11 más)
├─ Anuncios raw: 138
└─ GPS: ✓
   └─ Pos: 37.671097, -0.950456 (21.60 knots)
2024-12-27 15:44:43,981 - INFO - 
├─ Secuencia: #90
├─ Dispositivos: 29 (78:EF:B8:29:47:50(RSSI:-87dB), 5D:AD:ED:74:B3:C5(RSSI:-86dB), 33:4A:AD:EC:5C:52(RSSI:-69dB), ... +26 más)
├─ Anuncios raw: 217
└─ GPS: ✓
   └─ Pos: 37.671097, -0.950456 (21.60 knots)
2024-12-27 15:44:44,016 - INFO - Tiempo de ejecución (10s) completado
2024-12-27 15:44:44,016 - INFO - Total de buffers procesados: 2
2024-12-27 15:44:44,023 - INFO - Conexión GPS cerrada
2024-12-27 15:44:44,026 - INFO - Conexión MongoDB cerrada
