2024-12-27 15:38:35,043 - INFO - Iniciando rastreador combinado GPS + BLE
2024-12-27 15:38:35,054 - INFO - GPS conectado en COM29
2024-12-27 15:38:35,054 - INFO - Iniciando captura por 10 segundos
2024-12-27 15:38:35,055 - INFO - === Iniciando recepción de buffers combinados ===
2024-12-27 15:38:39,945 - INFO - 
├─ Secuencia: #38
├─ Dispositivos: 20 (3C:96:A1:95:01:38(RSSI:-91dB), 5B:98:A1:95:01:38(RSSI:-88dB), 33:4A:AD:EC:5C:52(RSSI:-66dB), ... +17 más)
├─ Anuncios raw: 127
└─ GPS: ✓
   └─ Pos: 37.625594, -0.964661 (25.68 knots)
2024-12-27 15:38:46,937 - INFO - 
├─ Secuencia: #39
├─ Dispositivos: 19 (33:4A:AD:EC:5C:52(RSSI:-69dB), 27:44:A9:40:81:52(RSSI:-88dB), 49:83:99:92:CA:06(RSSI:-86dB), ... +16 más)
├─ Anuncios raw: 214
└─ GPS: ✓
   └─ Pos: 37.625594, -0.964661 (25.68 knots)
2024-12-27 15:38:46,973 - INFO - Tiempo de ejecución (10s) completado
2024-12-27 15:38:46,973 - INFO - Total de buffers procesados: 2
2024-12-27 15:38:46,980 - INFO - Conexión GPS cerrada
2024-12-27 15:38:46,983 - INFO - Conexión MongoDB cerrada
