2025-01-02 08:04:52,151 - INFO - Iniciando rastreador combinado GPS + BLE
2025-01-02 08:04:52,166 - INFO - GPS conectado en COM29
2025-01-02 08:04:52,167 - INFO - Iniciando captura por 10 segundos
2025-01-02 08:04:52,167 - INFO - === Iniciando recepción de buffers combinados ===
2025-01-02 08:04:56,933 - INFO - 
├─ Secuencia: #22
├─ Dispositivos: 5 (81:50:40:BF:39:42(RSSI:-60dB), D7:F2:1B:A8:00:4D(RSSI:-84dB), BA:E9:D2:C1:11:74(RSSI:-67dB), ... +2 más)
├─ Anuncios raw: 39
└─ GPS: ✓
   └─ Pos: 37.692328, -0.966968 (10.37 knots)
2025-01-02 08:05:03,941 - INFO - 
├─ Secuencia: #23
├─ Dispositivos: 7 (81:50:40:BF:39:42(RSSI:-64dB), B6:88:5D:75:9F:E5(RSSI:-86dB), D7:F2:1B:A8:00:4D(RSSI:-88dB), ... +4 más)
├─ Anuncios raw: 40
└─ GPS: ✓
   └─ Pos: 37.692186, -0.966776 (17.22 knots)
2025-01-02 08:05:03,981 - INFO - Tiempo de ejecución (10s) completado
2025-01-02 08:05:03,981 - INFO - Total de buffers procesados: 2
2025-01-02 08:05:03,987 - INFO - Conexión GPS cerrada
2025-01-02 08:05:03,988 - INFO - Conexión MongoDB cerrada
