2025-01-02 08:10:28,148 - INFO - Iniciando rastreador combinado GPS + BLE
2025-01-02 08:10:28,162 - INFO - GPS conectado en COM29
2025-01-02 08:10:28,163 - INFO - Iniciando captura por 10 segundos
2025-01-02 08:10:28,164 - INFO - === Iniciando recepción de buffers combinados ===
2025-01-02 08:10:32,967 - INFO - 
├─ Secuencia: #70
├─ Dispositivos: 13 (39:11:66:2F:E9:BC(RSSI:-93dB), 8D:45:F4:F3:0F:BE(RSSI:-87dB), 3B:32:6F:0D:C3:7C(RSSI:-87dB), ... +10 más)
├─ Anuncios raw: 136
└─ GPS: ✓
   └─ Pos: 37.682959, -0.947578 (45.70 knots)
2025-01-02 08:10:39,959 - INFO - 
├─ Secuencia: #71
├─ Dispositivos: 8 (D2:06:3F:C9:74:D5(RSSI:-60dB), 81:50:40:BF:39:42(RSSI:-67dB), 4E:98:5D:A1:15:1F(RSSI:-92dB), ... +5 más)
├─ Anuncios raw: 124
└─ GPS: ✓
   └─ Pos: 37.682682, -0.946865 (44.98 knots)
2025-01-02 08:10:39,985 - INFO - Tiempo de ejecución (10s) completado
2025-01-02 08:10:39,986 - INFO - Total de buffers procesados: 2
2025-01-02 08:10:39,992 - INFO - Conexión GPS cerrada
2025-01-02 08:10:39,993 - INFO - Conexión MongoDB cerrada
