2025-01-02 08:11:24,417 - INFO - Iniciando rastreador combinado GPS + BLE
2025-01-02 08:11:24,430 - INFO - GPS conectado en COM29
2025-01-02 08:11:24,430 - INFO - Iniciando captura por 10 segundos
2025-01-02 08:11:24,432 - INFO - === Iniciando recepción de buffers combinados ===
2025-01-02 08:11:28,946 - INFO - 
├─ Secuencia: #78
├─ Dispositivos: 7 (D2:06:3F:C9:74:D5(RSSI:-47dB), 81:50:40:BF:39:42(RSSI:-71dB), FC:1F:6C:6E:4A:5D(RSSI:-54dB), ... +4 más)
├─ Anuncios raw: 128
└─ GPS: ✓
   └─ Pos: 37.682245, -0.941146 (30.96 knots)
2025-01-02 08:11:35,947 - INFO - 
├─ Secuencia: #79
├─ Dispositivos: 7 (D2:06:3F:C9:74:D5(RSSI:-69dB), 81:50:40:BF:39:42(RSSI:-74dB), FC:1F:6C:6E:4A:5D(RSSI:-52dB), ... +4 más)
├─ Anuncios raw: 123
└─ GPS: ✓
   └─ Pos: 37.682617, -0.940865 (32.19 knots)
2025-01-02 08:11:35,961 - INFO - Tiempo de ejecución (10s) completado
2025-01-02 08:11:35,961 - INFO - Total de buffers procesados: 2
2025-01-02 08:11:35,967 - INFO - Conexión GPS cerrada
2025-01-02 08:11:35,970 - INFO - Conexión MongoDB cerrada
