2025-01-02 08:09:18,240 - INFO - Iniciando rastreador combinado GPS + BLE
2025-01-02 08:09:18,251 - INFO - GPS conectado en COM29
2025-01-02 08:09:18,252 - INFO - Iniciando captura por 10 segundos
2025-01-02 08:09:18,253 - INFO - === Iniciando recepción de buffers combinados ===
2025-01-02 08:09:22,991 - INFO - 
├─ Secuencia: #60
├─ Dispositivos: 22 (FC:F9:0D:C1:9E:40(RSSI:-87dB), AB:DE:D3:79:BD:54(RSSI:-82dB), F4:96:3B:AF:E7:6C(RSSI:-88dB), ... +19 más)
├─ Anuncios raw: 332
└─ GPS: ✓
   └─ Pos: 37.686875, -0.957594 (8.18 knots)
2025-01-02 08:09:29,997 - INFO - 
├─ Secuencia: #61
├─ Dispositivos: 21 (FC:F9:0D:C1:9E:40(RSSI:-83dB), 75:C8:99:13:0D:6D(RSSI:-86dB), AB:DE:D3:79:BD:54(RSSI:-90dB), ... +18 más)
├─ Anuncios raw: 201
└─ GPS: ✓
   └─ Pos: 37.686810, -0.957413 (13.75 knots)
2025-01-02 08:09:30,038 - INFO - Tiempo de ejecución (10s) completado
2025-01-02 08:09:30,038 - INFO - Total de buffers procesados: 2
2025-01-02 08:09:30,044 - INFO - Conexión GPS cerrada
2025-01-02 08:09:30,045 - INFO - Conexión MongoDB cerrada
