2025-01-02 08:06:16,037 - INFO - Iniciando rastreador combinado GPS + BLE
2025-01-02 08:06:16,049 - INFO - GPS conectado en COM29
2025-01-02 08:06:16,049 - INFO - Iniciando captura por 10 segundos
2025-01-02 08:06:16,050 - INFO - === Iniciando recepción de buffers combinados ===
2025-01-02 08:06:20,962 - INFO - 
├─ Secuencia: #34
├─ Dispositivos: 12 (D2:06:3F:C9:74:D5(RSSI:-73dB), 81:50:40:BF:39:42(RSSI:-58dB), B0:B9:19:51:A1:DA(RSSI:-88dB), ... +9 más)
├─ Anuncios raw: 144
└─ GPS: ✓
   └─ Pos: 37.689473, -0.963326 (0.02 knots)
2025-01-02 08:06:27,956 - INFO - 
├─ Secuencia: #35
├─ Dispositivos: 10 (D2:06:3F:C9:74:D5(RSSI:-77dB), 81:50:40:BF:39:42(RSSI:-70dB), D7:F2:1B:A8:00:4D(RSSI:-73dB), ... +7 más)
├─ Anuncios raw: 152
└─ GPS: ✓
   └─ Pos: 37.689473, -0.963325 (0.03 knots)
2025-01-02 08:06:27,972 - INFO - Tiempo de ejecución (10s) completado
2025-01-02 08:06:27,972 - INFO - Total de buffers procesados: 2
2025-01-02 08:06:27,978 - INFO - Conexión GPS cerrada
2025-01-02 08:06:27,980 - INFO - Conexión MongoDB cerrada
