2025-01-02 08:08:36,022 - INFO - Iniciando rastreador combinado GPS + BLE
2025-01-02 08:08:36,037 - INFO - GPS conectado en COM29
2025-01-02 08:08:36,038 - INFO - Iniciando captura por 10 segundos
2025-01-02 08:08:36,040 - INFO - === Iniciando recepción de buffers combinados ===
2025-01-02 08:08:41,011 - INFO - 
├─ Secuencia: #54
├─ Dispositivos: 26 (8F:A4:91:5B:45:BC(RSSI:-87dB), 00:88:15:DB:1B:6E(RSSI:-86dB), 1E:AF:69:B4:65:F3(RSSI:-86dB), ... +23 más)
├─ Anuncios raw: 294
└─ GPS: ✓
   └─ Pos: 37.687413, -0.958969 (13.44 knots)
2025-01-02 08:08:48,031 - INFO - 
├─ Secuencia: #55
├─ Dispositivos: 26 (AB:DE:D3:79:BD:54(RSSI:-86dB), D2:06:3F:C9:74:D5(RSSI:-61dB), C3:8D:F5:8B:7E:BC(RSSI:-83dB), ... +23 más)
├─ Anuncios raw: 350
└─ GPS: ✓
   └─ Pos: 37.687314, -0.958725 (17.86 knots)
2025-01-02 08:08:48,074 - INFO - Tiempo de ejecución (10s) completado
2025-01-02 08:08:48,075 - INFO - Total de buffers procesados: 2
2025-01-02 08:08:48,081 - INFO - Conexión GPS cerrada
2025-01-02 08:08:48,082 - INFO - Conexión MongoDB cerrada
