2025-01-02 08:07:40,037 - INFO - Iniciando rastreador combinado GPS + BLE
2025-01-02 08:07:40,049 - INFO - GPS conectado en COM29
2025-01-02 08:07:40,050 - INFO - Iniciando captura por 10 segundos
2025-01-02 08:07:40,050 - INFO - === Iniciando recepción de buffers combinados ===
2025-01-02 08:07:44,949 - INFO - 
├─ Secuencia: #46
├─ Dispositivos: 9 (D2:06:3F:C9:74:D5(RSSI:-45dB), 81:50:40:BF:39:42(RSSI:-74dB), 77:5E:B4:E9:23:3F(RSSI:-88dB), ... +6 más)
├─ Anuncios raw: 169
└─ GPS: ✓
   └─ Pos: 37.689266, -0.963161 (0.01 knots)
2025-01-02 08:07:51,969 - INFO - 
├─ Secuencia: #47
├─ Dispositivos: 14 (D2:06:3F:C9:74:D5(RSSI:-45dB), 81:50:40:BF:39:42(RSSI:-73dB), 77:5E:B4:E9:23:3F(RSSI:-89dB), ... +11 más)
├─ Anuncios raw: 172
└─ GPS: ✓
   └─ Pos: 37.689270, -0.963161 (0.04 knots)
2025-01-02 08:07:52,008 - INFO - Tiempo de ejecución (10s) completado
2025-01-02 08:07:52,009 - INFO - Total de buffers procesados: 2
2025-01-02 08:07:52,014 - INFO - Conexión GPS cerrada
2025-01-02 08:07:52,016 - INFO - Conexión MongoDB cerrada
