2025-01-02 08:07:12,265 - INFO - Iniciando rastreador combinado GPS + BLE
2025-01-02 08:07:12,278 - INFO - GPS conectado en COM29
2025-01-02 08:07:12,279 - INFO - Iniciando captura por 10 segundos
2025-01-02 08:07:12,279 - INFO - === Iniciando recepción de buffers combinados ===
2025-01-02 08:07:16,934 - INFO - 
├─ Secuencia: #42
├─ Dispositivos: 7 (D2:06:3F:C9:74:D5(RSSI:-54dB), 81:50:40:BF:39:42(RSSI:-61dB), BA:E9:D2:C1:11:74(RSSI:-60dB), ... +4 más)
├─ Anuncios raw: 111
└─ GPS: ✓
   └─ Pos: 37.689445, -0.963313 (0.14 knots)
2025-01-02 08:07:23,947 - INFO - 
├─ Secuencia: #43
├─ Dispositivos: 8 (D2:06:3F:C9:74:D5(RSSI:-49dB), 81:50:40:BF:39:42(RSSI:-63dB), BA:E9:D2:C1:11:74(RSSI:-70dB), ... +5 más)
├─ Anuncios raw: 118
└─ GPS: ✓
   └─ Pos: 37.689443, -0.963313 (0.03 knots)
2025-01-02 08:07:23,985 - INFO - Tiempo de ejecución (10s) completado
2025-01-02 08:07:23,985 - INFO - Total de buffers procesados: 2
2025-01-02 08:07:23,991 - INFO - Conexión GPS cerrada
2025-01-02 08:07:23,992 - INFO - Conexión MongoDB cerrada
