2025-01-02 08:06:44,106 - INFO - Iniciando rastreador combinado GPS + BLE
2025-01-02 08:06:44,117 - INFO - GPS conectado en COM29
2025-01-02 08:06:44,118 - INFO - Iniciando captura por 10 segundos
2025-01-02 08:06:44,118 - INFO - === Iniciando recepción de buffers combinados ===
2025-01-02 08:06:48,941 - INFO - 
├─ Secuencia: #38
├─ Dispositivos: 7 (D2:06:3F:C9:74:D5(RSSI:-70dB), 81:50:40:BF:39:42(RSSI:-67dB), D7:F2:1B:A8:00:4D(RSSI:-87dB), ... +4 más)
├─ Anuncios raw: 106
└─ GPS: ✓
   └─ Pos: 37.689461, -0.963322 (0.05 knots)
2025-01-02 08:06:55,949 - INFO - 
├─ Secuencia: #39
├─ Dispositivos: 9 (D2:06:3F:C9:74:D5(RSSI:-71dB), 81:50:40:BF:39:42(RSSI:-67dB), D7:F2:1B:A8:00:4D(RSSI:-85dB), ... +6 más)
├─ Anuncios raw: 109
└─ GPS: ✓
   └─ Pos: 37.689460, -0.963322 (0.06 knots)
2025-01-02 08:06:55,961 - INFO - Tiempo de ejecución (10s) completado
2025-01-02 08:06:55,961 - INFO - Total de buffers procesados: 2
2025-01-02 08:06:55,967 - INFO - Conexión GPS cerrada
2025-01-02 08:06:55,968 - INFO - Conexión MongoDB cerrada
