2025-01-02 08:11:38,390 - INFO - Iniciando rastreador combinado GPS + BLE
2025-01-02 08:11:38,403 - INFO - GPS conectado en COM29
2025-01-02 08:11:38,404 - INFO - Iniciando captura por 10 segundos
2025-01-02 08:11:38,405 - INFO - === Iniciando recepción de buffers combinados ===
2025-01-02 08:11:42,954 - INFO - 
├─ Secuencia: #80
├─ Dispositivos: 9 (D2:06:3F:C9:74:D5(RSSI:-53dB), 81:50:40:BF:39:42(RSSI:-65dB), BA:E9:D2:C1:11:74(RSSI:-69dB), ... +6 más)
├─ Anuncios raw: 142
└─ GPS: ✓
   └─ Pos: 37.684277, -0.939671 (40.79 knots)
2025-01-02 08:11:49,955 - INFO - 
├─ Secuencia: #81
├─ Dispositivos: 9 (D2:06:3F:C9:74:D5(RSSI:-51dB), 81:50:40:BF:39:42(RSSI:-69dB), BA:E9:D2:C1:11:74(RSSI:-66dB), ... +6 más)
├─ Anuncios raw: 136
└─ GPS: ✓
   └─ Pos: 37.684784, -0.939312 (42.68 knots)
2025-01-02 08:11:49,995 - INFO - Tiempo de ejecución (10s) completado
2025-01-02 08:11:49,995 - INFO - Total de buffers procesados: 2
2025-01-02 08:11:50,002 - INFO - Conexión GPS cerrada
2025-01-02 08:11:50,003 - INFO - Conexión MongoDB cerrada
