2025-01-02 08:09:32,146 - INFO - Iniciando rastreador combinado GPS + BLE
2025-01-02 08:09:32,157 - INFO - GPS conectado en COM29
2025-01-02 08:09:32,158 - INFO - Iniciando captura por 10 segundos
2025-01-02 08:09:32,159 - INFO - === Iniciando recepción de buffers combinados ===
2025-01-02 08:09:36,947 - INFO - 
├─ Secuencia: #62
├─ Dispositivos: 8 (D2:06:3F:C9:74:D5(RSSI:-52dB), 81:50:40:BF:39:42(RSSI:-72dB), FC:1F:6C:6E:4A:5D(RSSI:-44dB), ... +5 más)
├─ Anuncios raw: 125
└─ GPS: ✓
   └─ Pos: 37.686357, -0.956249 (26.56 knots)
2025-01-02 08:09:43,967 - INFO - 
├─ Secuencia: #63
├─ Dispositivos: 12 (4C:65:23:C7:90:35(RSSI:-89dB), D2:06:3F:C9:74:D5(RSSI:-58dB), 81:50:40:BF:39:42(RSSI:-79dB), ... +9 más)
├─ Anuncios raw: 137
└─ GPS: ✓
   └─ Pos: 37.686163, -0.955811 (30.62 knots)
2025-01-02 08:09:43,984 - INFO - Tiempo de ejecución (10s) completado
2025-01-02 08:09:43,984 - INFO - Total de buffers procesados: 2
2025-01-02 08:09:43,991 - INFO - Conexión GPS cerrada
2025-01-02 08:09:43,994 - INFO - Conexión MongoDB cerrada
