2025-01-02 08:11:09,918 - INFO - Iniciando rastreador combinado GPS + BLE
2025-01-02 08:11:09,930 - INFO - GPS conectado en COM29
2025-01-02 08:11:09,931 - INFO - Iniciando captura por 10 segundos
2025-01-02 08:11:09,931 - INFO - === Iniciando recepción de buffers combinados ===
2025-01-02 08:11:14,963 - INFO - 
├─ Secuencia: #76
├─ Dispositivos: 7 (D2:06:3F:C9:74:D5(RSSI:-57dB), 81:50:40:BF:39:42(RSSI:-70dB), FC:1F:6C:6E:4A:5D(RSSI:-54dB), ... +4 más)
├─ Anuncios raw: 121
└─ GPS: ✓
   └─ Pos: 37.680814, -0.941938 (15.60 knots)
2025-01-02 08:11:21,948 - INFO - 
├─ Secuencia: #77
├─ Dispositivos: 7 (D2:06:3F:C9:74:D5(RSSI:-60dB), 81:50:40:BF:39:42(RSSI:-70dB), FC:1F:6C:6E:4A:5D(RSSI:-50dB), ... +4 más)
├─ Anuncios raw: 124
└─ GPS: ✓
   └─ Pos: 37.681044, -0.941941 (17.98 knots)
2025-01-02 08:11:21,990 - INFO - Tiempo de ejecución (10s) completado
2025-01-02 08:11:21,991 - INFO - Total de buffers procesados: 2
2025-01-02 08:11:21,997 - INFO - Conexión GPS cerrada
2025-01-02 08:11:21,999 - INFO - Conexión MongoDB cerrada
