2025-01-02 08:08:50,436 - INFO - Iniciando rastreador combinado GPS + BLE
2025-01-02 08:08:50,450 - INFO - GPS conectado en COM29
2025-01-02 08:08:50,450 - INFO - Iniciando captura por 10 segundos
2025-01-02 08:08:50,451 - INFO - === Iniciando recepción de buffers combinados ===
2025-01-02 08:08:54,977 - INFO - 
├─ Secuencia: #56
├─ Dispositivos: 16 (AB:DE:D3:79:BD:54(RSSI:-87dB), D2:06:3F:C9:74:D5(RSSI:-51dB), 81:50:40:BF:39:42(RSSI:-66dB), ... +13 más)
├─ Anuncios raw: 289
└─ GPS: ✓
   └─ Pos: 37.686948, -0.957804 (3.33 knots)
2025-01-02 08:09:01,977 - INFO - 
├─ Secuencia: #57
├─ Dispositivos: 16 (FC:F9:0D:C1:9E:40(RSSI:-92dB), AB:DE:D3:79:BD:54(RSSI:-87dB), D2:06:3F:C9:74:D5(RSSI:-50dB), ... +13 más)
├─ Anuncios raw: 278
└─ GPS: ✓
   └─ Pos: 37.686944, -0.957790 (0.04 knots)
2025-01-02 08:09:02,016 - INFO - Tiempo de ejecución (10s) completado
2025-01-02 08:09:02,017 - INFO - Total de buffers procesados: 2
2025-01-02 08:09:02,022 - INFO - Conexión GPS cerrada
2025-01-02 08:09:02,024 - INFO - Conexión MongoDB cerrada
