2025-01-02 08:08:22,024 - INFO - Iniciando rastreador combinado GPS + BLE
2025-01-02 08:08:22,038 - INFO - GPS conectado en COM29
2025-01-02 08:08:22,039 - INFO - Iniciando captura por 10 segundos
2025-01-02 08:08:22,039 - INFO - === Iniciando recepción de buffers combinados ===
2025-01-02 08:08:26,943 - INFO - 
├─ Secuencia: #52
├─ Dispositivos: 7 (D2:06:3F:C9:74:D5(RSSI:-47dB), 81:50:40:BF:39:42(RSSI:-63dB), D1:48:ED:03:18:C0(RSSI:-89dB), ... +4 más)
├─ Anuncios raw: 119
└─ GPS: ✓
   └─ Pos: 37.688001, -0.960508 (26.64 knots)
2025-01-02 08:08:33,975 - INFO - 
├─ Secuencia: #53
├─ Dispositivos: 15 (87:B3:F3:F9:85:F5(RSSI:-80dB), D2:06:3F:C9:74:D5(RSSI:-48dB), 81:50:40:BF:39:42(RSSI:-69dB), ... +12 más)
├─ Anuncios raw: 187
└─ GPS: ✓
   └─ Pos: 37.687841, -0.960092 (25.88 knots)
2025-01-02 08:08:34,016 - INFO - Tiempo de ejecución (10s) completado
2025-01-02 08:08:34,017 - INFO - Total de buffers procesados: 2
2025-01-02 08:08:34,023 - INFO - Conexión GPS cerrada
2025-01-02 08:08:34,024 - INFO - Conexión MongoDB cerrada
