2025-01-02 08:10:55,954 - INFO - Iniciando rastreador combinado GPS + BLE
2025-01-02 08:10:55,967 - INFO - GPS conectado en COM29
2025-01-02 08:10:55,968 - INFO - Iniciando captura por 10 segundos
2025-01-02 08:10:55,969 - INFO - === Iniciando recepción de buffers combinados ===
2025-01-02 08:11:00,954 - INFO - 
├─ Secuencia: #74
├─ Dispositivos: 9 (8D:5D:AF:F1:A6:D3(RSSI:-89dB), D2:06:3F:C9:74:D5(RSSI:-63dB), 81:50:40:BF:39:42(RSSI:-71dB), ... +6 más)
├─ Anuncios raw: 119
└─ GPS: ✓
   └─ Pos: 37.681011, -0.942678 (9.99 knots)
2025-01-02 08:11:07,948 - INFO - 
├─ Secuencia: #75
├─ Dispositivos: 7 (D2:06:3F:C9:74:D5(RSSI:-50dB), 81:50:40:BF:39:42(RSSI:-70dB), FC:1F:6C:6E:4A:5D(RSSI:-61dB), ... +4 más)
├─ Anuncios raw: 125
└─ GPS: ✓
   └─ Pos: 37.680890, -0.942570 (12.09 knots)
2025-01-02 08:11:07,961 - INFO - Tiempo de ejecución (10s) completado
2025-01-02 08:11:07,961 - INFO - Total de buffers procesados: 2
2025-01-02 08:11:07,967 - INFO - Conexión GPS cerrada
2025-01-02 08:11:07,968 - INFO - Conexión MongoDB cerrada
