2025-01-02 08:04:33,235 - INFO - Iniciando rastreador combinado GPS + BLE
2025-01-02 08:04:33,248 - INFO - GPS conectado en COM29
2025-01-02 08:04:33,249 - INFO - Iniciando captura por 10 segundos
2025-01-02 08:04:33,250 - INFO - === Iniciando recepción de buffers combinados ===
2025-01-02 08:04:35,958 - INFO - 
├─ Secuencia: #19
├─ Dispositivos: 14 (18:59:FD:C6:BA:76(RSSI:-81dB), 81:50:40:BF:39:42(RSSI:-72dB), 32:8E:C6:0D:06:B8(RSSI:-84dB), ... +11 más)
├─ Anuncios raw: 70
└─ GPS: ✓
   └─ Pos: 37.694030, -0.969163 (37.70 knots)
2025-01-02 08:04:42,951 - INFO - 
├─ Secuencia: #20
├─ Dispositivos: 9 (18:59:FD:C6:BA:76(RSSI:-83dB), 81:50:40:BF:39:42(RSSI:-73dB), C0:0A:D0:AE:FC:51(RSSI:-85dB), ... +6 más)
├─ Anuncios raw: 78
└─ GPS: ✓
   └─ Pos: 37.693628, -0.968744 (38.18 knots)
2025-01-02 08:04:49,948 - INFO - 
├─ Secuencia: #21
├─ Dispositivos: 9 (57:3E:DF:FB:82:D0(RSSI:-82dB), AC:1D:E7:50:E1:67(RSSI:-88dB), 81:50:40:BF:39:42(RSSI:-60dB), ... +6 más)
├─ Anuncios raw: 134
└─ GPS: ✓
   └─ Pos: 37.693247, -0.968257 (39.34 knots)
2025-01-02 08:04:49,961 - INFO - Tiempo de ejecución (10s) completado
2025-01-02 08:04:49,961 - INFO - Total de buffers procesados: 3
2025-01-02 08:04:49,967 - INFO - Conexión GPS cerrada
2025-01-02 08:04:49,968 - INFO - Conexión MongoDB cerrada
