2025-01-02 08:10:42,498 - INFO - Iniciando rastreador combinado GPS + BLE
2025-01-02 08:10:42,514 - INFO - GPS conectado en COM29
2025-01-02 08:10:42,515 - INFO - Iniciando captura por 10 segundos
2025-01-02 08:10:42,516 - INFO - === Iniciando recepción de buffers combinados ===
2025-01-02 08:10:46,949 - INFO - 
├─ Secuencia: #72
├─ Dispositivos: 7 (D2:06:3F:C9:74:D5(RSSI:-61dB), 81:50:40:BF:39:42(RSSI:-73dB), FC:1F:6C:6E:4A:5D(RSSI:-61dB), ... +4 más)
├─ Anuncios raw: 115
└─ GPS: ✓
   └─ Pos: 37.681663, -0.944262 (36.39 knots)
2025-01-02 08:10:53,950 - INFO - 
├─ Secuencia: #73
├─ Dispositivos: 8 (D2:06:3F:C9:74:D5(RSSI:-63dB), 81:50:40:BF:39:42(RSSI:-69dB), D5:BC:3F:57:9E:D6(RSSI:-90dB), ... +5 más)
├─ Anuncios raw: 120
└─ GPS: ✓
   └─ Pos: 37.681458, -0.943729 (31.66 knots)
2025-01-02 08:10:53,992 - INFO - Tiempo de ejecución (10s) completado
2025-01-02 08:10:53,992 - INFO - Total de buffers procesados: 2
2025-01-02 08:10:53,998 - INFO - Conexión GPS cerrada
2025-01-02 08:10:54,001 - INFO - Conexión MongoDB cerrada
